

Starting up. 03:52.48
---------------------
[03:54:16]ATTACK: giant rad scorpion (182) attacked Default Cyborg-644  (NEWHP: 100)(40,159,1)
[03:54:19]ATTACK: giant rad scorpion (182) attacked Default Cyborg-644  (NEWHP: 82)(40,159,1)
[03:54:21]ATTACK: giant rad scorpion (182) attacked Default Cyborg-644  (NEWHP: 67)(40,159,1)
[03:54:23]ATTACK: giant rad scorpion (182) attacked Default Cyborg-644  (NEWHP: 52)(40,159,1)
[03:54:25]ATTACK: giant rad scorpion (182) attacked Default Cyborg-644  (NEWHP: 34)(40,159,1)
[03:54:27]ATTACK: giant rad scorpion (182) attacked Default Cyborg-644  (NEWHP: 14)(40,159,1)
[03:54:29]ATTACK: giant rad scorpion (182) attacked Default Cyborg-644  (NEWHP: -3)(40,159,1)
[03:54:31]ATTACK: giant rad scorpion (182) attacked Default Cyborg-644  (NEWHP: -22)(40,159,1)
[03:54:33]ATTACK: giant rad scorpion (182) attacked Default Cyborg-644  (NEWHP: -40)(40,159,1)
[03:54:36]ATTACK: giant rad scorpion (182) attacked Default Cyborg-644  (NEWHP: -55)(40,159,1)
[03:54:38]ATTACK: giant rad scorpion (182) attacked Default Cyborg-644  (NEWHP: -74)(40,159,1)
[03:54:40]ATTACK: giant rad scorpion (182) attacked Default Cyborg-644  (NEWHP: -91)(40,159,1)


Starting up. 04:30.16
---------------------
[04:32:57]ATTACK: giant rad scorpion (455) attacked Default Cyborg-2  (NEWHP: 100)(40,159,1)
[04:32:59]ATTACK: giant rad scorpion (455) attacked Default Cyborg-2  (NEWHP: 83)(40,159,1)
[04:33:01]ATTACK: giant rad scorpion (455) attacked Default Cyborg-2  (NEWHP: 66)(40,159,1)
[04:33:04]ATTACK: giant rad scorpion (455) attacked Default Cyborg-2  (NEWHP: 48)(40,159,1)
[04:33:06]ATTACK: giant rad scorpion (455) attacked Default Cyborg-2  (NEWHP: 32)(40,159,1)
[04:33:08]ATTACK: giant rad scorpion (455) attacked Default Cyborg-2  (NEWHP: 17)(40,159,1)
[04:33:10]ATTACK: giant rad scorpion (455) attacked Default Cyborg-2  (NEWHP: -2)(40,159,1)
[04:33:12]ATTACK: giant rad scorpion (455) attacked Default Cyborg-2  (NEWHP: -19)(40,159,1)
[04:33:14]ATTACK: giant rad scorpion (455) attacked Default Cyborg-2  (NEWHP: -37)(40,159,1)
[04:33:16]ATTACK: giant rad scorpion (455) attacked Default Cyborg-2  (NEWHP: -53)(40,159,1)
[04:33:19]ATTACK: giant rad scorpion (455) attacked Default Cyborg-2  (NEWHP: -71)(40,159,1)
[04:33:21]ATTACK: giant rad scorpion (455) attacked Default Cyborg-2  (NEWHP: -91)(40,159,1)


Starting up. 04:47.14
---------------------
[04:48:11]ATTACK: giant rad scorpion (987) attacked Default Cyborg-990  (NEWHP: 100)(40,159,1)
[04:48:13]ATTACK: giant rad scorpion (987) attacked Default Cyborg-990  (NEWHP: 85)(40,159,1)
[04:48:15]ATTACK: giant rad scorpion (987) attacked Default Cyborg-990  (NEWHP: 69)(40,159,1)
[04:48:18]ATTACK: giant rad scorpion (987) attacked Default Cyborg-990  (NEWHP: 51)(40,159,1)
[04:48:20]ATTACK: giant rad scorpion (987) attacked Default Cyborg-990  (NEWHP: 35)(40,159,1)
[04:48:22]ATTACK: giant rad scorpion (987) attacked Default Cyborg-990  (NEWHP: 16)(40,159,1)
[04:48:24]ATTACK: giant rad scorpion (987) attacked Default Cyborg-990  (NEWHP: -1)(40,159,1)
[04:48:26]ATTACK: giant rad scorpion (987) attacked Default Cyborg-990  (NEWHP: -17)(40,159,1)
[04:48:28]ATTACK: giant rad scorpion (987) attacked Default Cyborg-990  (NEWHP: -37)(40,159,1)
[04:48:30]ATTACK: giant rad scorpion (987) attacked Default Cyborg-990  (NEWHP: -54)(40,159,1)
[04:48:32]ATTACK: giant rad scorpion (987) attacked Default Cyborg-990  (NEWHP: -71)(40,159,1)
[04:48:34]ATTACK: giant rad scorpion (987) attacked Default Cyborg-990  (NEWHP: -86)(40,159,1)
[04:56:15]ATTACK: venus human trap attacked venus human trap  (NEWHP: 55)(163,162,1)
[04:56:15]ATTACK: venus human trap attacked venus human trap  (NEWHP: 25)(162,163,1)


Starting up. 06:03.56
---------------------
[06:04:48]ATTACK: giant rad scorpion (407) attacked Default Cyborg-495  (NEWHP: 100)(40,159,1)
[06:04:50]ATTACK: giant rad scorpion (407) attacked Default Cyborg-495  (NEWHP: 81)(40,159,1)
[06:04:52]ATTACK: giant rad scorpion (407) attacked Default Cyborg-495  (NEWHP: 61)(40,159,1)
[06:04:54]ATTACK: giant rad scorpion (407) attacked Default Cyborg-495  (NEWHP: 41)(40,159,1)
[06:04:56]ATTACK: giant rad scorpion (407) attacked Default Cyborg-495  (NEWHP: 24)(40,159,1)
[06:04:58]ATTACK: giant rad scorpion (407) attacked Default Cyborg-495  (NEWHP: 5)(40,159,1)
[06:05:00]ATTACK: giant rad scorpion (407) attacked Default Cyborg-495  (NEWHP: -11)(40,159,1)
[06:05:02]ATTACK: giant rad scorpion (407) attacked Default Cyborg-495  (NEWHP: -28)(40,159,1)
[06:05:04]ATTACK: giant rad scorpion (407) attacked Default Cyborg-495  (NEWHP: -46)(40,159,1)
[06:05:06]ATTACK: giant rad scorpion (407) attacked Default Cyborg-495  (NEWHP: -63)(40,159,1)
[06:05:08]ATTACK: giant rad scorpion (407) attacked Default Cyborg-495  (NEWHP: -78)(40,159,1)
[06:05:10]ATTACK: giant rad scorpion (407) attacked Default Cyborg-495  (NEWHP: -98)(40,159,1)
[06:07:25]ATTACK: Griffin Whiteman(pahomlancer) fed Griffin Whiteman(pahomlancer) with stimulants(30 units); crank(10 units);  (NEWHP: 100)(83,166,1)
[06:08:33]ATTACK: Griffin Whiteman(pahomlancer) fed Griffin Whiteman(pahomlancer) with styptic_powder(30 units); silver_sulfadiazine(30 units);  (NEWHP: 100)(88,166,1)
[06:08:40]ATTACK: Griffin Whiteman(pahomlancer) fed Griffin Whiteman(pahomlancer) with potass_iodide(30 units); pen_acid(10 units);  (NEWHP: 100)(96,157,1)
[06:08:42]ATTACK: Griffin Whiteman(pahomlancer) fed Griffin Whiteman(pahomlancer) with charcoal(50 units);  (NEWHP: 100)(96,157,1)
[06:08:44]ATTACK: Griffin Whiteman(pahomlancer) fed Griffin Whiteman(pahomlancer) with styptic_powder(30 units); silver_sulfadiazine(30 units);  (NEWHP: 100)(96,157,1)
[06:08:45]ATTACK: Griffin Whiteman(pahomlancer) fed Griffin Whiteman(pahomlancer) with methamphetamine(10 units); krokodil(10 units); styptic_powder(10 units); silver_sulfadiazine(10 units);  (NEWHP: 100)(96,157,1)
[06:11:42]ATTACK: venus human trap attacked Space Bat  (NEWHP: 5)(161,151,1)
[06:11:44]ATTACK: venus human trap attacked Space Bat  (NEWHP: 0)(161,151,1)
[06:11:46]ATTACK: Raider shot Gekkon with the bullet (NEWHP: 25)(141,89,1)
[06:11:48]ATTACK: Gekkon attacked Raider  (NEWHP: 100)(145,92,1)
[06:11:48]ATTACK: Raider attacked Gekkon  (NEWHP: 25)(144,92,1)
[06:12:00]ATTACK: venus human trap attacked Space Bat  (NEWHP: 0)(161,151,1)
[06:12:20]ATTACK: venus human trap attacked Space Bat  (NEWHP: 0)(160,152,1)
[06:12:41]ATTACK: venus human trap attacked Space Bat  (NEWHP: 0)(160,152,1)
[06:12:47]ATTACK: Cazador attacked brahmin  (NEWHP: 20)(224,145,1)
[06:12:53]ATTACK: Cazador attacked brahmin  (NEWHP: 20)(226,145,1)
[06:13:22]ATTACK: venus human trap attacked Space Bat  (NEWHP: 0)(161,151,1)
[06:13:28]ATTACK: venus human trap attacked Space Bat  (NEWHP: 0)(161,151,1)
[06:13:34]ATTACK: venus human trap attacked Space Bat  (NEWHP: 0)(161,151,1)
[06:13:46]ATTACK: venus human trap attacked Space Bat  (NEWHP: 0)(161,151,1)
[06:14:18]ATTACK: venus human trap attacked Space Bat  (NEWHP: 0)(161,151,1)
[06:14:40]ATTACK: venus human trap attacked Space Bat  (NEWHP: 0)(160,152,1)
[06:14:45]ATTACK: venus human trap attacked Space Bat  (NEWHP: 0)(159,153,1)
[06:14:52]ATTACK: venus human trap attacked Space Bat  (NEWHP: 0)(159,153,1)
[06:14:57]ATTACK: venus human trap attacked Space Bat  (NEWHP: 0)(159,153,1)
[06:15:27]ATTACK: venus human trap attacked Space Bat  (NEWHP: 0)(160,152,1)
[06:15:40]ATTACK: venus human trap attacked Space Bat  (NEWHP: 0)(160,152,1)
[06:15:48]ATTACK: venus human trap attacked Space Bat  (NEWHP: 0)(160,152,1)
[06:15:52]ATTACK: Cazador attacked brahmin  (NEWHP: 20)(227,145,1)
[06:16:01]ATTACK: venus human trap attacked Space Bat  (NEWHP: 0)(160,152,1)
[06:16:05]ATTACK: venus human trap attacked Space Bat  (NEWHP: 0)(160,152,1)
[06:16:39]ATTACK: venus human trap attacked Space Bat  (NEWHP: 0)(162,150,1)
[06:16:42]ATTACK: venus human trap attacked Space Bat  (NEWHP: 0)(162,150,1)
[06:17:02]ATTACK: venus human trap attacked Space Bat  (NEWHP: 0)(161,151,1)
[06:17:10]ATTACK: venus human trap attacked Space Bat  (NEWHP: 0)(161,151,1)
[06:17:14]ATTACK: venus human trap attacked Space Bat  (NEWHP: 0)(161,151,1)
[06:18:26]ATTACK: venus human trap attacked Space Bat  (NEWHP: 0)(161,151,1)
[06:18:30]ATTACK: venus human trap attacked Space Bat  (NEWHP: 0)(161,151,1)


Starting up. 06:46.33
---------------------
[06:47:46]ATTACK: giant rad scorpion (57) attacked Default Cyborg-457  (NEWHP: 100)(40,159,1)
[06:47:49]ATTACK: giant rad scorpion (57) attacked Default Cyborg-457  (NEWHP: 85)(40,159,1)
[06:47:51]ATTACK: giant rad scorpion (57) attacked Default Cyborg-457  (NEWHP: 65)(40,159,1)
[06:47:53]ATTACK: giant rad scorpion (57) attacked Default Cyborg-457  (NEWHP: 46)(40,159,1)
[06:47:55]ATTACK: giant rad scorpion (57) attacked Default Cyborg-457  (NEWHP: 30)(40,159,1)
[06:47:57]ATTACK: giant rad scorpion (57) attacked Default Cyborg-457  (NEWHP: 14)(40,159,1)
[06:48:00]ATTACK: giant rad scorpion (57) attacked Default Cyborg-457  (NEWHP: -3)(40,159,1)
[06:48:01]ATTACK: giant rad scorpion (57) attacked Default Cyborg-457  (NEWHP: -23)(40,159,1)
[06:48:03]ATTACK: giant rad scorpion (57) attacked Default Cyborg-457  (NEWHP: -39)(40,159,1)
[06:48:05]ATTACK: giant rad scorpion (57) attacked Default Cyborg-457  (NEWHP: -58)(40,159,1)
[06:48:07]ATTACK: giant rad scorpion (57) attacked Default Cyborg-457  (NEWHP: -75)(40,159,1)
[06:48:09]ATTACK: giant rad scorpion (57) attacked Default Cyborg-457  (NEWHP: -90)(40,159,1)
[06:52:19]ATTACK: Raider shot Raider with the bullet (NEWHP: 65)(136,239,1)
[06:52:23]ATTACK: venus human trap attacked venus human trap  (NEWHP: 70)(166,163,1)
[06:52:25]ATTACK: venus human trap attacked venus human trap  (NEWHP: 45)(167,164,1)
[06:52:25]ATTACK: venus human trap attacked venus human trap  (NEWHP: 45)(166,163,1)
[06:52:25]ATTACK: Raider shot Raider with the bullet (NEWHP: 30)(136,239,1)
[06:52:27]ATTACK: venus human trap attacked venus human trap  (NEWHP: 20)(167,164,1)
[06:53:06]ATTACK: Raider shot Gekkon with the bullet (NEWHP: 25)(145,89,1)
[06:53:08]ATTACK: Gekkon attacked Raider  (NEWHP: 100)(148,93,1)
[06:53:08]ATTACK: Raider attacked Gekkon  (NEWHP: 25)(148,92,1)
[06:58:25]ATTACK: Gekkon attacked Raider  (NEWHP: 100)(149,92,1)
[06:58:25]ATTACK: Raider attacked Gekkon  (NEWHP: 60)(149,91,1)
[06:58:29]ATTACK: Raider shot Gekkon with the pellet (NEWHP: 15)(150,106,1)
[06:58:36]ATTACK: Raider shot Gekkon with the pellet (NEWHP: 0)(149,132,1)
[07:10:31]ATTACK: venus human trap attacked Space Bat  (NEWHP: 10)(162,151,1)
[07:10:33]ATTACK: venus human trap attacked Space Bat  (NEWHP: 0)(162,151,1)
[07:11:19]ATTACK: venus human trap attacked Space Bat  (NEWHP: 0)(164,153,1)
[07:11:29]ATTACK: venus human trap attacked Space Bat  (NEWHP: 0)(164,153,1)
[07:11:50]ATTACK: venus human trap attacked Space Bat  (NEWHP: 0)(164,154,1)
[07:12:13]ATTACK: venus human trap attacked Space Bat  (NEWHP: 0)(164,154,1)
[07:12:37]ATTACK: venus human trap attacked Space Bat  (NEWHP: 0)(164,156,1)
[07:12:45]ATTACK: venus human trap attacked Space Bat  (NEWHP: 0)(164,156,1)
[07:13:08]ATTACK: venus human trap attacked Space Bat  (NEWHP: 0)(164,156,1)
[07:13:24]ATTACK: venus human trap attacked Space Bat  (NEWHP: 0)(163,158,1)
[07:13:26]ATTACK: venus human trap attacked Space Bat  (NEWHP: 0)(163,158,1)
[07:13:29]ATTACK: venus human trap attacked Space Bat  (NEWHP: 0)(163,158,1)
[07:13:35]ATTACK: venus human trap attacked Space Bat  (NEWHP: 0)(163,158,1)
[07:14:04]ATTACK: venus human trap attacked Space Bat  (NEWHP: 0)(163,158,1)
[07:14:10]ATTACK: venus human trap attacked Space Bat  (NEWHP: 0)(163,158,1)
[07:14:49]ATTACK: venus human trap attacked Space Bat  (NEWHP: 0)(163,157,1)


Starting up. 15:28.32
---------------------
[15:30:58]ATTACK: giant rad scorpion (919) attacked Default Cyborg-437  (NEWHP: 100)(40,159,1)
[15:31:00]ATTACK: giant rad scorpion (919) attacked Default Cyborg-437  (NEWHP: 82)(40,159,1)
[15:31:02]ATTACK: giant rad scorpion (919) attacked Default Cyborg-437  (NEWHP: 62)(40,159,1)
[15:31:04]ATTACK: giant rad scorpion (919) attacked Default Cyborg-437  (NEWHP: 44)(40,159,1)
[15:31:06]ATTACK: giant rad scorpion (919) attacked Default Cyborg-437  (NEWHP: 27)(40,159,1)
[15:31:08]ATTACK: giant rad scorpion (919) attacked Default Cyborg-437  (NEWHP: 10)(40,159,1)
[15:31:10]ATTACK: giant rad scorpion (919) attacked Default Cyborg-437  (NEWHP: -5)(40,159,1)
[15:31:13]ATTACK: giant rad scorpion (919) attacked Default Cyborg-437  (NEWHP: -25)(40,159,1)
[15:31:15]ATTACK: giant rad scorpion (919) attacked Default Cyborg-437  (NEWHP: -40)(40,159,1)
[15:31:17]ATTACK: giant rad scorpion (919) attacked Default Cyborg-437  (NEWHP: -59)(40,159,1)
[15:31:19]ATTACK: giant rad scorpion (919) attacked Default Cyborg-437  (NEWHP: -77)(40,159,1)
[15:31:21]ATTACK: giant rad scorpion (919) attacked Default Cyborg-437  (NEWHP: -94)(40,159,1)
[15:32:10]ATTACK: Gekkon attacked Raider  (NEWHP: 100)(148,90,1)
[15:32:10]ATTACK: Raider attacked Gekkon  (NEWHP: 60)(147,90,1)
[15:32:11]ATTACK: Raider shot Gekkon with the bullet (NEWHP: 0)(148,90,1)
[15:33:49]ATTACK: Griffin Whiteman(pahomlancer) fed Griffin Whiteman(pahomlancer) with stimulants(10 units); methamphetamine(10 units); crank(10 units);  (NEWHP: 100)(75,172,1)
[15:33:54]ATTACK: Griffin Whiteman(pahomlancer) fed Griffin Whiteman(pahomlancer) with methamphetamine(10 units); epinephrine(20 units); inacusiate(5 units); oculine(5 units);  (NEWHP: 100)(75,172,1)
[15:33:57]ATTACK: Griffin Whiteman(pahomlancer) fed Griffin Whiteman(pahomlancer) with methamphetamine(10 units); krokodil(10 units); styptic_powder(10 units); silver_sulfadiazine(10 units);  (NEWHP: 100)(75,172,1)
[15:34:02]ATTACK: Griffin Whiteman(pahomlancer) fed Griffin Whiteman(pahomlancer) with stimulants(30 units); crank(10 units);  (NEWHP: 97)(76,173,1)
[15:34:04]ATTACK: Griffin Whiteman(pahomlancer) fed Griffin Whiteman(pahomlancer) with methamphetamine(10 units); epinephrine(20 units); inacusiate(5 units); oculine(5 units);  (NEWHP: 96)(76,172,1)
[15:34:15]ATTACK: Griffin Whiteman(pahomlancer) fed Griffin Whiteman(pahomlancer) with stimulants(30 units); crank(10 units);  (NEWHP: 90)(76,172,1)
[15:34:22]ATTACK: Griffin Whiteman(pahomlancer) fed Griffin Whiteman(pahomlancer) with stimulants(30 units); crank(10 units);  (NEWHP: 75)(77,176,1)
[15:34:26]ATTACK: Griffin Whiteman(pahomlancer) fed Griffin Whiteman(pahomlancer) with methamphetamine(10 units); krokodil(10 units); styptic_powder(10 units); silver_sulfadiazine(10 units);  (NEWHP: 68)(77,173,1)
[15:34:33]ATTACK: Griffin Whiteman(pahomlancer) fed Griffin Whiteman(pahomlancer) with methamphetamine(10 units); krokodil(10 units); styptic_powder(10 units); silver_sulfadiazine(10 units);  (NEWHP: 58)(74,172,1)
[15:34:36]ATTACK: Griffin Whiteman(pahomlancer) fed Griffin Whiteman(pahomlancer) with styptic_powder(30 units); silver_sulfadiazine(30 units);  (NEWHP: 53.75)(74,173,1)
[15:34:38]ATTACK: Griffin Whiteman(pahomlancer) fed Griffin Whiteman(pahomlancer) with charcoal(50 units);  (NEWHP: 49.5)(75,172,1)
[15:34:39]ATTACK: Griffin Whiteman(pahomlancer) fed Griffin Whiteman(pahomlancer) with potass_iodide(30 units); pen_acid(10 units);  (NEWHP: 47.25)(75,172,1)
[15:34:43]ATTACK: Griffin Whiteman(pahomlancer) fed Griffin Whiteman(pahomlancer) with charcoal(50 units);  (NEWHP: 48.75)(76,172,1)
[15:34:54]ATTACK: Griffin Whiteman(pahomlancer) fed Griffin Whiteman(pahomlancer) with styptic_powder(30 units); silver_sulfadiazine(30 units);  (NEWHP: 49.5)(75,172,1)
[15:35:01]ATTACK: Griffin Whiteman(pahomlancer) fed Griffin Whiteman(pahomlancer) with potass_iodide(30 units); pen_acid(10 units);  (NEWHP: 48.25)(74,174,1)


Starting up. 18:33.47
---------------------
[18:35:26]ATTACK: giant rad scorpion (996) attacked Default Cyborg-972  (NEWHP: 100)(40,159,1)
[18:35:28]ATTACK: giant rad scorpion (996) attacked Default Cyborg-972  (NEWHP: 84)(40,159,1)
[18:35:30]ATTACK: giant rad scorpion (996) attacked Default Cyborg-972  (NEWHP: 66)(40,159,1)
[18:35:33]ATTACK: giant rad scorpion (996) attacked Default Cyborg-972  (NEWHP: 51)(40,159,1)
[18:35:35]ATTACK: giant rad scorpion (996) attacked Default Cyborg-972  (NEWHP: 34)(40,159,1)
[18:35:37]ATTACK: giant rad scorpion (996) attacked Default Cyborg-972  (NEWHP: 14)(40,159,1)
[18:35:39]ATTACK: giant rad scorpion (996) attacked Default Cyborg-972  (NEWHP: -5)(40,159,1)
[18:35:41]ATTACK: giant rad scorpion (996) attacked Default Cyborg-972  (NEWHP: -21)(40,159,1)
[18:35:43]ATTACK: giant rad scorpion (996) attacked Default Cyborg-972  (NEWHP: -36)(40,159,1)
[18:35:45]ATTACK: giant rad scorpion (996) attacked Default Cyborg-972  (NEWHP: -53)(40,159,1)
[18:35:47]ATTACK: giant rad scorpion (996) attacked Default Cyborg-972  (NEWHP: -69)(40,159,1)
[18:35:49]ATTACK: giant rad scorpion (996) attacked Default Cyborg-972  (NEWHP: -86)(40,159,1)
[18:38:10]ATTACK: venus human trap attacked Space Bat  (NEWHP: 15)(161,150,1)
[18:38:12]ATTACK: venus human trap attacked Space Bat  (NEWHP: 0)(161,150,1)
[18:38:14]ATTACK: venus human trap attacked Space Bat  (NEWHP: 0)(161,150,1)
[18:38:41]ATTACK: venus human trap attacked Space Bat  (NEWHP: 0)(161,151,1)
[18:38:43]ATTACK: venus human trap attacked Space Bat  (NEWHP: 0)(161,151,1)
[18:39:08]ATTACK: venus human trap attacked Space Bat  (NEWHP: 0)(161,151,1)
[18:39:22]ATTACK: venus human trap attacked Space Bat  (NEWHP: 0)(160,152,1)
[18:39:27]ATTACK: venus human trap attacked Space Bat  (NEWHP: 0)(160,152,1)
[18:39:31]ATTACK: venus human trap attacked Space Bat  (NEWHP: 0)(160,152,1)
[18:39:37]ATTACK: venus human trap attacked Space Bat  (NEWHP: 0)(160,152,1)
[18:39:39]ATTACK: venus human trap attacked Space Bat  (NEWHP: 0)(160,152,1)
[18:40:40]ATTACK: venus human trap attacked Space Bat  (NEWHP: 0)(159,153,1)
[18:40:57]ATTACK: venus human trap attacked Space Bat  (NEWHP: 0)(159,153,1)
[18:41:01]ATTACK: venus human trap attacked Space Bat  (NEWHP: 0)(159,153,1)
[18:41:05]ATTACK: venus human trap attacked Space Bat  (NEWHP: 0)(159,153,1)
[18:41:10]ATTACK: venus human trap attacked Space Bat  (NEWHP: 0)(159,153,1)
[18:41:16]ATTACK: venus human trap attacked Space Bat  (NEWHP: 0)(159,153,1)
[18:41:22]ATTACK: venus human trap attacked Space Bat  (NEWHP: 0)(159,153,1)
[18:42:14]ATTACK: venus human trap attacked Space Bat  (NEWHP: 0)(160,152,1)
[18:42:22]ATTACK: venus human trap attacked Space Bat  (NEWHP: 0)(160,152,1)
[18:42:24]ATTACK: venus human trap attacked Space Bat  (NEWHP: 0)(160,152,1)
[18:42:43]ATTACK: venus human trap attacked Space Bat  (NEWHP: 0)(160,152,1)
[18:42:45]ATTACK: venus human trap attacked Space Bat  (NEWHP: 0)(160,152,1)
[18:42:49]ATTACK: venus human trap attacked Space Bat  (NEWHP: 0)(160,152,1)
[18:42:59]ATTACK: venus human trap attacked Space Bat  (NEWHP: 0)(160,152,1)
[18:43:01]ATTACK: venus human trap attacked Space Bat  (NEWHP: 0)(160,152,1)
[18:43:07]ATTACK: venus human trap attacked Space Bat  (NEWHP: 0)(160,152,1)
[18:43:09]ATTACK: venus human trap attacked Space Bat  (NEWHP: 0)(160,152,1)
[18:43:16]ATTACK: venus human trap attacked Space Bat  (NEWHP: 0)(160,152,1)
[18:43:24]ATTACK: venus human trap attacked Space Bat  (NEWHP: 0)(160,152,1)
[18:43:51]ATTACK: Raider shot Gekkon with the pellet (NEWHP: 40)(141,93,1)
[18:43:53]ATTACK: Gekkon attacked Raider  (NEWHP: 100)(145,93,1)
[18:43:53]ATTACK: Raider attacked Gekkon  (NEWHP: 40)(144,93,1)
[18:43:55]ATTACK: Gekkon attacked Raider  (NEWHP: 86)(153,93,1)
[18:43:55]ATTACK: Raider attacked Gekkon  (NEWHP: 15)(152,93,1)
[18:44:07]ATTACK: venus human trap attacked Space Bat  (NEWHP: 0)(158,154,1)
[18:44:15]ATTACK: venus human trap attacked Space Bat  (NEWHP: 0)(158,154,1)
[18:44:19]ATTACK: venus human trap attacked Space Bat  (NEWHP: 0)(158,154,1)
[18:44:49]ATTACK: venus human trap attacked Space Bat  (NEWHP: 0)(158,155,1)
[18:45:01]ATTACK: venus human trap attacked Space Bat  (NEWHP: 0)(158,156,1)
[18:45:11]ATTACK: venus human trap attacked Space Bat  (NEWHP: 0)(158,156,1)
[18:45:21]ATTACK: Cazador attacked brahmin  (NEWHP: 20)(224,145,1)
[18:45:29]ATTACK: venus human trap attacked Space Bat  (NEWHP: 0)(158,156,1)
[18:45:31]ATTACK: venus human trap attacked Space Bat  (NEWHP: 0)(158,156,1)
[18:45:36]ATTACK: venus human trap attacked Space Bat  (NEWHP: 0)(158,156,1)
[18:45:42]ATTACK: venus human trap attacked Space Bat  (NEWHP: 0)(158,156,1)
[18:45:44]ATTACK: venus human trap attacked Space Bat  (NEWHP: 0)(158,156,1)
[18:45:46]ATTACK: venus human trap attacked Space Bat  (NEWHP: 0)(158,156,1)
[18:45:52]ATTACK: Cazador attacked brahmin  (NEWHP: 20)(227,145,1)
[18:47:04]ATTACK: venus human trap attacked Space Bat  (NEWHP: 0)(159,160,1)
[18:47:18]ATTACK: venus human trap attacked Space Bat  (NEWHP: 0)(161,162,1)
[18:47:27]ATTACK: venus human trap attacked Space Bat  (NEWHP: 0)(161,162,1)
[18:47:37]ATTACK: venus human trap attacked Space Bat  (NEWHP: 0)(162,162,1)
[18:47:48]ATTACK: venus human trap attacked Space Bat  (NEWHP: 0)(162,162,1)
[18:47:55]ATTACK: venus human trap attacked Space Bat  (NEWHP: 0)(162,162,1)
[18:47:58]ATTACK: venus human trap attacked Space Bat  (NEWHP: 0)(162,162,1)
[18:48:06]ATTACK: Cazador attacked brahmin  (NEWHP: 20)(227,145,1)
[18:48:12]ATTACK: venus human trap attacked Space Bat  (NEWHP: 0)(162,162,1)
[18:48:24]ATTACK: venus human trap attacked Space Bat  (NEWHP: 0)(162,162,1)
[18:48:37]ATTACK: venus human trap attacked Space Bat  (NEWHP: 0)(161,161,1)
[18:48:51]ATTACK: venus human trap attacked Space Bat  (NEWHP: 0)(160,160,1)
[18:49:08]ATTACK: venus human trap attacked Space Bat  (NEWHP: 0)(160,160,1)
[18:50:08]ATTACK: venus human trap attacked Space Bat  (NEWHP: 0)(159,161,1)
[18:51:12]ATTACK: venus human trap attacked Space Bat  (NEWHP: 0)(158,158,1)
[18:51:14]ATTACK: venus human trap attacked Space Bat  (NEWHP: 0)(158,158,1)
[18:51:20]ATTACK: venus human trap attacked Space Bat  (NEWHP: 0)(158,158,1)
[18:51:22]ATTACK: venus human trap attacked Space Bat  (NEWHP: 0)(158,158,1)
[18:51:29]ATTACK: Raider shot Raider with the pellet (NEWHP: 80)(136,238,1)
[18:51:35]ATTACK: venus human trap attacked Space Bat  (NEWHP: 0)(158,158,1)
[18:51:39]ATTACK: Raider shot Raider with the pellet (NEWHP: 60)(136,238,1)
[18:52:08]ATTACK: Raider shot Raider with the pellet (NEWHP: 40)(136,239,1)
[18:52:08]ATTACK: Raider shot Raider with the pellet (NEWHP: 20)(136,239,1)
[18:52:08]ATTACK: Raider shot Hudson Margaret with the pellet (NEWHP: 100)(136,239,1)
[18:52:08]ATTACK: Raider shot Hudson Margaret with the pellet (NEWHP: 100)(136,239,1)
[18:52:16]ATTACK: venus human trap attacked Space Bat  (NEWHP: 0)(157,160,1)
[18:52:29]ATTACK: venus human trap attacked Space Bat  (NEWHP: 0)(157,160,1)
[18:52:35]ATTACK: venus human trap attacked venus human trap  (NEWHP: 10)(160,161,1)
[18:53:22]ATTACK: venus human trap attacked Space Bat  (NEWHP: 0)(159,161,1)
[18:53:55]ATTACK: Griffin Whiteman(pahomlancer) fed Griffin Whiteman(pahomlancer) with stimulants(30 units); crank(10 units);  (NEWHP: 100)(84,166,1)
[18:53:57]ATTACK: venus human trap attacked Space Bat  (NEWHP: 0)(158,160,1)
[18:54:49]ATTACK: Griffin Whiteman(pahomlancer) fed Griffin Whiteman(pahomlancer) with charcoal(50 units);  (NEWHP: 100)(176,167,1)
[18:54:51]ATTACK: Griffin Whiteman(pahomlancer) fed Griffin Whiteman(pahomlancer) with styptic_powder(30 units); silver_sulfadiazine(30 units);  (NEWHP: 100)(176,167,1)
[18:54:53]ATTACK: venus human trap attacked Space Bat  (NEWHP: 0)(158,155,1)
[18:55:01]ATTACK: venus human trap attacked Space Bat  (NEWHP: 0)(158,155,1)
[18:55:44]ATTACK: venus human trap attacked Griffin Whiteman(pahomlancer)  (NEWHP: 98)(158,159,1)
[18:55:46]ATTACK: venus human trap attacked Griffin Whiteman(pahomlancer)  (NEWHP: 57)(158,156,1)
[18:55:46]ATTACK: venus human trap attacked Space Bat  (NEWHP: 0)(158,154,1)
[18:55:48]ATTACK: venus human trap attacked Griffin Whiteman(pahomlancer)  (NEWHP: 31)(158,156,1)
[18:55:50]ATTACK: venus human trap attacked Griffin Whiteman(pahomlancer)  (NEWHP: 5)(157,155,1)
[18:55:55]ATTACK: venus human trap attacked Griffin Whiteman(pahomlancer)  (NEWHP: -22)(157,155,1)
[18:55:57]ATTACK: venus human trap attacked Griffin Whiteman(pahomlancer)  (NEWHP: -48)(157,155,1)
[18:55:59]ATTACK: venus human trap attacked Griffin Whiteman(pahomlancer)  (NEWHP: -72.1667)(157,155,1)
[18:56:09]ATTACK: venus human trap attacked Griffin Whiteman(pahomlancer)  (NEWHP: -108.833)(158,156,1)
