

Starting up. 00:05.53
---------------------
[00:07:58]ATTACK: giant rad scorpion (958) attacked Default Cyborg-71  (NEWHP: 100)(40,159,1)
[00:08:00]ATTACK: giant rad scorpion (958) attacked Default Cyborg-71  (NEWHP: 83)(40,159,1)
[00:08:02]ATTACK: giant rad scorpion (958) attacked Default Cyborg-71  (NEWHP: 67)(40,159,1)
[00:08:04]ATTACK: giant rad scorpion (958) attacked Default Cyborg-71  (NEWHP: 47)(40,159,1)
[00:08:07]ATTACK: giant rad scorpion (958) attacked Default Cyborg-71  (NEWHP: 28)(40,159,1)
[00:08:09]ATTACK: giant rad scorpion (958) attacked Default Cyborg-71  (NEWHP: 11)(40,159,1)
[00:08:11]ATTACK: giant rad scorpion (958) attacked Default Cyborg-71  (NEWHP: -7)(40,159,1)
[00:08:13]ATTACK: giant rad scorpion (958) attacked Default Cyborg-71  (NEWHP: -27)(40,159,1)
[00:08:15]ATTACK: giant rad scorpion (958) attacked Default Cyborg-71  (NEWHP: -45)(40,159,1)
[00:08:17]ATTACK: giant rad scorpion (958) attacked Default Cyborg-71  (NEWHP: -65)(40,159,1)
[00:08:19]ATTACK: giant rad scorpion (958) attacked Default Cyborg-71  (NEWHP: -84)(40,159,1)


Starting up. 01:08.57
---------------------
[01:09:50]ATTACK: giant rad scorpion (641) attacked Default Cyborg-917  (NEWHP: 100)(40,159,1)
[01:09:52]ATTACK: giant rad scorpion (641) attacked Default Cyborg-917  (NEWHP: 81)(40,159,1)
[01:09:55]ATTACK: giant rad scorpion (641) attacked Default Cyborg-917  (NEWHP: 62)(40,159,1)
[01:09:57]ATTACK: giant rad scorpion (641) attacked Default Cyborg-917  (NEWHP: 45)(40,159,1)
[01:09:59]ATTACK: giant rad scorpion (641) attacked Default Cyborg-917  (NEWHP: 30)(40,159,1)
[01:10:01]ATTACK: giant rad scorpion (641) attacked Default Cyborg-917  (NEWHP: 15)(40,159,1)
[01:10:03]ATTACK: giant rad scorpion (641) attacked Default Cyborg-917  (NEWHP: -3)(40,159,1)
[01:10:05]ATTACK: giant rad scorpion (641) attacked Default Cyborg-917  (NEWHP: -21)(40,159,1)
[01:10:07]ATTACK: giant rad scorpion (641) attacked Default Cyborg-917  (NEWHP: -36)(40,159,1)
[01:10:09]ATTACK: giant rad scorpion (641) attacked Default Cyborg-917  (NEWHP: -55)(40,159,1)
[01:10:11]ATTACK: giant rad scorpion (641) attacked Default Cyborg-917  (NEWHP: -70)(40,159,1)
[01:10:14]ATTACK: giant rad scorpion (641) attacked Default Cyborg-917  (NEWHP: -87)(40,159,1)
[01:12:32]ATTACK: Raider shot Raider with the pellet (NEWHP: 80)(136,239,1)
[01:12:38]ATTACK: Raider shot Raider with the pellet (NEWHP: 60)(136,239,1)
[01:12:44]ATTACK: Raider shot Raider with the pellet (NEWHP: 40)(136,239,1)
[01:12:51]ATTACK: Raider shot Raider with the pellet (NEWHP: 20)(136,239,1)
[01:12:57]ATTACK: Raider shot Gekkon with the pellet (NEWHP: 40)(146,93,1)
[01:12:59]ATTACK: Gekkon attacked Raider  (NEWHP: 100)(150,96,1)
[01:12:59]ATTACK: Raider attacked Gekkon  (NEWHP: 40)(149,96,1)
[01:13:01]ATTACK: Raider shot Raider with the bullet (NEWHP: 50)(159,96,1)
[01:13:03]ATTACK: Raider shot Gekkon with the pellet (NEWHP: 0)(164,98,1)
[01:13:03]ATTACK: Raider shot Gekkon with the pellet (NEWHP: 0)(164,98,1)


Starting up. 01:31.36
---------------------
[01:33:58]ATTACK: giant rad scorpion (477) attacked Default Cyborg-175  (NEWHP: 100)(40,159,1)
[01:34:00]ATTACK: giant rad scorpion (477) attacked Default Cyborg-175  (NEWHP: 82)(40,159,1)
[01:34:03]ATTACK: giant rad scorpion (477) attacked Default Cyborg-175  (NEWHP: 66)(40,159,1)
[01:34:05]ATTACK: giant rad scorpion (477) attacked Default Cyborg-175  (NEWHP: 48)(40,159,1)
[01:34:07]ATTACK: giant rad scorpion (477) attacked Default Cyborg-175  (NEWHP: 31)(40,159,1)
[01:34:09]ATTACK: giant rad scorpion (477) attacked Default Cyborg-175  (NEWHP: 13)(40,159,1)
[01:34:12]ATTACK: giant rad scorpion (477) attacked Default Cyborg-175  (NEWHP: -2)(40,159,1)
[01:34:14]ATTACK: giant rad scorpion (477) attacked Default Cyborg-175  (NEWHP: -21)(40,159,1)
[01:34:15]ATTACK: giant rad scorpion (477) attacked Default Cyborg-175  (NEWHP: -37)(40,159,1)
[01:34:17]ATTACK: giant rad scorpion (477) attacked Default Cyborg-175  (NEWHP: -54)(40,159,1)
[01:34:19]ATTACK: giant rad scorpion (477) attacked Default Cyborg-175  (NEWHP: -71)(40,159,1)
[01:34:21]ATTACK: giant rad scorpion (477) attacked Default Cyborg-175  (NEWHP: -86)(40,159,1)


Starting up. 14:50.41
---------------------


Starting up. 15:01.03
---------------------
[15:02:03]ATTACK: giant rad scorpion (408) attacked Default Cyborg-391  (NEWHP: 100)(40,159,1)
[15:02:06]ATTACK: giant rad scorpion (408) attacked Default Cyborg-391  (NEWHP: 83)(40,159,1)
[15:02:08]ATTACK: giant rad scorpion (408) attacked Default Cyborg-391  (NEWHP: 65)(40,159,1)
[15:02:11]ATTACK: giant rad scorpion (408) attacked Default Cyborg-391  (NEWHP: 50)(40,159,1)
[15:02:12]ATTACK: giant rad scorpion (408) attacked Default Cyborg-391  (NEWHP: 30)(40,159,1)
[15:02:14]ATTACK: giant rad scorpion (408) attacked Default Cyborg-391  (NEWHP: 14)(40,159,1)
[15:02:16]ATTACK: giant rad scorpion (408) attacked Default Cyborg-391  (NEWHP: -6)(40,159,1)
[15:02:19]ATTACK: giant rad scorpion (408) attacked Default Cyborg-391  (NEWHP: -23)(40,159,1)
[15:02:21]ATTACK: giant rad scorpion (408) attacked Default Cyborg-391  (NEWHP: -43)(40,159,1)
[15:02:23]ATTACK: giant rad scorpion (408) attacked Default Cyborg-391  (NEWHP: -59)(40,159,1)
[15:02:25]ATTACK: giant rad scorpion (408) attacked Default Cyborg-391  (NEWHP: -75)(40,159,1)
[15:02:27]ATTACK: giant rad scorpion (408) attacked Default Cyborg-391  (NEWHP: -90)(40,159,1)
[15:05:12]ATTACK: Unknown(pahomlancer) shot Gekkon with the bullet (NEWHP: 20)(57,97,1)
[15:05:13]ATTACK: venus human trap attacked Space Bat  (NEWHP: 5)(162,151,1)
[15:05:13]ATTACK: Unknown(pahomlancer) shot Gekkon with the bullet (NEWHP: 0)(53,97,1)
[15:05:14]ATTACK: Unknown(pahomlancer) shot Gekkon with the bullet (NEWHP: 20)(51,97,1)
[15:05:14]ATTACK: Unknown(pahomlancer) shot Gekkon with the bullet (NEWHP: 0)(49,97,1)
[15:05:15]ATTACK: venus human trap attacked Space Bat  (NEWHP: 0)(162,151,1)
[15:05:19]ATTACK: Unknown(pahomlancer) shot Gekkon with the bullet (NEWHP: 20)(59,97,1)
[15:05:20]ATTACK: Unknown(pahomlancer) shot Gekkon with the bullet (NEWHP: 0)(56,97,1)
[15:05:27]ATTACK: venus human trap attacked Space Bat  (NEWHP: 0)(161,152,1)
[15:05:31]ATTACK: Unknown(pahomlancer) shot Gekkon with the bullet (NEWHP: 20)(92,97,1)
[15:05:33]ATTACK: Gekkon attacked Unknown(pahomlancer)  (NEWHP: 100)(84,97,1)
[15:05:33]ATTACK: Gekkon attacked Unknown(pahomlancer)  (NEWHP: 89)(84,97,1)
[15:05:34]ATTACK: Unknown(pahomlancer) attacked Gekkon with Machete(INTENT: DISARM) (DAMTYPE: BRUTE) (NEWHP: 0)(81,97,1)
[15:05:35]ATTACK: Gekkon attacked Unknown(pahomlancer)  (NEWHP: 89)(78,97,1)
[15:05:36]ATTACK: Unknown(pahomlancer) attacked Gekkon with Machete(INTENT: DISARM) (DAMTYPE: BRUTE) (NEWHP: 25)(79,97,1)
[15:05:37]ATTACK: Unknown(pahomlancer) attacked Gekkon with Machete(INTENT: DISARM) (DAMTYPE: BRUTE) (NEWHP: 0)(79,97,1)
[15:05:47]ATTACK: Unknown(pahomlancer) attacked Gekkon with Machete(INTENT: DISARM) (DAMTYPE: BRUTE) (NEWHP: 25)(120,96,1)
[15:05:47]ATTACK: Gekkon attacked Unknown(pahomlancer)  (NEWHP: 83.15)(119,96,1)
[15:05:47]ATTACK: Gekkon attacked Unknown(pahomlancer)  (NEWHP: 78.65)(119,96,1)
[15:05:47]ATTACK: venus human trap attacked Space Bat  (NEWHP: 0)(161,152,1)
[15:05:49]ATTACK: Unknown(pahomlancer) attacked Gekkon with Machete(INTENT: DISARM) (DAMTYPE: BRUTE) (NEWHP: 0)(120,96,1)
[15:05:50]ATTACK: Gekkon attacked Unknown(pahomlancer)  (NEWHP: 73.7)(119,95,1)
[15:05:50]ATTACK: Unknown(pahomlancer) attacked Gekkon with Machete(INTENT: DISARM) (DAMTYPE: BRUTE) (NEWHP: 25)(119,96,1)
[15:05:51]ATTACK: Unknown(pahomlancer) attacked Gekkon with Machete(INTENT: DISARM) (DAMTYPE: BRUTE) (NEWHP: 0)(119,96,1)
[15:05:57]ATTACK: Unknown(pahomlancer) attacked Gekkon with Machete(INTENT: DISARM) (DAMTYPE: BRUTE) (NEWHP: 25)(134,90,1)
[15:05:57]ATTACK: Gekkon attacked Unknown(pahomlancer)  (NEWHP: 62.7)(134,91,1)
[15:05:59]ATTACK: Gekkon attacked Unknown(pahomlancer)  (NEWHP: 49.7)(134,91,1)
[15:05:59]ATTACK: Gekkon attacked Unknown(pahomlancer)  (NEWHP: 37.7)(134,91,1)
[15:06:00]ATTACK: Unknown(pahomlancer) attacked Gekkon with Machete(INTENT: DISARM) (DAMTYPE: BRUTE) (NEWHP: 0)(134,90,1)
[15:06:01]ATTACK: Unknown(pahomlancer) attacked Gekkon with Machete(INTENT: DISARM) (DAMTYPE: BRUTE) (NEWHP: 25)(135,91,1)
[15:06:01]ATTACK: Gekkon attacked Unknown(pahomlancer)  (NEWHP: 27.7)(134,91,1)
[15:06:02]ATTACK: venus human trap attacked Space Bat  (NEWHP: 0)(161,151,1)
[15:06:02]ATTACK: Unknown(pahomlancer) attacked Gekkon with Machete(INTENT: DISARM) (DAMTYPE: BRUTE) (NEWHP: 0)(135,91,1)
[15:06:04]ATTACK: venus human trap attacked Space Bat  (NEWHP: 0)(161,151,1)
[15:06:14]ATTACK: venus human trap attacked Space Bat  (NEWHP: 0)(162,150,1)
[15:06:25]ATTACK: venus human trap attacked Space Bat  (NEWHP: 0)(161,151,1)
[15:06:29]ATTACK: venus human trap attacked Space Bat  (NEWHP: 0)(161,151,1)
[15:06:31]ATTACK: venus human trap attacked Space Bat  (NEWHP: 0)(161,151,1)
[15:06:33]ATTACK: Unknown(pahomlancer) shot Unknown(pahomlancer) with the pellet (NEWHP: 27.7)(128,79,1)
[15:06:33]ATTACK: Unknown(pahomlancer) shot Unknown(pahomlancer) with the pellet (NEWHP: 27.7)(128,79,1)
[15:06:33]ATTACK: Unknown(pahomlancer) shot Unknown(pahomlancer) with the pellet (NEWHP: 27.7)(128,79,1)
[15:06:33]ATTACK: Unknown(pahomlancer) shot Unknown(pahomlancer) with the pellet (NEWHP: 27.7)(128,79,1)
[15:06:33]ATTACK: Unknown(pahomlancer) shot Unknown(pahomlancer) with the pellet (NEWHP: 27.7)(128,79,1)
[15:06:33]ATTACK: Unknown(pahomlancer) shot Unknown(pahomlancer) with the pellet (NEWHP: 27.7)(128,79,1)


Starting up. 15:15.15
---------------------
[15:16:11]ATTACK: giant rad scorpion (291) attacked Default Cyborg-313  (NEWHP: 100)(40,159,1)
[15:16:13]ATTACK: giant rad scorpion (291) attacked Default Cyborg-313  (NEWHP: 84)(40,159,1)
[15:16:16]ATTACK: giant rad scorpion (291) attacked Default Cyborg-313  (NEWHP: 65)(40,159,1)
[15:16:18]ATTACK: giant rad scorpion (291) attacked Default Cyborg-313  (NEWHP: 49)(40,159,1)
[15:16:20]ATTACK: giant rad scorpion (291) attacked Default Cyborg-313  (NEWHP: 32)(40,159,1)
[15:16:22]ATTACK: giant rad scorpion (291) attacked Default Cyborg-313  (NEWHP: 17)(40,159,1)
[15:16:25]ATTACK: giant rad scorpion (291) attacked Default Cyborg-313  (NEWHP: 1)(40,159,1)
[15:16:26]ATTACK: giant rad scorpion (291) attacked Default Cyborg-313  (NEWHP: -15)(40,159,1)
[15:16:28]ATTACK: giant rad scorpion (291) attacked Default Cyborg-313  (NEWHP: -32)(40,159,1)
[15:16:30]ATTACK: giant rad scorpion (291) attacked Default Cyborg-313  (NEWHP: -49)(40,159,1)
[15:16:33]ATTACK: giant rad scorpion (291) attacked Default Cyborg-313  (NEWHP: -69)(40,159,1)
[15:16:35]ATTACK: giant rad scorpion (291) attacked Default Cyborg-313  (NEWHP: -88)(40,159,1)
[15:17:39]ATTACK: Unknown(pahomlancer) attacked Gekkon with Machete(INTENT: HELP) (DAMTYPE: BRUTE) (NEWHP: 25)(94,116,1)
[15:17:40]ATTACK: Unknown(pahomlancer) attacked Gekkon with Machete(INTENT: HELP) (DAMTYPE: BRUTE) (NEWHP: 0)(94,116,1)
[15:17:50]ATTACK: venus human trap attacked Space Bat  (NEWHP: 15)(159,152,1)
[15:17:52]ATTACK: venus human trap attacked Space Bat  (NEWHP: 0)(159,152,1)
[15:19:05]ATTACK: venus human trap attacked Space Bat  (NEWHP: 0)(160,151,1)
[15:19:41]ATTACK: Unknown(pahomlancer) attacked Cazador with Machete(INTENT: HELP) (DAMTYPE: BRUTE) (NEWHP: 25)(222,144,1)
[15:19:42]ATTACK: Unknown(pahomlancer) attacked Cazador with Machete(INTENT: HELP) (DAMTYPE: BRUTE) (NEWHP: 0)(222,144,1)
[15:19:52]ATTACK: venus human trap attacked Space Bat  (NEWHP: 0)(160,151,1)
[15:20:01]ATTACK: venus human trap attacked Space Bat  (NEWHP: 0)(160,151,1)
[15:20:02]ATTACK: Unknown(pahomlancer) attacked Cazador with Machete(INTENT: HELP) (DAMTYPE: BRUTE) (NEWHP: 25)(222,128,1)
[15:20:03]ATTACK: Cazador attacked Unknown(pahomlancer)  (NEWHP: 100)(222,127,1)
[15:20:03]ATTACK: Unknown(pahomlancer) attacked Cazador with Machete(INTENT: HELP) (DAMTYPE: BRUTE) (NEWHP: 0)(222,128,1)
[15:20:11]ATTACK: venus human trap attacked Space Bat  (NEWHP: 0)(160,151,1)
[15:20:13]ATTACK: venus human trap attacked Space Bat  (NEWHP: 0)(160,151,1)
[15:20:51]ATTACK: Raider shot Gekkon with the pellet (NEWHP: 40)(142,87,1)
[15:20:53]ATTACK: Gekkon attacked Raider  (NEWHP: 100)(145,90,1)
[15:20:53]ATTACK: Raider attacked Gekkon  (NEWHP: 40)(144,89,1)
[15:20:55]ATTACK: Gekkon attacked Raider  (NEWHP: 85)(153,98,1)
[15:20:55]ATTACK: Raider attacked Gekkon  (NEWHP: 15)(152,97,1)
[15:21:14]ATTACK: venus human trap attacked Space Bat  (NEWHP: 0)(160,152,1)
[15:21:15]ATTACK: venus human trap attacked Space Bat  (NEWHP: 0)(160,152,1)
[15:21:22]ATTACK: Griffin Whiteman(pahomlancer) fed Griffin Whiteman(pahomlancer) with styptic_powder(30 units); silver_sulfadiazine(30 units);  (NEWHP: 83)(240,130,1)
[15:21:57]ATTACK: venus human trap attacked Space Bat  (NEWHP: 0)(162,150,1)
[15:22:16]ATTACK: Griffin Whiteman(pahomlancer) attacked brahmin with Machete(INTENT: HELP) (DAMTYPE: BRUTE) (NEWHP: 0)(217,171,1)
[15:22:18]ATTACK: venus human trap attacked Space Bat  (NEWHP: 0)(161,148,1)
[15:22:26]ATTACK: Griffin Whiteman(pahomlancer) hit brahmin with Machete (NEWHP: 5)(214,177,1)
[15:22:28]ATTACK: venus human trap attacked Space Bat  (NEWHP: 0)(161,148,1)
[15:22:32]ATTACK: Griffin Whiteman(pahomlancer) hit brahmin with Machete (NEWHP: 0)(214,176,1)
[15:22:32]ATTACK: venus human trap attacked Space Bat  (NEWHP: 0)(161,148,1)
[15:23:13]ATTACK: venus human trap attacked Space Bat  (NEWHP: 0)(161,148,1)
[15:23:19]ATTACK: venus human trap attacked Space Bat  (NEWHP: 0)(161,148,1)
[15:23:24]ATTACK: venus human trap attacked Space Bat  (NEWHP: 0)(161,148,1)
[15:23:36]ATTACK: venus human trap attacked Space Bat  (NEWHP: 0)(161,148,1)
[15:23:42]ATTACK: venus human trap attacked Space Bat  (NEWHP: 0)(161,148,1)
[15:23:50]ATTACK: venus human trap attacked Space Bat  (NEWHP: 0)(161,148,1)


Starting up. 23:33.41
---------------------
[23:38:02]ATTACK: giant rad scorpion (442) attacked Default Cyborg-437  (NEWHP: 100)(40,159,1)
[23:38:04]ATTACK: giant rad scorpion (442) attacked Default Cyborg-437  (NEWHP: 84)(40,159,1)
[23:38:06]ATTACK: giant rad scorpion (442) attacked Default Cyborg-437  (NEWHP: 65)(40,159,1)
[23:38:08]ATTACK: giant rad scorpion (442) attacked Default Cyborg-437  (NEWHP: 45)(40,159,1)
[23:38:10]ATTACK: giant rad scorpion (442) attacked Default Cyborg-437  (NEWHP: 26)(40,159,1)
[23:38:12]ATTACK: giant rad scorpion (442) attacked Default Cyborg-437  (NEWHP: 9)(40,159,1)
[23:38:15]ATTACK: giant rad scorpion (442) attacked Default Cyborg-437  (NEWHP: -9)(40,159,1)
[23:38:17]ATTACK: giant rad scorpion (442) attacked Default Cyborg-437  (NEWHP: -28)(40,159,1)
[23:38:18]ATTACK: giant rad scorpion (442) attacked Default Cyborg-437  (NEWHP: -44)(40,159,1)
[23:38:21]ATTACK: giant rad scorpion (442) attacked Default Cyborg-437  (NEWHP: -63)(40,159,1)
[23:38:23]ATTACK: giant rad scorpion (442) attacked Default Cyborg-437  (NEWHP: -80)(40,159,1)
[23:38:25]ATTACK: giant rad scorpion (442) attacked Default Cyborg-437  (NEWHP: -99)(40,159,1)
[23:39:29]ATTACK: venus human trap attacked Space Bat  (NEWHP: 15)(163,151,1)
[23:39:32]ATTACK: venus human trap attacked Space Bat  (NEWHP: 0)(163,151,1)
[23:40:11]ATTACK: venus human trap attacked Space Bat  (NEWHP: 0)(162,151,1)
[23:41:05]ATTACK: Griffin Whiteman(pahomlancer) attacked Cazador with mounted chainsaw(INTENT: HELP) (DAMTYPE: BRUTE) (NEWHP: 39)(226,147,1)
[23:41:06]ATTACK: Griffin Whiteman(pahomlancer) attacked Cazador with mounted chainsaw(INTENT: HELP) (DAMTYPE: BRUTE) (NEWHP: 18)(226,147,1)
[23:41:07]ATTACK: Griffin Whiteman(pahomlancer) attacked Cazador with mounted chainsaw(INTENT: HELP) (DAMTYPE: BRUTE) (NEWHP: 0)(226,147,1)
[23:41:42]ATTACK: Raider shot Gekkon with the bullet (NEWHP: 25)(145,89,1)
[23:41:44]ATTACK: Gekkon attacked Raider  (NEWHP: 100)(149,93,1)
[23:41:44]ATTACK: Raider attacked Gekkon  (NEWHP: 25)(148,92,1)
[23:42:13]ATTACK: venus human trap attacked Space Bat  (NEWHP: 0)(157,159,1)
[23:43:24]ATTACK: venus human trap attacked Space Bat  (NEWHP: 0)(158,156,1)
[23:43:37]ATTACK: venus human trap attacked Space Bat  (NEWHP: 0)(158,156,1)
[23:43:56]ATTACK: venus human trap attacked Space Bat  (NEWHP: 0)(158,157,1)
[23:45:12]ATTACK: venus human trap attacked Space Bat  (NEWHP: 0)(158,159,1)
[23:45:14]ATTACK: venus human trap attacked Space Bat  (NEWHP: 0)(158,159,1)
[23:45:23]ATTACK: venus human trap attacked Space Bat  (NEWHP: 0)(158,159,1)
[23:45:52]ATTACK: venus human trap attacked Space Bat  (NEWHP: 0)(158,159,1)
[23:46:12]ATTACK: venus human trap attacked Space Bat  (NEWHP: 0)(159,161,1)
[23:46:25]ATTACK: venus human trap attacked Space Bat  (NEWHP: 0)(160,162,1)
[23:46:31]ATTACK: venus human trap attacked Space Bat  (NEWHP: 0)(160,162,1)
[23:47:02]ATTACK: venus human trap attacked Space Bat  (NEWHP: 0)(159,161,1)
[23:47:35]ATTACK: venus human trap attacked Space Bat  (NEWHP: 0)(158,160,1)
