

Starting up. 00:06.01
---------------------
[00:07:38]ATTACK: giant rad scorpion (398) attacked Default Cyborg-829  (NEWHP: 100)(40,159,1)
[00:07:40]ATTACK: giant rad scorpion (398) attacked Default Cyborg-829  (NEWHP: 82)(40,159,1)
[00:07:42]ATTACK: giant rad scorpion (398) attacked Default Cyborg-829  (NEWHP: 67)(40,159,1)
[00:07:44]ATTACK: giant rad scorpion (398) attacked Default Cyborg-829  (NEWHP: 51)(40,159,1)
[00:07:47]ATTACK: giant rad scorpion (398) attacked Default Cyborg-829  (NEWHP: 36)(40,159,1)
[00:07:49]ATTACK: giant rad scorpion (398) attacked Default Cyborg-829  (NEWHP: 16)(40,159,1)
[00:07:51]ATTACK: giant rad scorpion (398) attacked Default Cyborg-829  (NEWHP: -4)(40,159,1)
[00:07:53]ATTACK: giant rad scorpion (398) attacked Default Cyborg-829  (NEWHP: -21)(40,159,1)
[00:07:55]ATTACK: giant rad scorpion (398) attacked Default Cyborg-829  (NEWHP: -41)(40,159,1)
[00:07:57]ATTACK: giant rad scorpion (398) attacked Default Cyborg-829  (NEWHP: -56)(40,159,1)
[00:07:59]ATTACK: giant rad scorpion (398) attacked Default Cyborg-829  (NEWHP: -73)(40,159,1)
[00:08:01]ATTACK: giant rad scorpion (398) attacked Default Cyborg-829  (NEWHP: -88)(40,159,1)
[00:08:48]ATTACK: Cazador attacked Griffin Whiteman(pahomlancer)  (NEWHP: 100)(215,121,1)
[00:08:50]ATTACK: Cazador attacked Griffin Whiteman(pahomlancer)  (NEWHP: 80)(215,121,1)
[00:11:43]ATTACK: Cazador attacked Griffin Whiteman(pahomlancer)  (NEWHP: 100)(241,132,1)
[00:11:45]ATTACK: Cazador attacked Griffin Whiteman(pahomlancer)  (NEWHP: 80)(241,132,1)
[00:13:14]ATTACK: Raider shot Raider with the pellet (NEWHP: 80)(136,239,1)
[00:13:21]ATTACK: Raider shot Raider with the pellet (NEWHP: 60)(136,239,1)
[00:13:27]ATTACK: Raider shot Raider with the pellet (NEWHP: 40)(136,239,1)
[00:13:33]ATTACK: Raider shot Raider with the pellet (NEWHP: 20)(136,239,1)
[00:14:59]ATTACK: Griffin Whiteman(pahomlancer) fed Griffin Whiteman(pahomlancer) with methamphetamine(10 units); epinephrine(20 units); inacusiate(5 units); oculine(5 units);  (NEWHP: 100)(234,137,1)
[00:15:43]ATTACK: Molerat attacked yaogai  (NEWHP: 300)(134,155,1)
[00:15:43]ATTACK: yaogai attacked Molerat  (NEWHP: 50)(133,155,1)
[00:15:45]ATTACK: Molerat attacked yaogai  (NEWHP: 291)(134,155,1)
[00:15:46]ATTACK: yaogai attacked Molerat  (NEWHP: 19)(133,155,1)
[00:16:19]ATTACK: Molerat attacked yaogai  (NEWHP: 283)(126,153,1)
[00:16:19]ATTACK: yaogai attacked Molerat  (NEWHP: 50)(125,154,1)
[00:16:21]ATTACK: Molerat attacked yaogai  (NEWHP: 276)(126,153,1)
[00:16:21]ATTACK: Molerat attacked yaogai  (NEWHP: 269)(126,153,1)
[00:16:21]ATTACK: yaogai attacked Molerat  (NEWHP: 15)(125,154,1)
[00:16:23]ATTACK: Molerat attacked yaogai  (NEWHP: 260)(126,153,1)
[00:16:25]ATTACK: Molerat attacked yaogai  (NEWHP: 250)(126,153,1)
[00:16:25]ATTACK: yaogai attacked Molerat  (NEWHP: 50)(125,152,1)
[00:16:27]ATTACK: Molerat attacked yaogai  (NEWHP: 241)(126,153,1)
[00:16:27]ATTACK: yaogai attacked Molerat  (NEWHP: 17)(125,152,1)
[00:16:50]ATTACK: Molerat attacked yaogai  (NEWHP: 232)(117,148,1)
[00:16:50]ATTACK: yaogai attacked Molerat  (NEWHP: 50)(116,149,1)
[00:16:52]ATTACK: Molerat attacked yaogai  (NEWHP: 222)(117,147,1)
[00:16:52]ATTACK: Molerat attacked yaogai  (NEWHP: 216)(117,147,1)
[00:16:54]ATTACK: Molerat attacked yaogai  (NEWHP: 206)(116,148,1)
[00:16:54]ATTACK: Molerat attacked yaogai  (NEWHP: 196)(116,148,1)
[00:16:54]ATTACK: Molerat attacked yaogai  (NEWHP: 191)(116,148,1)
[00:16:54]ATTACK: yaogai attacked Molerat  (NEWHP: 25)(116,147,1)
[00:16:56]ATTACK: Molerat attacked yaogai  (NEWHP: 185)(116,148,1)
[00:16:56]ATTACK: Molerat attacked yaogai  (NEWHP: 177)(116,148,1)
[00:16:58]ATTACK: Molerat attacked yaogai  (NEWHP: 170)(116,149,1)
[00:16:58]ATTACK: Molerat attacked yaogai  (NEWHP: 162)(116,149,1)
[00:16:58]ATTACK: Molerat attacked yaogai  (NEWHP: 156)(116,149,1)
[00:16:58]ATTACK: yaogai attacked Molerat  (NEWHP: 50)(117,148,1)
[00:17:00]ATTACK: Molerat attacked yaogai  (NEWHP: 148)(116,149,1)
[00:17:00]ATTACK: Molerat attacked yaogai  (NEWHP: 140)(116,149,1)
[00:17:00]ATTACK: Molerat attacked yaogai  (NEWHP: 133)(116,149,1)
[00:17:00]ATTACK: yaogai attacked Molerat  (NEWHP: 18)(117,148,1)
[00:17:02]ATTACK: Molerat attacked yaogai  (NEWHP: 127)(116,149,1)
[00:17:02]ATTACK: Molerat attacked yaogai  (NEWHP: 119)(116,149,1)
[00:17:04]ATTACK: Molerat attacked yaogai  (NEWHP: 112)(116,149,1)
[00:17:04]ATTACK: Molerat attacked yaogai  (NEWHP: 105)(116,149,1)
[00:17:04]ATTACK: venus human trap attacked venus human trap  (NEWHP: 75)(169,164,1)
[00:17:04]ATTACK: yaogai attacked Molerat  (NEWHP: 50)(116,148,1)
[00:17:06]ATTACK: Molerat attacked yaogai  (NEWHP: 96)(116,149,1)
[00:17:06]ATTACK: Molerat attacked yaogai  (NEWHP: 91)(116,149,1)
[00:17:06]ATTACK: yaogai attacked Molerat  (NEWHP: 50)(115,150,1)
[00:17:08]ATTACK: Molerat attacked yaogai  (NEWHP: 86)(116,149,1)
[00:17:08]ATTACK: Molerat attacked yaogai  (NEWHP: 78)(116,149,1)
[00:17:08]ATTACK: yaogai attacked Molerat  (NEWHP: 25)(115,150,1)
[00:17:10]ATTACK: Molerat attacked yaogai  (NEWHP: 69)(116,149,1)
[00:17:10]ATTACK: venus human trap attacked venus human trap  (NEWHP: 50)(170,163,1)
[00:17:13]ATTACK: Molerat attacked yaogai  (NEWHP: 63)(116,149,1)
[00:17:13]ATTACK: venus human trap attacked venus human trap  (NEWHP: 25)(170,163,1)
[00:17:13]ATTACK: yaogai attacked Molerat  (NEWHP: 15)(116,148,1)


Starting up. 02:10.34
---------------------
[02:12:10]ATTACK: giant rad scorpion (388) attacked Default Cyborg-246  (NEWHP: 100)(40,159,1)
[02:12:12]ATTACK: giant rad scorpion (388) attacked Default Cyborg-246  (NEWHP: 81)(40,159,1)
[02:12:14]ATTACK: giant rad scorpion (388) attacked Default Cyborg-246  (NEWHP: 61)(40,159,1)
[02:12:16]ATTACK: giant rad scorpion (388) attacked Default Cyborg-246  (NEWHP: 41)(40,159,1)
[02:12:19]ATTACK: giant rad scorpion (388) attacked Default Cyborg-246  (NEWHP: 25)(40,159,1)
[02:12:21]ATTACK: giant rad scorpion (388) attacked Default Cyborg-246  (NEWHP: 8)(40,159,1)
[02:12:24]ATTACK: giant rad scorpion (388) attacked Default Cyborg-246  (NEWHP: -12)(40,159,1)
[02:12:25]ATTACK: giant rad scorpion (388) attacked Default Cyborg-246  (NEWHP: -31)(40,159,1)
[02:12:27]ATTACK: giant rad scorpion (388) attacked Default Cyborg-246  (NEWHP: -50)(40,159,1)
[02:12:29]ATTACK: giant rad scorpion (388) attacked Default Cyborg-246  (NEWHP: -68)(40,159,1)
[02:12:31]ATTACK: giant rad scorpion (388) attacked Default Cyborg-246  (NEWHP: -88)(40,159,1)
[02:13:46]ATTACK: Cazador attacked Griffin Whiteman(pahomlancer)  (NEWHP: 100)(222,136,1)
[02:13:48]ATTACK: Cazador attacked Griffin Whiteman(pahomlancer)  (NEWHP: 80)(222,138,1)
[02:13:49]ATTACK: Griffin Whiteman(pahomlancer) attacked Cazador with kitchen knife(INTENT: HELP) (DAMTYPE: BRUTE) (NEWHP: 50)(222,137,1)
[02:13:50]ATTACK: Griffin Whiteman(pahomlancer) attacked Cazador with kitchen knife(INTENT: HELP) (DAMTYPE: BRUTE) (NEWHP: 40)(222,137,1)
[02:13:50]ATTACK: Cazador attacked Griffin Whiteman(pahomlancer)  (NEWHP: 60)(222,138,1)
[02:13:51]ATTACK: Griffin Whiteman(pahomlancer) attacked Cazador with kitchen knife(INTENT: HELP) (DAMTYPE: BRUTE) (NEWHP: 30)(222,137,1)
[02:13:52]ATTACK: Griffin Whiteman(pahomlancer) attacked Cazador with kitchen knife(INTENT: HELP) (DAMTYPE: BRUTE) (NEWHP: 20)(222,137,1)
[02:13:52]ATTACK: Griffin Whiteman(pahomlancer) attacked Cazador with kitchen knife(INTENT: HELP) (DAMTYPE: BRUTE) (NEWHP: 10)(222,137,1)
[02:13:52]ATTACK: Cazador attacked Griffin Whiteman(pahomlancer)  (NEWHP: 40)(222,138,1)
[02:13:55]ATTACK: Cazador attacked Griffin Whiteman(pahomlancer)  (NEWHP: 20)(222,138,1)
[02:13:57]ATTACK: Cazador attacked Griffin Whiteman(pahomlancer)  (NEWHP: 100)(222,138,1)
[02:13:58]ATTACK: Griffin Whiteman(pahomlancer) attacked Cazador with kitchen knife(INTENT: HELP) (DAMTYPE: BRUTE) (NEWHP: 0)(222,137,1)
[02:14:18]ATTACK: Griffin Whiteman(pahomlancer) shot Cazador with the bullet (NEWHP: 20)(235,137,1)
[02:14:19]ATTACK: Griffin Whiteman(pahomlancer) shot Cazador with the bullet (NEWHP: 0)(235,137,1)
[02:14:19]ATTACK: Griffin Whiteman(pahomlancer) shot Cazador with the bullet (NEWHP: 20)(235,137,1)
[02:14:19]ATTACK: Cazador attacked Griffin Whiteman(pahomlancer)  (NEWHP: 80)(234,137,1)
[02:14:20]ATTACK: Griffin Whiteman(pahomlancer) shot Cazador with the bullet (NEWHP: 0)(235,137,1)
[02:17:30]ATTACK: venus human trap attacked venus human trap  (NEWHP: 60)(162,162,1)
[02:17:32]ATTACK: venus human trap attacked venus human trap  (NEWHP: 35)(162,162,1)
[02:17:34]ATTACK: venus human trap attacked venus human trap  (NEWHP: 10)(162,162,1)
[02:18:09]ATTACK: Raider shot Raider with the bullet (NEWHP: 65)(136,239,1)
[02:18:21]ATTACK: Raider shot Raider with the bullet (NEWHP: 30)(136,239,1)


Starting up. 03:44.10
---------------------
[03:45:43]ATTACK: giant rad scorpion (713) attacked Default Cyborg-211  (NEWHP: 100)(40,159,1)
[03:45:46]ATTACK: giant rad scorpion (713) attacked Default Cyborg-211  (NEWHP: 80)(40,159,1)
[03:45:48]ATTACK: giant rad scorpion (713) attacked Default Cyborg-211  (NEWHP: 60)(40,159,1)
[03:45:50]ATTACK: giant rad scorpion (713) attacked Default Cyborg-211  (NEWHP: 45)(40,159,1)
[03:45:52]ATTACK: giant rad scorpion (713) attacked Default Cyborg-211  (NEWHP: 29)(40,159,1)
[03:45:54]ATTACK: giant rad scorpion (713) attacked Default Cyborg-211  (NEWHP: 14)(40,159,1)
[03:45:56]ATTACK: giant rad scorpion (713) attacked Default Cyborg-211  (NEWHP: -2)(40,159,1)
[03:45:58]ATTACK: giant rad scorpion (713) attacked Default Cyborg-211  (NEWHP: -20)(40,159,1)
[03:46:00]ATTACK: giant rad scorpion (713) attacked Default Cyborg-211  (NEWHP: -38)(40,159,1)
[03:46:02]ATTACK: giant rad scorpion (713) attacked Default Cyborg-211  (NEWHP: -54)(40,159,1)
[03:46:04]ATTACK: giant rad scorpion (713) attacked Default Cyborg-211  (NEWHP: -72)(40,159,1)
[03:46:06]ATTACK: giant rad scorpion (713) attacked Default Cyborg-211  (NEWHP: -91)(40,159,1)
[03:47:12]ATTACK: Mutant attacked Griffin Whiteman(pahomlancer)  (NEWHP: 100)(92,130,1)
[03:47:14]ATTACK: Mutant attacked Griffin Whiteman(pahomlancer)  (NEWHP: 100)(92,130,1)
[03:47:16]ATTACK: Mutant attacked Griffin Whiteman(pahomlancer)  (NEWHP: 100)(90,126,1)
[03:47:52]ATTACK: Gekkon attacked Griffin Whiteman(pahomlancer)  (NEWHP: 100)(82,122,1)
[03:47:52]ATTACK: Gekkon attacked Griffin Whiteman(pahomlancer)  (NEWHP: 100)(82,122,1)
[03:47:54]ATTACK: venus human trap attacked venus human trap  (NEWHP: 70)(157,159,1)
[03:47:56]ATTACK: venus human trap attacked venus human trap  (NEWHP: 55)(158,160,1)
[03:47:57]ATTACK: venus human trap attacked venus human trap  (NEWHP: 30)(158,161,1)
[03:47:57]ATTACK: venus human trap attacked venus human trap  (NEWHP: 35)(157,160,1)
[03:48:00]ATTACK: venus human trap attacked venus human trap  (NEWHP: 5)(157,161,1)
[03:48:43]ATTACK: Mutant attacked Griffin Whiteman(pahomlancer)  (NEWHP: 100)(96,136,1)
[03:48:45]ATTACK: Mutant attacked Griffin Whiteman(pahomlancer)  (NEWHP: 100)(97,136,1)
[03:48:49]ATTACK: Molerat attacked Griffin Whiteman(pahomlancer)  (NEWHP: 100)(113,141,1)
[03:48:49]ATTACK: Molerat attacked Griffin Whiteman(pahomlancer)  (NEWHP: 100)(113,141,1)
[03:48:49]ATTACK: Molerat attacked Griffin Whiteman(pahomlancer)  (NEWHP: 100)(113,141,1)
[03:48:52]ATTACK: Molerat attacked Griffin Whiteman(pahomlancer)  (NEWHP: 100)(116,149,1)
[03:48:52]ATTACK: Molerat attacked Griffin Whiteman(pahomlancer)  (NEWHP: 100)(116,149,1)
[03:48:54]ATTACK: Molerat attacked Griffin Whiteman(pahomlancer)  (NEWHP: 100)(113,149,1)
[03:48:54]ATTACK: Molerat attacked Griffin Whiteman(pahomlancer)  (NEWHP: 100)(113,149,1)
[03:48:54]ATTACK: Molerat attacked Griffin Whiteman(pahomlancer)  (NEWHP: 100)(113,149,1)
[03:48:54]ATTACK: Molerat attacked Griffin Whiteman(pahomlancer)  (NEWHP: 100)(113,149,1)
[03:48:54]ATTACK: Molerat attacked Griffin Whiteman(pahomlancer)  (NEWHP: 100)(113,149,1)
[03:48:58]ATTACK: Molerat attacked Griffin Whiteman(pahomlancer)  (NEWHP: 100)(114,156,1)
[03:48:58]ATTACK: Molerat attacked Griffin Whiteman(pahomlancer)  (NEWHP: 100)(114,156,1)
[03:48:58]ATTACK: Molerat attacked Griffin Whiteman(pahomlancer)  (NEWHP: 100)(114,156,1)
[03:48:58]ATTACK: Molerat attacked Griffin Whiteman(pahomlancer)  (NEWHP: 100)(114,156,1)
[03:49:00]ATTACK: Molerat attacked Griffin Whiteman(pahomlancer)  (NEWHP: 100)(110,153,1)
[03:49:00]ATTACK: Molerat attacked Griffin Whiteman(pahomlancer)  (NEWHP: 100)(110,153,1)
[03:49:02]ATTACK: Molerat attacked Griffin Whiteman(pahomlancer)  (NEWHP: 100)(114,150,1)
[03:49:02]ATTACK: Molerat attacked Griffin Whiteman(pahomlancer)  (NEWHP: 100)(114,150,1)
[03:49:02]ATTACK: Molerat attacked Griffin Whiteman(pahomlancer)  (NEWHP: 100)(114,150,1)
[03:49:04]ATTACK: Molerat attacked Griffin Whiteman(pahomlancer)  (NEWHP: 100)(117,144,1)
[03:49:06]ATTACK: Molerat attacked Griffin Whiteman(pahomlancer)  (NEWHP: 100)(115,139,1)
[03:49:06]ATTACK: Molerat attacked Griffin Whiteman(pahomlancer)  (NEWHP: 100)(115,139,1)
[03:49:06]ATTACK: Molerat attacked Griffin Whiteman(pahomlancer)  (NEWHP: 100)(115,139,1)
[03:49:08]ATTACK: Molerat attacked Griffin Whiteman(pahomlancer)  (NEWHP: 100)(108,139,1)
[03:49:08]ATTACK: Molerat attacked Griffin Whiteman(pahomlancer)  (NEWHP: 100)(108,139,1)
[03:49:13]ATTACK: Molerat attacked Griffin Whiteman(pahomlancer)  (NEWHP: 100)(98,138,1)
[03:49:13]ATTACK: Molerat attacked Griffin Whiteman(pahomlancer)  (NEWHP: 100)(98,138,1)
[03:49:13]ATTACK: Molerat attacked Griffin Whiteman(pahomlancer)  (NEWHP: 100)(98,138,1)
[03:49:13]ATTACK: Molerat attacked Griffin Whiteman(pahomlancer)  (NEWHP: 100)(98,138,1)
[03:49:13]ATTACK: Molerat attacked Griffin Whiteman(pahomlancer)  (NEWHP: 100)(98,138,1)
[03:49:13]ATTACK: Molerat attacked Griffin Whiteman(pahomlancer)  (NEWHP: 100)(98,138,1)
[03:49:14]ATTACK: Molerat attacked Griffin Whiteman(pahomlancer)  (NEWHP: 100)(98,138,1)
[03:49:14]ATTACK: Molerat attacked Griffin Whiteman(pahomlancer)  (NEWHP: 100)(98,138,1)
[03:49:14]ATTACK: Molerat attacked Griffin Whiteman(pahomlancer)  (NEWHP: 100)(98,138,1)
[03:49:14]ATTACK: Molerat attacked Griffin Whiteman(pahomlancer)  (NEWHP: 100)(98,138,1)
[03:49:14]ATTACK: Molerat attacked Griffin Whiteman(pahomlancer)  (NEWHP: 100)(98,138,1)
[03:49:14]ATTACK: Molerat attacked Griffin Whiteman(pahomlancer)  (NEWHP: 100)(98,138,1)
[03:49:18]ATTACK: Mutant attacked Griffin Whiteman(pahomlancer)  (NEWHP: 100)(92,130,1)
[03:49:33]ATTACK: Gekkon attacked Griffin Whiteman(pahomlancer)  (NEWHP: 100)(93,107,1)
[03:49:41]ATTACK: Gekkon attacked Griffin Whiteman(pahomlancer)  (NEWHP: 100)(123,99,1)
[03:49:41]ATTACK: Gekkon attacked Griffin Whiteman(pahomlancer)  (NEWHP: 100)(123,99,1)
[03:49:45]ATTACK: Gekkon attacked Griffin Whiteman(pahomlancer)  (NEWHP: 100)(124,93,1)
[03:49:45]ATTACK: Gekkon attacked Griffin Whiteman(pahomlancer)  (NEWHP: 100)(124,93,1)
[03:49:58]ATTACK: Gekkon attacked Griffin Whiteman(pahomlancer)  (NEWHP: 100)(129,95,1)
[03:49:58]ATTACK: Gekkon attacked Griffin Whiteman(pahomlancer)  (NEWHP: 100)(129,95,1)
[03:49:59]ATTACK: Griffin Whiteman(pahomlancer) attacked Gekkon with switchblade(INTENT: HELP) (DAMTYPE: BRUTE) (NEWHP: 40)(129,95,1)
[03:50:00]ATTACK: Gekkon attacked Griffin Whiteman(pahomlancer)  (NEWHP: 100)(129,94,1)
[03:50:00]ATTACK: Gekkon attacked Griffin Whiteman(pahomlancer)  (NEWHP: 100)(129,94,1)
[03:50:00]ATTACK: Gekkon attacked Griffin Whiteman(pahomlancer)  (NEWHP: 100)(129,94,1)
[03:50:00]ATTACK: Gekkon attacked Griffin Whiteman(pahomlancer)  (NEWHP: 100)(129,94,1)
[03:50:00]ATTACK: Griffin Whiteman(pahomlancer) attacked Gekkon with switchblade(INTENT: HELP) (DAMTYPE: BRUTE) (NEWHP: 20)(129,95,1)
[03:50:01]ATTACK: Griffin Whiteman(pahomlancer) attacked Gekkon with switchblade(INTENT: HELP) (DAMTYPE: BRUTE) (NEWHP: 0)(129,95,1)
[03:50:02]ATTACK: Griffin Whiteman(pahomlancer) attacked Gekkon with switchblade(INTENT: HELP) (DAMTYPE: BRUTE) (NEWHP: 0)(129,95,1)
[03:50:02]ATTACK: Gekkon attacked Griffin Whiteman(pahomlancer)  (NEWHP: 100)(129,94,1)
[03:50:02]ATTACK: Gekkon attacked Griffin Whiteman(pahomlancer)  (NEWHP: 100)(129,94,1)
[03:50:02]ATTACK: Gekkon attacked Griffin Whiteman(pahomlancer)  (NEWHP: 100)(129,94,1)
[03:50:03]ATTACK: Griffin Whiteman(pahomlancer) attacked Gekkon with switchblade(INTENT: HELP) (DAMTYPE: BRUTE) (NEWHP: 0)(129,95,1)
[03:50:03]ATTACK: Griffin Whiteman(pahomlancer) attacked Gekkon with switchblade(INTENT: HELP) (DAMTYPE: BRUTE) (NEWHP: 40)(128,94,1)
[03:50:04]ATTACK: Gekkon attacked Griffin Whiteman(pahomlancer)  (NEWHP: 100)(129,94,1)
[03:50:04]ATTACK: Gekkon attacked Griffin Whiteman(pahomlancer)  (NEWHP: 100)(129,94,1)
[03:50:04]ATTACK: Gekkon attacked Griffin Whiteman(pahomlancer)  (NEWHP: 100)(129,94,1)
[03:50:06]ATTACK: Gekkon attacked Griffin Whiteman(pahomlancer)  (NEWHP: 100)(125,94,1)
[03:50:06]ATTACK: Gekkon attacked Griffin Whiteman(pahomlancer)  (NEWHP: 100)(125,94,1)
[03:50:06]ATTACK: Gekkon attacked Griffin Whiteman(pahomlancer)  (NEWHP: 100)(125,94,1)
[03:50:08]ATTACK: Gekkon attacked Griffin Whiteman(pahomlancer)  (NEWHP: 100)(125,94,1)
[03:50:08]ATTACK: Gekkon attacked Griffin Whiteman(pahomlancer)  (NEWHP: 100)(125,94,1)
[03:50:08]ATTACK: Gekkon attacked Griffin Whiteman(pahomlancer)  (NEWHP: 100)(125,94,1)
[03:50:16]ATTACK: Griffin Whiteman(pahomlancer) attacked Gekkon with Grey Tide(INTENT: HELP) (DAMTYPE: BRUTE) (NEWHP: 30)(125,93,1)
[03:50:17]ATTACK: Gekkon attacked Griffin Whiteman(pahomlancer)  (NEWHP: 100)(124,94,1)
[03:50:17]ATTACK: Gekkon attacked Griffin Whiteman(pahomlancer)  (NEWHP: 100)(124,94,1)
[03:50:17]ATTACK: Gekkon attacked Griffin Whiteman(pahomlancer)  (NEWHP: 100)(124,94,1)
[03:50:17]ATTACK: Griffin Whiteman attacked Gekkon  (NEWHP: 30)(125,93,1)
[03:50:17]ATTACK: Griffin Whiteman(pahomlancer) attacked Gekkon with Grey Tide(INTENT: HELP) (DAMTYPE: BRUTE) (NEWHP: 8)(125,93,1)
[03:50:18]ATTACK: Griffin Whiteman(pahomlancer) attacked Gekkon with Grey Tide(INTENT: HELP) (DAMTYPE: BRUTE) (NEWHP: 0)(125,93,1)
[03:50:19]ATTACK: Gekkon attacked Griffin Whiteman(pahomlancer)  (NEWHP: 100)(124,94,1)
[03:50:19]ATTACK: Gekkon attacked Griffin Whiteman(pahomlancer)  (NEWHP: 100)(124,94,1)
[03:50:21]ATTACK: Gekkon attacked Griffin Whiteman(pahomlancer)  (NEWHP: 100)(125,94,1)
[03:50:21]ATTACK: Gekkon attacked Griffin Whiteman(pahomlancer)  (NEWHP: 100)(125,94,1)
[03:50:21]ATTACK: Griffin Whiteman attacked Gekkon  (NEWHP: 60)(124,93,1)
[03:50:23]ATTACK: Griffin Whiteman(pahomlancer) attacked Gekkon with Grey Tide(INTENT: HELP) (DAMTYPE: BRUTE) (NEWHP: 38)(125,94,1)
[03:50:23]ATTACK: Gekkon attacked Griffin Whiteman(pahomlancer)  (NEWHP: 100)(126,94,1)
[03:50:23]ATTACK: Gekkon attacked Griffin Whiteman  (NEWHP: 100)(125,95,1)
[03:50:23]ATTACK: Griffin Whiteman attacked Gekkon  (NEWHP: 38)(125,94,1)
[03:50:23]ATTACK: Griffin Whiteman attacked Gekkon  (NEWHP: 26)(125,94,1)
[03:50:24]ATTACK: Griffin Whiteman(pahomlancer) attacked Gekkon with Grey Tide(INTENT: HELP) (DAMTYPE: BRUTE) (NEWHP: 4)(125,94,1)
[03:50:24]ATTACK: Griffin Whiteman(pahomlancer) attacked Gekkon with Grey Tide(INTENT: HELP) (DAMTYPE: BRUTE) (NEWHP: 0)(125,94,1)
[03:50:25]ATTACK: Gekkon attacked Griffin Whiteman(pahomlancer)  (NEWHP: 100)(126,94,1)
[03:50:25]ATTACK: Griffin Whiteman(pahomlancer) attacked Gekkon with Grey Tide(INTENT: HELP) (DAMTYPE: BRUTE) (NEWHP: 50)(126,95,1)
[03:50:26]ATTACK: Griffin Whiteman(pahomlancer) attacked Gekkon with Grey Tide(INTENT: HELP) (DAMTYPE: BRUTE) (NEWHP: 40)(126,95,1)
[03:50:27]ATTACK: Gekkon attacked Griffin Whiteman  (NEWHP: 100)(126,94,1)
[03:50:27]ATTACK: Griffin Whiteman attacked Gekkon  (NEWHP: 40)(126,95,1)
[03:50:29]ATTACK: Griffin Whiteman(pahomlancer) attacked Gekkon with Grey Tide(INTENT: HELP) (DAMTYPE: BRUTE) (NEWHP: 18)(126,94,1)
[03:50:29]ATTACK: Gekkon attacked Griffin Whiteman  (NEWHP: 87)(126,93,1)
[03:50:29]ATTACK: Griffin Whiteman attacked Gekkon  (NEWHP: 18)(126,94,1)
[03:50:29]ATTACK: Griffin Whiteman attacked Gekkon  (NEWHP: 6)(126,94,1)
[03:50:49]ATTACK: Raider shot Griffin Whiteman(pahomlancer) with the pellet (NEWHP: 100)(143,91,1)
[03:50:55]ATTACK: Raider shot Griffin Whiteman(pahomlancer) with the pellet (NEWHP: 100)(140,91,1)
[03:51:24]ATTACK: Raider shot Gekkon with the pellet (NEWHP: 40)(140,80,1)
[03:51:25]ATTACK: Gekkon attacked Raider  (NEWHP: 100)(142,83,1)
[03:51:25]ATTACK: Raider attacked Gekkon  (NEWHP: 40)(142,82,1)
[03:51:27]ATTACK: Gekkon attacked Raider  (NEWHP: 86)(142,91,1)
[03:51:27]ATTACK: Raider attacked Gekkon  (NEWHP: 15)(142,90,1)
[03:51:30]ATTACK: Raider shot Griffin Whiteman(pahomlancer) with the pellet (NEWHP: 100)(187,99,1)
[03:51:36]ATTACK: Raider shot Raider with the pellet (NEWHP: 80)(161,99,1)
[03:51:36]ATTACK: Raider shot Griffin Whiteman(pahomlancer) with the bullet (NEWHP: 100)(157,99,1)
[03:51:58]ATTACK: Raider shot Raider with the pellet (NEWHP: 80)(150,104,1)
[03:51:58]ATTACK: Raider shot Raider with the pellet (NEWHP: 60)(150,104,1)
[03:51:58]ATTACK: Raider shot Raider with the pellet (NEWHP: 40)(150,104,1)
[03:52:04]ATTACK: Raider shot Raider with the pellet (NEWHP: 20)(150,104,1)
[03:52:04]ATTACK: Raider shot Sybil Ellis with the pellet (NEWHP: 100)(150,104,1)
[03:52:04]ATTACK: Raider shot Sybil Ellis with the pellet (NEWHP: 100)(150,104,1)
[03:52:04]ATTACK: Raider shot Sybil Ellis with the pellet (NEWHP: 100)(150,104,1)
[03:52:09]ATTACK: Raider shot Raider with the pellet (NEWHP: 80)(136,239,1)
[03:52:15]ATTACK: Raider shot Raider with the pellet (NEWHP: 60)(136,239,1)
[03:52:21]ATTACK: Raider shot Raider with the pellet (NEWHP: 40)(136,239,1)
[03:52:27]ATTACK: Raider shot Raider with the pellet (NEWHP: 20)(136,239,1)
[03:54:45]ATTACK: Griffin Whiteman(pahomlancer) fed Griffin Whiteman(pahomlancer) with styptic_powder(60 units); silver_sulfadiazine(60 units);  (NEWHP: 100)(158,103,1)
[03:54:48]ATTACK: Griffin Whiteman(pahomlancer) fed Griffin Whiteman(pahomlancer) with styptic_powder(60 units); silver_sulfadiazine(60 units);  (NEWHP: 100)(158,103,1)
[03:55:10]ATTACK: Raider shot Raider with the pellet (NEWHP: 60)(163,100,1)
[03:55:10]ATTACK: Raider shot Griffin Whiteman(pahomlancer) with the pellet (NEWHP: 100)(167,98,1)
[03:55:17]ATTACK: Raider shot Griffin Whiteman(pahomlancer) with the pellet (NEWHP: 100)(194,99,1)
[03:55:18]ATTACK: Raider shot Griffin Whiteman(pahomlancer) with the bullet (NEWHP: 100)(203,99,1)
[03:55:22]ATTACK: Raider shot Griffin Whiteman(pahomlancer) with the pellet (NEWHP: 100)(194,101,1)
[03:55:24]ATTACK: Griffin Whiteman(pahomlancer) fed Griffin Whiteman(pahomlancer) with styptic_powder(15 units); silver_sulfadiazine(15 units); space_drugs(5 units);  (NEWHP: 100)(189,105,1)
[03:57:25]ATTACK: Raider shot Raider with the pellet (NEWHP: 80)(136,240,1)
[03:57:32]ATTACK: Raider shot Raider with the pellet (NEWHP: 60)(136,239,1)
[03:57:38]ATTACK: Raider shot Raider with the pellet (NEWHP: 40)(136,239,1)
[03:57:44]ATTACK: Raider shot Raider with the pellet (NEWHP: 20)(136,239,1)


Starting up. 04:13.22
---------------------
[04:14:32]ATTACK: giant rad scorpion (332) attacked Default Cyborg-561  (NEWHP: 100)(40,159,1)
[04:14:34]ATTACK: giant rad scorpion (332) attacked Default Cyborg-561  (NEWHP: 84)(40,159,1)
[04:14:37]ATTACK: giant rad scorpion (332) attacked Default Cyborg-561  (NEWHP: 66)(40,159,1)
[04:14:38]ATTACK: giant rad scorpion (332) attacked Default Cyborg-561  (NEWHP: 50)(40,159,1)
[04:14:40]ATTACK: giant rad scorpion (332) attacked Default Cyborg-561  (NEWHP: 33)(40,159,1)
[04:14:43]ATTACK: giant rad scorpion (332) attacked Default Cyborg-561  (NEWHP: 15)(40,159,1)
[04:14:45]ATTACK: giant rad scorpion (332) attacked Default Cyborg-561  (NEWHP: -2)(40,159,1)
[04:14:47]ATTACK: giant rad scorpion (332) attacked Default Cyborg-561  (NEWHP: -21)(40,159,1)
[04:14:49]ATTACK: giant rad scorpion (332) attacked Default Cyborg-561  (NEWHP: -37)(40,159,1)
[04:14:51]ATTACK: giant rad scorpion (332) attacked Default Cyborg-561  (NEWHP: -54)(40,159,1)
[04:14:53]ATTACK: giant rad scorpion (332) attacked Default Cyborg-561  (NEWHP: -71)(40,159,1)
[04:14:55]ATTACK: giant rad scorpion (332) attacked Default Cyborg-561  (NEWHP: -88)(40,159,1)
