

Starting up. 00:12.07
---------------------
Adding game mode abduction (abduction) to configuration.
Adding game mode blob (blob) to configuration.
Adding game mode changeling (changeling) to configuration.
Adding game mode traitor+changeling (traitorchan) to configuration.
Adding game mode double agents (double_agents) to configuration.
Adding game mode traitor (traitor) to configuration.
Adding game mode cult (cult) to configuration.
Adding game mode extended (extended) to configuration.
Adding game mode gang war (gang) to configuration.
Adding game mode hand of god (handofgod) to configuration.
Adding game mode AI malfunction (malfunction) to configuration.
Adding game mode meteor (meteor) to configuration.
Adding game mode monkey (monkey) to configuration.
Adding game mode nuclear emergency (nuclear) to configuration.
Adding game mode revolution (revolution) to configuration.
Adding game mode sandbox (sandbox) to configuration.
Adding game mode shadowling (shadowling) to configuration.
Adding game mode very ragin' bullshit mages (veryraginbullshitmages) to configuration.
Adding game mode ragin' mages (raginmages) to configuration.
Adding game mode wizard (wizard) to configuration.
Saved mode is 'extended'
Failed to connect to database in load_admin_ranks(). Reverting to legacy system.
Database connection failed. Reverting to the legacy ban system.
[00:12:07]ADMIN: Loading appearance_rank
[00:12:07]ADMIN: appearance_keylist was empty
[00:12:07]ADMIN: Loading Banlist
[00:12:45]ACCESS: Login: PahomLancer/(PahomLancer) from 127.0.0.1-357177658 || BYOND v510
[00:14:07]ADMIN: PahomLancer has started the game.
[00:14:10]GAME: SQL ERROR obtaining jobbans. Error : [not connected]

[00:14:10]ACCESS: Logout: *no key*/(PahomLancer)
[00:14:10]ACCESS: Login: PahomLancer/(Griffin Whiteman) from 127.0.0.1-357177658 || BYOND v510
[00:14:11]SAY: Molerat/ : Squeek!
[00:14:11]SAY: Molerat/ : Squeek!
[00:14:11]SAY: Molerat/ : Squeek
[00:14:11]SAY: Molerat/ : Squeek
[00:14:11]SAY: Molerat/ : Squeek, i say
[00:14:11]SAY: Molerat/ : Squeek!
[00:14:11]SAY: Molerat/ : Squeek!
[00:14:11]SAY: Molerat/ : Squeek
[00:14:16]SAY: Molerat/ : Squeek!
[00:14:16]SAY: Molerat/ : Squeek
[00:14:16]SAY: Molerat/ : Squeek
[00:14:16]SAY: Molerat/ : Squeek
[00:14:16]SAY: Molerat/ : Squeek!
[00:14:16]SAY: Molerat/ : Squeek!
[00:14:16]SAY: Molerat/ : Squeek
[00:14:16]GAME: Radiation pulse with size (1, 4) and severity 40 in area Custodial Closet 
[00:14:19]SAY: Molerat/ : Squeek!
[00:14:19]SAY: Molerat/ : Squeek
[00:14:19]SAY: Molerat/ : Squeek, i say
[00:14:19]SAY: Molerat/ : Squeek
[00:14:19]SAY: Molerat/ : Squeek
[00:14:19]SAY: Molerat/ : Squeek!
[00:14:19]SAY: Molerat/ : Squeek
[00:14:19]SAY: Mutant/ : GRRRRRR!
[00:14:19]SAY: Mutant/ : ARGH!
[00:14:19]SAY: Molerat/ : Squeek!
[00:14:19]SAY: Molerat/ : Squeek!
[00:14:21]SAY: Molerat/ : Squeek
[00:14:21]SAY: Molerat/ : Squeek!
[00:14:21]SAY: Molerat/ : Squeek!
[00:14:21]SAY: Molerat/ : Squeek
[00:14:21]SAY: Molerat/ : Squeek
[00:14:21]SAY: Molerat/ : Squeek
[00:14:24]SAY: Molerat/ : Squeek!
[00:14:24]SAY: Molerat/ : Squeek!
[00:14:24]SAY: Molerat/ : Squeek!
[00:14:24]SAY: Molerat/ : Squeek
[00:14:24]SAY: Molerat/ : Squeek!
[00:14:24]SAY: Molerat/ : Squeek!
[00:14:24]SAY: Molerat/ : Squeek
[00:14:24]SAY: Molerat/ : Squeek
[00:14:24]SAY: Molerat/ : Squeek!
[00:14:24]SAY: Molerat/ : Squeek, i say
[00:14:24]SAY: Mutant/ : ARGH!
[00:14:24]SAY: Molerat/ : Squeek!
[00:14:24]SAY: Molerat/ : Squeek
[00:14:26]GAME: Radiation pulse with size (1, 4) and severity 40 in area Custodial Closet 
[00:14:26]SAY: Molerat/ : Squeek, i say
[00:14:26]SAY: Molerat/ : Squeek
[00:14:26]SAY: Molerat/ : Squeek!
[00:14:26]SAY: Molerat/ : Squeek!
[00:14:26]SAY: Molerat/ : Squeek
[00:14:26]SAY: Mutant/ : ARGH!
[00:14:26]SAY: Molerat/ : Squeek!
[00:14:29]SAY: Molerat/ : Squeek
[00:14:29]SAY: Molerat/ : Squeek!
[00:14:29]SAY: Molerat/ : Squeek!
[00:14:29]SAY: Molerat/ : Squeek
[00:14:29]SAY: Molerat/ : Squeek, i say
[00:14:29]SAY: Molerat/ : Squeek!
[00:14:29]SAY: Molerat/ : Squeek!
[00:14:29]SAY: Molerat/ : Squeek!
[00:14:29]SAY: Mutant/ : GRRRRRR!
[00:14:29]SAY: Molerat/ : Squeek!
[00:14:29]SAY: Molerat/ : Squeek!
[00:14:29]SAY: Molerat/ : Squeek
[00:14:31]SAY: Molerat/ : Squeek!
[00:14:31]SAY: Molerat/ : Squeek!
[00:14:31]SAY: Molerat/ : Squeek!
[00:14:31]SAY: Molerat/ : Squeek
[00:14:31]SAY: Mutant/ : GRRRRRR!
[00:14:31]SAY: Molerat/ : Squeek!
[00:14:31]SAY: Mutant/ : ARRRRR!
[00:14:31]SAY: Mutant/ : ARRRRR!
[00:14:31]SAY: Molerat/ : Squeek
[00:14:34]GAME: Radiation pulse with size (1, 4) and severity 40 in area Custodial Closet 
[00:14:34]SAY: Molerat/ : Squeek!
[00:14:34]SAY: Molerat/ : Squeek
[00:14:34]SAY: Molerat/ : Squeek!
[00:14:34]SAY: Mutant/ : ARGH!
[00:14:34]SAY: Molerat/ : Squeek, i say
[00:14:36]SAY: Molerat/ : Squeek!
[00:14:36]SAY: Molerat/ : Squeek
[00:14:36]SAY: Molerat/ : Squeek!
[00:14:36]SAY: Molerat/ : Squeek, i say
[00:14:36]SAY: Molerat/ : Squeek, i say
[00:14:36]SAY: Molerat/ : Squeek!
[00:14:36]SAY: Mutant/ : ARRRRR!
[00:14:36]SAY: Mutant/ : ARRRRR!
[00:14:36]SAY: Molerat/ : Squeek!
[00:14:36]SAY: Molerat/ : Squeek!
[00:14:36]SAY: Molerat/ : Squeek
[00:14:39]SAY: Molerat/ : Squeek!
[00:14:39]SAY: Molerat/ : Squeek!
[00:14:39]SAY: Molerat/ : Squeek!
[00:14:39]SAY: Molerat/ : Squeek!
[00:14:41]GAME: Radiation pulse with size (1, 4) and severity 40 in area Custodial Closet 
[00:14:41]SAY: Molerat/ : Squeek
[00:14:41]SAY: Molerat/ : Squeek
[00:14:41]SAY: Molerat/ : Squeek!
[00:14:41]SAY: Molerat/ : Squeek, i say
[00:14:41]SAY: Molerat/ : Squeek
[00:14:44]SAY: Molerat/ : Squeek
[00:14:44]SAY: Molerat/ : Squeek, i say
[00:14:44]SAY: Molerat/ : Squeek
[00:14:44]SAY: Molerat/ : Squeek
[00:14:44]SAY: Molerat/ : Squeek!
[00:14:44]SAY: Molerat/ : Squeek
[00:14:44]SAY: Molerat/ : Squeek
[00:14:44]SAY: Molerat/ : Squeek
[00:14:44]SAY: Molerat/ : Squeek, i say
[00:14:46]SAY: Molerat/ : Squeek!
[00:14:46]SAY: Molerat/ : Squeek
[00:14:46]SAY: Molerat/ : Squeek
[00:14:46]SAY: Molerat/ : Squeek!
[00:14:46]SAY: Molerat/ : Squeek
[00:14:46]SAY: Molerat/ : Squeek!
[00:14:46]SAY: Molerat/ : Squeek
[00:14:46]SAY: Molerat/ : Squeek!
[00:14:46]SAY: Molerat/ : Squeek
[00:14:46]SAY: Molerat/ : Squeek!
[00:14:46]SAY: Molerat/ : Squeek, i say
[00:14:48]SAY: Molerat/ : Squeek!
[00:14:48]SAY: Molerat/ : Squeek
[00:14:48]SAY: Molerat/ : Squeek
[00:14:48]SAY: Molerat/ : Squeek!
[00:14:48]SAY: Molerat/ : Squeek
[00:14:48]SAY: Molerat/ : Squeek!
[00:14:48]EMOTE: Default Cyborg-851/ : <B>Default Cyborg-851</B> shudders violently for a moment, then becomes motionless, its eyes slowly darkening.
[00:14:48]SAY: Medibot/ : Radar, put a mask on!
[00:14:51]GAME: Radiation pulse with size (1, 4) and severity 40 in area Custodial Closet 
[00:14:51]SAY: Molerat/ : Squeek
[00:14:51]SAY: Molerat/ : Squeek
[00:14:51]SAY: Molerat/ : Squeek!
[00:14:51]SAY: Molerat/ : Squeek!
[00:14:51]SAY: Molerat/ : Squeek!
[00:14:51]SAY: Molerat/ : Squeek
[00:14:51]SAY: Molerat/ : Squeek
[00:14:51]SAY: Molerat/ : Squeek, i say
[00:14:51]SAY: Mutant/ : ARRRRR!
[00:14:51]SAY: Molerat/ : Squeek
[00:14:51]SAY: Molerat/ : Squeek
[00:14:51]SAY: Molerat/ : Squeek
[00:14:53]SAY: Molerat/ : Squeek!
[00:14:53]SAY: Molerat/ : Squeek
[00:14:53]SAY: Molerat/ : Squeek, i say
[00:14:53]SAY: Molerat/ : Squeek, i say
[00:14:53]SAY: Molerat/ : Squeek!
[00:14:53]SAY: Molerat/ : Squeek!
[00:14:53]SAY: Molerat/ : Squeek
[00:14:53]SAY: Mutant/ : NNNNNGH!
[00:14:53]SAY: Molerat/ : Squeek!
[00:14:55]SAY: Molerat/ : Squeek, i say
[00:14:55]SAY: Molerat/ : Squeek!
[00:14:55]SAY: Molerat/ : Squeek
[00:14:55]SAY: Molerat/ : Squeek!
[00:14:55]SAY: Molerat/ : Squeek, i say
[00:14:55]SAY: Molerat/ : Squeek!
[00:14:55]SAY: Mutant/ : HMPH!
[00:14:55]SAY: Mutant/ : NNNNNGH!
[00:14:55]SAY: Molerat/ : Squeek
[00:14:58]SAY: Molerat/ : Squeek, i say
[00:14:58]SAY: Molerat/ : Squeek!
[00:14:58]SAY: Molerat/ : Squeek
[00:14:58]SAY: Molerat/ : Squeek
[00:14:58]SAY: Molerat/ : Squeek
[00:15:00]GAME: Radiation pulse with size (1, 4) and severity 40 in area Custodial Closet 
[00:15:00]SAY: Molerat/ : Squeek
[00:15:00]SAY: Molerat/ : Squeek!
[00:15:00]SAY: Molerat/ : Squeek!
[00:15:00]SAY: Molerat/ : Squeek
[00:15:00]SAY: Molerat/ : Squeek
[00:15:00]SAY: Molerat/ : Squeek
[00:15:00]SAY: Molerat/ : Squeek!
[00:15:00]SAY: Molerat/ : Squeek!
[00:15:00]SAY: Medibot/ : There&#39;s always a catch, and it&#39;s the best there is.
[00:15:02]SAY: Molerat/ : Squeek
[00:15:02]SAY: Molerat/ : Squeek, i say
[00:15:02]SAY: Molerat/ : Squeek!
[00:15:02]SAY: Molerat/ : Squeek, i say
[00:15:02]SAY: Molerat/ : Squeek
[00:15:02]SAY: Molerat/ : Squeek
[00:15:02]SAY: Molerat/ : Squeek, i say
[00:15:02]SAY: Mutant/ : NNNNNGH!
[00:15:02]SAY: Mutant/ : ARGH!
[00:15:02]SAY: Mutant/ : HMPH!
[00:15:02]SAY: Mutant/ : HMPH!
[00:15:02]SAY: Molerat/ : Squeek, i say
[00:15:05]SAY: Molerat/ : Squeek!
[00:15:05]SAY: Molerat/ : Squeek!
[00:15:05]SAY: Molerat/ : Squeek
[00:15:05]SAY: Molerat/ : Squeek
[00:15:05]SAY: Molerat/ : Squeek!
[00:15:06]SAY: Molerat/ : Squeek
[00:15:06]SAY: Molerat/ : Squeek
[00:15:06]SAY: Molerat/ : Squeek
[00:15:06]SAY: Mutant/ : ARRRRR!
[00:15:06]SAY: Molerat/ : Squeek!
[00:15:06]SAY: Molerat/ : Squeek
[00:15:06]SAY: Molerat/ : Squeek!
[00:15:06]SAY: Molerat/ : Squeek, i say
[00:15:08]SAY: Molerat/ : Squeek
[00:15:08]SAY: Molerat/ : Squeek
[00:15:08]SAY: Molerat/ : Squeek, i say
[00:15:08]SAY: Molerat/ : Squeek
[00:15:08]SAY: Molerat/ : Squeek
[00:15:08]SAY: Molerat/ : Squeek
[00:15:08]SAY: Molerat/ : Squeek
[00:15:08]SAY: Molerat/ : Squeek
[00:15:08]SAY: Molerat/ : Squeek
[00:15:08]SAY: Molerat/ : Squeek
[00:15:08]SAY: Mutant/ : NNNNNGH!
[00:15:08]EMOTE: brahmin/ : <B>The brahmin</B> brays.
[00:15:09]GAME: Radiation pulse with size (1, 4) and severity 40 in area Custodial Closet 
[00:15:10]SAY: Molerat/ : Squeek
[00:15:10]SAY: Molerat/ : Squeek
[00:15:10]SAY: Mutant/ : ARRRRR!
[00:15:10]SAY: Molerat/ : Squeek
[00:15:10]SAY: Molerat/ : Squeek!
[00:15:13]SAY: Molerat/ : Squeek
[00:15:13]SAY: Molerat/ : Squeek, i say
[00:15:13]SAY: Molerat/ : Squeek
[00:15:13]SAY: Molerat/ : Squeek
[00:15:13]SAY: Mutant/ : NNNNNGH!
[00:15:13]SAY: Mutant/ : ARGH!
[00:15:13]SAY: Molerat/ : Squeek!
[00:15:15]SAY: Molerat/ : Squeek!
[00:15:15]SAY: Molerat/ : Squeek!
[00:15:15]SAY: Molerat/ : Squeek
[00:15:15]SAY: Mutant/ : ARGH!
[00:15:15]SAY: Molerat/ : Squeek!
[00:15:15]SAY: Molerat/ : Squeek!
[00:15:15]SAY: Mutant/ : ARRRRR!
[00:15:17]SAY: Molerat/ : Squeek
[00:15:17]SAY: Molerat/ : Squeek
[00:15:17]SAY: Molerat/ : Squeek
[00:15:17]SAY: Molerat/ : Squeek
[00:15:17]SAY: Molerat/ : Squeek
[00:15:17]SAY: Molerat/ : Squeek
[00:15:17]SAY: Molerat/ : Squeek!
[00:15:17]SAY: Molerat/ : Squeek
[00:15:17]SAY: Molerat/ : Squeek
[00:15:17]SAY: Molerat/ : Squeek
[00:15:17]SAY: Molerat/ : Squeek
[00:15:19]GAME: Radiation pulse with size (1, 4) and severity 40 in area Custodial Closet 
[00:15:19]SAY: Molerat/ : Squeek
[00:15:19]SAY: Molerat/ : Squeek, i say
[00:15:19]SAY: Molerat/ : Squeek!
[00:15:19]SAY: Molerat/ : Squeek, i say
[00:15:19]SAY: Mutant/ : NNNNNGH!
[00:15:19]SAY: Molerat/ : Squeek!
[00:15:22]SAY: Molerat/ : Squeek
[00:15:22]SAY: Molerat/ : Squeek
[00:15:22]SAY: Molerat/ : Squeek
[00:15:22]SAY: Molerat/ : Squeek
[00:15:22]SAY: Molerat/ : Squeek!
[00:15:22]SAY: Molerat/ : Squeek, i say
[00:15:22]SAY: Molerat/ : Squeek
[00:15:24]SAY: Molerat/ : Squeek!
[00:15:24]SAY: Molerat/ : Squeek!
[00:15:24]SAY: Molerat/ : Squeek
[00:15:24]SAY: Molerat/ : Squeek
[00:15:24]SAY: Mutant/ : HMPH!
[00:15:24]SAY: Molerat/ : Squeek
[00:15:26]SAY: Molerat/ : Squeek!
[00:15:26]SAY: Molerat/ : Squeek
[00:15:26]SAY: Molerat/ : Squeek!
[00:15:26]SAY: Molerat/ : Squeek!
[00:15:28]GAME: Radiation pulse with size (1, 4) and severity 40 in area Custodial Closet 
[00:15:28]SAY: Molerat/ : Squeek
[00:15:28]SAY: Molerat/ : Squeek, i say
[00:15:28]SAY: Molerat/ : Squeek
[00:15:28]SAY: Molerat/ : Squeek
[00:15:28]SAY: Mutant/ : GRRRRRR!
[00:15:28]SAY: Molerat/ : Squeek
[00:15:28]SAY: Molerat/ : Squeek
[00:15:31]SAY: Molerat/ : Squeek!
[00:15:31]SAY: Molerat/ : Squeek!
[00:15:31]SAY: Molerat/ : Squeek
[00:15:31]SAY: Molerat/ : Squeek!
[00:15:31]SAY: Mutant/ : GRRRRRR!
[00:15:31]EMOTE: mouse/ : <B>The mouse</B> squeeks.
[00:15:31]SAY: Molerat/ : Squeek!
[00:15:31]SAY: Molerat/ : Squeek
[00:15:31]SAY: Molerat/ : Squeek
[00:15:31]SAY: Molerat/ : Squeek!
[00:15:33]SAY: Molerat/ : Squeek
[00:15:33]SAY: Molerat/ : Squeek
[00:15:33]SAY: Molerat/ : Squeek
[00:15:33]SAY: Molerat/ : Squeek
[00:15:33]SAY: Molerat/ : Squeek
[00:15:33]SAY: Molerat/ : Squeek
[00:15:33]SAY: Mutant/ : ARRRRR!
[00:15:33]SAY: Molerat/ : Squeek
[00:15:35]SAY: Molerat/ : Squeek, i say
[00:15:35]SAY: Molerat/ : Squeek
[00:15:35]SAY: Molerat/ : Squeek
[00:15:35]SAY: Molerat/ : Squeek
[00:15:35]SAY: Molerat/ : Squeek, i say
[00:15:35]SAY: Molerat/ : Squeek
[00:15:35]SAY: Mutant/ : HMPH!
[00:15:35]SAY: Molerat/ : Squeek!
[00:15:35]SAY: Molerat/ : Squeek!
[00:15:37]GAME: Radiation pulse with size (1, 4) and severity 40 in area Custodial Closet 
[00:15:37]SAY: Molerat/ : Squeek!
[00:15:37]SAY: Molerat/ : Squeek
[00:15:37]SAY: Molerat/ : Squeek
[00:15:37]SAY: Molerat/ : Squeek
[00:15:37]SAY: Molerat/ : Squeek
[00:15:37]SAY: Molerat/ : Squeek!
[00:15:37]SAY: Molerat/ : Squeek!
[00:15:37]SAY: Mutant/ : ARGH!
[00:15:37]SAY: Mutant/ : GRRRRRR!
[00:15:37]SAY: Molerat/ : Squeek
[00:15:37]SAY: Molerat/ : Squeek
[00:15:37]SAY: Molerat/ : Squeek, i say
[00:15:40]SAY: Molerat/ : Squeek!
[00:15:40]SAY: Molerat/ : Squeek
[00:15:40]SAY: Molerat/ : Squeek!
[00:15:40]SAY: Molerat/ : Squeek, i say
[00:15:42]SAY: Molerat/ : Squeek, i say
[00:15:42]SAY: Molerat/ : Squeek!
[00:15:42]SAY: Molerat/ : Squeek
[00:15:42]SAY: Molerat/ : Squeek!
[00:15:42]SAY: Molerat/ : Squeek, i say
[00:15:42]SAY: Mutant/ : ARRRRR!
[00:15:42]SAY: Molerat/ : Squeek!
[00:15:42]SAY: Molerat/ : Squeek!
[00:15:44]GAME: Radiation pulse with size (1, 4) and severity 40 in area Custodial Closet 
[00:15:44]SAY: Molerat/ : Squeek!
[00:15:44]SAY: Molerat/ : Squeek!
[00:15:44]SAY: Molerat/ : Squeek!
[00:15:44]SAY: Molerat/ : Squeek!
[00:15:45]SAY: Molerat/ : Squeek
[00:15:45]SAY: Molerat/ : Squeek, i say
[00:15:45]SAY: Molerat/ : Squeek, i say
[00:15:46]SAY: Molerat/ : Squeek, i say
[00:15:46]SAY: Molerat/ : Squeek
[00:15:46]SAY: Molerat/ : Squeek
[00:15:46]SAY: Molerat/ : Squeek
[00:15:46]SAY: Molerat/ : Squeek!
[00:15:47]SAY: Molerat/ : Squeek!
[00:15:47]SAY: Molerat/ : Squeek!
[00:15:47]SAY: Molerat/ : Squeek!
[00:15:47]SAY: Molerat/ : Squeek!
[00:15:47]SAY: Molerat/ : Squeek
[00:15:47]SAY: Mutant/ : HMPH!
[00:15:47]SAY: Mutant/ : HMPH!
[00:15:50]SAY: Molerat/ : Squeek
[00:15:50]SAY: Molerat/ : Squeek!
[00:15:50]SAY: Molerat/ : Squeek!
[00:15:50]SAY: Molerat/ : Squeek!
[00:15:50]SAY: Molerat/ : Squeek!
[00:15:50]SAY: Mutant/ : NNNNNGH!
[00:15:50]SAY: Molerat/ : Squeek
[00:15:50]SAY: Mutant/ : ARRRRR!
[00:15:50]SAY: Molerat/ : Squeek!
[00:15:50]SAY: Molerat/ : Squeek!
[00:15:50]SAY: Molerat/ : Squeek
[00:15:50]EMOTE: giant rad scorpion (730)/ : <B>The giant rad scorpion (730)</B> chitters
[00:15:50]SAY: Molerat/ : Squeek, i say
[00:15:52]SAY: Molerat/ : Squeek!
[00:15:52]SAY: Molerat/ : Squeek
[00:15:52]SAY: Molerat/ : Squeek
[00:15:52]SAY: Molerat/ : Squeek
[00:15:52]SAY: Molerat/ : Squeek!
[00:15:52]SAY: Molerat/ : Squeek!
[00:15:52]SAY: Molerat/ : Squeek, i say
[00:15:52]SAY: Mutant/ : NNNNNGH!
[00:15:52]SAY: Mutant/ : NNNNNGH!
[00:15:52]SAY: Molerat/ : Squeek
[00:15:52]SAY: Molerat/ : Squeek
[00:15:52]SAY: Molerat/ : Squeek, i say
[00:15:54]GAME: Radiation pulse with size (1, 4) and severity 40 in area Custodial Closet 
[00:15:54]SAY: Molerat/ : Squeek
[00:15:54]SAY: Molerat/ : Squeek!
[00:15:54]SAY: Molerat/ : Squeek!
[00:15:54]SAY: Molerat/ : Squeek!
[00:15:54]SAY: Molerat/ : Squeek
[00:15:54]SAY: Molerat/ : Squeek
[00:15:54]SAY: Molerat/ : Squeek
[00:15:54]SAY: Molerat/ : Squeek!
[00:15:54]SAY: Molerat/ : Squeek
[00:15:56]SAY: Molerat/ : Squeek
[00:15:56]SAY: Molerat/ : Squeek
[00:15:56]SAY: Molerat/ : Squeek
[00:15:56]SAY: Molerat/ : Squeek!
[00:15:56]SAY: Molerat/ : Squeek
[00:15:56]SAY: Molerat/ : Squeek
[00:15:56]SAY: Molerat/ : Squeek!
[00:15:56]SAY: mouse/ : SQUEEK!
[00:15:56]SAY: Molerat/ : Squeek
[00:15:56]SAY: Molerat/ : Squeek!
[00:15:56]SAY: Molerat/ : Squeek!
[00:15:56]SAY: Molerat/ : Squeek
[00:15:59]SAY: Molerat/ : Squeek
[00:15:59]SAY: Molerat/ : Squeek
[00:15:59]SAY: Molerat/ : Squeek
[00:15:59]SAY: Molerat/ : Squeek
[00:15:59]SAY: Molerat/ : Squeek!
[00:15:59]SAY: Molerat/ : Squeek!
[00:15:59]SAY: Molerat/ : Squeek
[00:15:59]SAY: Molerat/ : Squeek
[00:15:59]SAY: Molerat/ : Squeek
[00:15:59]SAY: Molerat/ : Squeek, i say
[00:15:59]SAY: Mutant/ : NNNNNGH!
[00:15:59]SAY: Molerat/ : Squeek
[00:16:01]SAY: Molerat/ : Squeek
[00:16:01]SAY: Molerat/ : Squeek
[00:16:01]SAY: Molerat/ : Squeek!
[00:16:01]SAY: Molerat/ : Squeek, i say
[00:16:01]SAY: Molerat/ : Squeek
[00:16:01]SAY: Molerat/ : Squeek
[00:16:01]SAY: Molerat/ : Squeek, i say
[00:16:01]SAY: Molerat/ : Squeek!
[00:16:01]SAY: Molerat/ : Squeek, i say
[00:16:01]SAY: Molerat/ : Squeek
[00:16:01]EMOTE: giant rad scorpion (769)/ : <B>The giant rad scorpion (769)</B> chitters
[00:16:01]SAY: Molerat/ : Squeek!
[00:16:01]SAY: Molerat/ : Squeek
[00:16:03]GAME: Radiation pulse with size (1, 4) and severity 40 in area Custodial Closet 
[00:16:03]SAY: Molerat/ : Squeek!
[00:16:03]SAY: Molerat/ : Squeek
[00:16:03]SAY: Molerat/ : Squeek
[00:16:03]SAY: Mutant/ : GRRRRRR!
[00:16:03]SAY: Molerat/ : Squeek
[00:16:03]SAY: Molerat/ : Squeek!
[00:16:05]SAY: Molerat/ : Squeek!
[00:16:05]SAY: Molerat/ : Squeek!
[00:16:05]SAY: Molerat/ : Squeek!
[00:16:05]SAY: Molerat/ : Squeek!
[00:16:05]SAY: Molerat/ : Squeek
[00:16:05]SAY: Molerat/ : Squeek!
[00:16:07]SAY: Molerat/ : Squeek
[00:16:07]SAY: Molerat/ : Squeek!
[00:16:07]SAY: Molerat/ : Squeek!
[00:16:07]SAY: Molerat/ : Squeek
[00:16:07]SAY: Molerat/ : Squeek!
[00:16:10]GAME: Radiation pulse with size (1, 4) and severity 40 in area Custodial Closet 
[00:16:10]SAY: Molerat/ : Squeek
[00:16:10]SAY: Molerat/ : Squeek
[00:16:10]SAY: Molerat/ : Squeek
[00:16:10]SAY: Molerat/ : Squeek, i say
[00:16:10]SAY: Molerat/ : Squeek, i say
[00:16:10]SAY: Molerat/ : Squeek
[00:16:10]SAY: Molerat/ : Squeek
[00:16:10]SAY: Molerat/ : Squeek
[00:16:12]SAY: Molerat/ : Squeek
[00:16:12]SAY: Molerat/ : Squeek!
[00:16:12]SAY: Molerat/ : Squeek!
[00:16:12]SAY: Molerat/ : Squeek
[00:16:12]SAY: Molerat/ : Squeek
[00:16:12]SAY: Molerat/ : Squeek!
[00:16:12]SAY: Molerat/ : Squeek
[00:16:12]SAY: Mutant/ : HMPH!
[00:16:12]SAY: Molerat/ : Squeek
[00:16:12]SAY: Molerat/ : Squeek!
[00:16:12]SAY: Molerat/ : Squeek
[00:16:14]SAY: Molerat/ : Squeek!
[00:16:14]SAY: Molerat/ : Squeek!
[00:16:14]SAY: Molerat/ : Squeek
[00:16:14]SAY: Molerat/ : Squeek
[00:16:16]SAY: Molerat/ : Squeek!
[00:16:16]SAY: Molerat/ : Squeek, i say
[00:16:16]SAY: Mutant/ : ARRRRR!
[00:16:16]SAY: Mutant/ : ARGH!
[00:16:18]GAME: Radiation pulse with size (1, 4) and severity 40 in area Custodial Closet 
[00:16:18]SAY: Molerat/ : Squeek
[00:16:18]SAY: Molerat/ : Squeek
[00:16:18]SAY: Molerat/ : Squeek!
[00:16:18]SAY: Molerat/ : Squeek
[00:16:18]SAY: Mutant/ : ARGH!
[00:16:18]SAY: Molerat/ : Squeek!
[00:16:18]SAY: Mutant/ : ARGH!
[00:16:18]SAY: Mutant/ : ARRRRR!
[00:16:18]SAY: Mutant/ : NNNNNGH!
[00:16:18]SAY: Molerat/ : Squeek
[00:16:19]SAY: Molerat/ : Squeek!
[00:16:22]SAY: Molerat/ : Squeek
[00:16:22]SAY: Molerat/ : Squeek!
[00:16:22]SAY: Mutant/ : HMPH!
[00:16:22]SAY: Molerat/ : Squeek
[00:16:22]SAY: Molerat/ : Squeek
[00:16:24]SAY: Molerat/ : Squeek
[00:16:24]SAY: Molerat/ : Squeek
[00:16:24]SAY: Molerat/ : Squeek
[00:16:24]SAY: Mutant/ : HMPH!
[00:16:24]SAY: Mutant/ : ARRRRR!
[00:16:24]SAY: Mutant/ : ARGH!
[00:16:25]GAME: Radiation pulse with size (1, 4) and severity 40 in area Custodial Closet 
[00:16:26]SAY: Molerat/ : Squeek
[00:16:26]SAY: Molerat/ : Squeek, i say
[00:16:26]SAY: Molerat/ : Squeek
[00:16:26]SAY: Molerat/ : Squeek
[00:16:26]SAY: Molerat/ : Squeek, i say
[00:16:26]SAY: Molerat/ : Squeek
[00:16:26]SAY: Molerat/ : Squeek
[00:16:26]SAY: Mutant/ : NNNNNGH!
[00:16:26]SAY: Molerat/ : Squeek!
[00:16:26]SAY: Molerat/ : Squeek, i say
[00:16:26]SAY: Molerat/ : Squeek!
[00:16:26]SAY: Molerat/ : Squeek!
[00:16:26]SAY: Molerat/ : Squeek
[00:16:26]SAY: Molerat/ : Squeek!
[00:16:28]SAY: Molerat/ : Squeek!
[00:16:28]SAY: Molerat/ : Squeek
[00:16:28]SAY: Mutant/ : GRRRRRR!
[00:16:28]SAY: Molerat/ : Squeek!
[00:16:28]SAY: Molerat/ : Squeek!
[00:16:28]SAY: Molerat/ : Squeek!
[00:16:28]SAY: Molerat/ : Squeek
[00:16:28]SAY: Molerat/ : Squeek
[00:16:30]SAY: Molerat/ : Squeek
[00:16:30]SAY: Molerat/ : Squeek
[00:16:30]SAY: Molerat/ : Squeek!
[00:16:30]SAY: Molerat/ : Squeek
[00:16:30]SAY: Mutant/ : NNNNNGH!
[00:16:30]SAY: Molerat/ : Squeek!
[00:16:30]SAY: Molerat/ : Squeek, i say
[00:16:33]GAME: Radiation pulse with size (1, 4) and severity 40 in area Custodial Closet 
[00:16:33]SAY: Molerat/ : Squeek!
[00:16:33]SAY: Molerat/ : Squeek, i say
[00:16:33]SAY: Molerat/ : Squeek
[00:16:33]SAY: Molerat/ : Squeek, i say
[00:16:33]SAY: Molerat/ : Squeek!
[00:16:33]SAY: Molerat/ : Squeek
[00:16:33]SAY: Mutant/ : ARRRRR!
[00:16:33]SAY: Molerat/ : Squeek!
[00:16:33]SAY: Mutant/ : ARGH!
[00:16:33]SAY: Molerat/ : Squeek
[00:16:33]SAY: Molerat/ : Squeek, i say
[00:16:33]SAY: Molerat/ : Squeek
[00:16:33]SAY: Molerat/ : Squeek!
[00:16:35]SAY: Molerat/ : Squeek!
[00:16:35]SAY: Molerat/ : Squeek
[00:16:35]SAY: Molerat/ : Squeek!
[00:16:35]SAY: Molerat/ : Squeek!
[00:16:35]SAY: Molerat/ : Squeek
[00:16:35]SAY: Molerat/ : Squeek
[00:16:35]SAY: Molerat/ : Squeek!
[00:16:35]SAY: Molerat/ : Squeek
[00:16:37]SAY: Molerat/ : Squeek!
[00:16:37]SAY: Molerat/ : Squeek!
[00:16:37]SAY: Molerat/ : Squeek
[00:16:37]SAY: Molerat/ : Squeek!
[00:16:37]SAY: Molerat/ : Squeek, i say
[00:16:37]SAY: Mutant/ : HMPH!
[00:16:39]GAME: Radiation pulse with size (1, 4) and severity 40 in area Custodial Closet 
[00:16:39]SAY: Molerat/ : Squeek, i say
[00:16:39]SAY: Mutant/ : GRRRRRR!
[00:16:39]SAY: Mutant/ : ARGH!
[00:16:39]SAY: Molerat/ : Squeek!
[00:16:41]SAY: Molerat/ : Squeek
[00:16:41]SAY: Molerat/ : Squeek!
[00:16:41]SAY: Molerat/ : Squeek, i say
[00:16:41]SAY: Molerat/ : Squeek!
[00:16:41]SAY: Molerat/ : Squeek, i say
[00:16:41]SAY: Mutant/ : ARGH!
[00:16:41]SAY: Molerat/ : Squeek!
[00:16:44]SAY: Molerat/ : Squeek
[00:16:44]SAY: Molerat/ : Squeek
[00:16:44]SAY: Molerat/ : Squeek!
[00:16:44]SAY: Mutant/ : ARGH!
[00:16:44]SAY: Molerat/ : Squeek
[00:16:44]SAY: Molerat/ : Squeek!
[00:16:44]SAY: Mutant/ : ARRRRR!
[00:16:44]SAY: Molerat/ : Squeek!
[00:16:44]SAY: Molerat/ : Squeek!
[00:16:46]SAY: Molerat/ : Squeek, i say
[00:16:46]SAY: Molerat/ : Squeek!
[00:16:46]SAY: Molerat/ : Squeek
[00:16:46]SAY: Molerat/ : Squeek
[00:16:46]SAY: Molerat/ : Squeek!
[00:16:46]SAY: Molerat/ : Squeek
[00:16:46]SAY: Molerat/ : Squeek
[00:16:46]SAY: Mutant/ : NNNNNGH!
[00:16:46]SAY: Molerat/ : Squeek!
[00:16:46]SAY: Molerat/ : Squeek
[00:16:48]GAME: Radiation pulse with size (1, 4) and severity 40 in area Custodial Closet 
[00:16:48]SAY: Molerat/ : Squeek!
[00:16:48]SAY: Molerat/ : Squeek
[00:16:48]SAY: Molerat/ : Squeek, i say
[00:16:48]SAY: Molerat/ : Squeek!
[00:16:48]SAY: Molerat/ : Squeek!
[00:16:48]EMOTE: brahmin/ : <B>The brahmin</B> shakes its head.
[00:16:48]SAY: Molerat/ : Squeek
[00:16:50]SAY: Molerat/ : Squeek
[00:16:50]SAY: Molerat/ : Squeek
[00:16:50]SAY: Molerat/ : Squeek!
[00:16:50]SAY: Molerat/ : Squeek!
[00:16:50]SAY: Mutant/ : ARRRRR!
[00:16:50]SAY: Molerat/ : Squeek
[00:16:50]SAY: Molerat/ : Squeek
[00:16:50]SAY: Molerat/ : Squeek!
[00:16:52]SAY: Molerat/ : Squeek!
[00:16:52]SAY: Molerat/ : Squeek, i say
[00:16:52]SAY: Molerat/ : Squeek
[00:16:52]SAY: Molerat/ : Squeek
[00:16:52]SAY: Molerat/ : Squeek!
[00:16:52]SAY: Molerat/ : Squeek!
[00:16:52]SAY: Molerat/ : Squeek!
[00:16:55]GAME: Radiation pulse with size (1, 4) and severity 40 in area Custodial Closet 
[00:16:55]SAY: Molerat/ : Squeek!
[00:16:55]SAY: Molerat/ : Squeek
[00:16:56]SAY: Molerat/ : Squeek
[00:16:56]SAY: Molerat/ : Squeek!
[00:16:56]SAY: Molerat/ : Squeek
[00:16:56]SAY: Mutant/ : ARRRRR!
[00:16:57]SAY: Molerat/ : Squeek
[00:16:57]SAY: Molerat/ : Squeek, i say
[00:16:57]SAY: Molerat/ : Squeek!
[00:16:58]SAY: Molerat/ : Squeek
[00:16:58]SAY: Molerat/ : Squeek, i say
[00:16:58]SAY: Molerat/ : Squeek
[00:16:58]SAY: Molerat/ : Squeek
[00:16:58]SAY: Molerat/ : Squeek
[00:16:58]SAY: Mutant/ : ARRRRR!
[00:16:58]SAY: Mutant/ : ARRRRR!
[00:17:00]SAY: Molerat/ : Squeek!
[00:17:00]SAY: Molerat/ : Squeek
[00:17:00]SAY: Molerat/ : Squeek!
[00:17:00]SAY: Molerat/ : Squeek!
[00:17:00]SAY: Molerat/ : Squeek
[00:17:00]SAY: Molerat/ : Squeek!
[00:17:00]SAY: Molerat/ : Squeek
[00:17:00]SAY: Molerat/ : Squeek, i say
[00:17:00]SAY: Molerat/ : Squeek!
[00:17:00]SAY: Molerat/ : Squeek
[00:17:00]SAY: Molerat/ : Squeek
[00:17:00]SAY: Molerat/ : Squeek
[00:17:02]SAY: Molerat/ : Squeek
[00:17:02]SAY: Molerat/ : Squeek
[00:17:02]SAY: Molerat/ : Squeek!
[00:17:02]SAY: Molerat/ : Squeek!
[00:17:02]SAY: Molerat/ : Squeek!
[00:17:02]SAY: Mutant/ : NNNNNGH!
[00:17:02]SAY: Molerat/ : Squeek, i say
[00:17:02]SAY: Molerat/ : Squeek!
[00:17:02]SAY: Molerat/ : Squeek
[00:17:02]SAY: Molerat/ : Squeek
[00:17:03]GAME: Radiation pulse with size (1, 4) and severity 40 in area Custodial Closet 
[00:17:04]SAY: Molerat/ : Squeek
[00:17:04]SAY: Molerat/ : Squeek, i say
[00:17:04]SAY: Molerat/ : Squeek
[00:17:04]SAY: Molerat/ : Squeek!
[00:17:04]SAY: Molerat/ : Squeek!
[00:17:04]SAY: Mutant/ : GRRRRRR!
[00:17:04]SAY: Mutant/ : HMPH!
[00:17:04]SAY: Molerat/ : Squeek
[00:17:04]SAY: Molerat/ : Squeek!
[00:17:07]SAY: Molerat/ : Squeek
[00:17:07]SAY: Molerat/ : Squeek!
[00:17:07]SAY: Molerat/ : Squeek
[00:17:07]SAY: Mutant/ : ARRRRR!
[00:17:07]SAY: Molerat/ : Squeek
[00:17:07]SAY: Molerat/ : Squeek!
[00:17:07]SAY: Molerat/ : Squeek, i say
[00:17:09]SAY: Molerat/ : Squeek
[00:17:09]SAY: Molerat/ : Squeek!
[00:17:09]SAY: Molerat/ : Squeek
[00:17:09]SAY: Molerat/ : Squeek
[00:17:09]SAY: Molerat/ : Squeek
[00:17:09]SAY: Molerat/ : Squeek
[00:17:09]SAY: Molerat/ : Squeek, i say
[00:17:09]SAY: Molerat/ : Squeek!
[00:17:09]SAY: Molerat/ : Squeek
[00:17:09]EMOTE: brahmin/ : <B>The brahmin</B> brays.
[00:17:09]SAY: Medibot/ : I knew it, I should&#39;ve been a plastic surgeon.
[00:17:11]SAY: Molerat/ : Squeek
[00:17:11]SAY: Molerat/ : Squeek, i say
[00:17:11]SAY: Mutant/ : GRRRRRR!
[00:17:11]SAY: Molerat/ : Squeek, i say
[00:17:11]SAY: Molerat/ : Squeek!
[00:17:11]SAY: Molerat/ : Squeek
[00:17:11]SAY: Molerat/ : Squeek
[00:17:13]GAME: Radiation pulse with size (1, 4) and severity 40 in area Custodial Closet 
[00:17:13]SAY: Molerat/ : Squeek, i say
[00:17:13]SAY: Molerat/ : Squeek
[00:17:13]SAY: Molerat/ : Squeek!
[00:17:13]SAY: Molerat/ : Squeek
[00:17:13]SAY: Molerat/ : Squeek!
[00:17:15]SAY: Molerat/ : Squeek
[00:17:15]SAY: Molerat/ : Squeek!
[00:17:15]SAY: Molerat/ : Squeek
[00:17:15]SAY: Molerat/ : Squeek, i say
[00:17:15]SAY: Mutant/ : NNNNNGH!
[00:17:15]SAY: Molerat/ : Squeek
[00:17:15]SAY: Molerat/ : Squeek!
[00:17:15]SAY: Mutant/ : NNNNNGH!
[00:17:15]SAY: Molerat/ : Squeek
[00:17:15]SAY: Molerat/ : Squeek!
[00:17:15]SAY: Molerat/ : Squeek
[00:17:15]SAY: Molerat/ : Squeek!
[00:17:17]SAY: Molerat/ : Squeek!
[00:17:17]SAY: Molerat/ : Squeek
[00:17:17]SAY: Molerat/ : Squeek!
[00:17:17]SAY: Molerat/ : Squeek, i say
[00:17:17]SAY: Molerat/ : Squeek
[00:17:17]SAY: Molerat/ : Squeek
[00:17:20]SAY: Molerat/ : Squeek
[00:17:20]SAY: Molerat/ : Squeek
[00:17:20]SAY: Molerat/ : Squeek
[00:17:20]SAY: Molerat/ : Squeek!
[00:17:20]SAY: Mutant/ : GRRRRRR!
[00:17:20]SAY: brahmin/ : MOOOOOO
[00:17:20]SAY: Molerat/ : Squeek!
[00:17:22]GAME: Radiation pulse with size (1, 4) and severity 40 in area Custodial Closet 
[00:17:22]SAY: Molerat/ : Squeek!
[00:17:22]SAY: Molerat/ : Squeek!
[00:17:22]SAY: Molerat/ : Squeek, i say
[00:17:22]SAY: Molerat/ : Squeek, i say
[00:17:22]SAY: Molerat/ : Squeek!
[00:17:22]SAY: Molerat/ : Squeek!
[00:17:22]SAY: Molerat/ : Squeek
[00:17:22]SAY: Mutant/ : ARRRRR!
[00:17:22]SAY: Mutant/ : ARGH!
[00:17:22]SAY: Mutant/ : GRRRRRR!
[00:17:24]SAY: Molerat/ : Squeek
[00:17:24]SAY: Molerat/ : Squeek!
[00:17:24]SAY: Molerat/ : Squeek
[00:17:24]SAY: Molerat/ : Squeek
[00:17:24]SAY: Molerat/ : Squeek
[00:17:24]SAY: Molerat/ : Squeek, i say
[00:17:24]SAY: Molerat/ : Squeek!
[00:17:26]SAY: Molerat/ : Squeek
[00:17:26]SAY: Molerat/ : Squeek, i say
[00:17:26]SAY: Molerat/ : Squeek!
[00:17:26]SAY: Molerat/ : Squeek
[00:17:26]SAY: Molerat/ : Squeek!
[00:17:26]SAY: Molerat/ : Squeek
[00:17:26]SAY: Mutant/ : ARRRRR!
[00:17:26]SAY: Molerat/ : Squeek!
[00:17:26]SAY: Molerat/ : Squeek
[00:17:28]SAY: Molerat/ : Squeek!
[00:17:28]SAY: Molerat/ : Squeek
[00:17:28]SAY: Molerat/ : Squeek
[00:17:28]SAY: Molerat/ : Squeek!
[00:17:28]SAY: Molerat/ : Squeek
[00:17:28]SAY: Molerat/ : Squeek!
[00:17:29]SAY: Molerat/ : Squeek!
[00:17:29]EMOTE: giant spider (843)/ : <B>The giant spider (843)</B> chitters
[00:17:32]GAME: Radiation pulse with size (1, 4) and severity 40 in area Custodial Closet 
[00:17:32]SAY: Molerat/ : Squeek
[00:17:32]SAY: Molerat/ : Squeek!
[00:17:32]SAY: Molerat/ : Squeek!
[00:17:32]SAY: Molerat/ : Squeek
[00:17:32]SAY: Molerat/ : Squeek
[00:17:32]SAY: Molerat/ : Squeek!
[00:17:32]SAY: Molerat/ : Squeek
[00:17:32]SAY: Molerat/ : Squeek
[00:17:32]SAY: Mutant/ : ARGH!
[00:17:32]SAY: Molerat/ : Squeek
[00:17:32]SAY: Mutant/ : NNNNNGH!
[00:17:32]SAY: Molerat/ : Squeek!
[00:17:32]SAY: Molerat/ : Squeek!
[00:17:32]SAY: Molerat/ : Squeek
[00:17:32]SAY: Molerat/ : Squeek
[00:17:34]SAY: Molerat/ : Squeek!
[00:17:34]SAY: Molerat/ : Squeek!
[00:17:34]SAY: Molerat/ : Squeek
[00:17:34]SAY: Molerat/ : Squeek, i say
[00:17:34]SAY: Mutant/ : ARGH!
[00:17:34]SAY: Mutant/ : HMPH!
[00:17:34]SAY: Molerat/ : Squeek
[00:17:36]SAY: Molerat/ : Squeek
[00:17:36]SAY: Molerat/ : Squeek
[00:17:36]SAY: Molerat/ : Squeek
[00:17:36]SAY: Molerat/ : Squeek!
[00:17:36]SAY: Molerat/ : Squeek!
[00:17:36]SAY: Molerat/ : Squeek
[00:17:36]SAY: Molerat/ : Squeek
[00:17:36]SAY: Molerat/ : Squeek!
[00:17:36]SAY: Molerat/ : Squeek
[00:17:36]SAY: Molerat/ : Squeek!
[00:17:38]SAY: Molerat/ : Squeek!
[00:17:38]SAY: Molerat/ : Squeek!
[00:17:38]SAY: Molerat/ : Squeek!
[00:17:38]SAY: Molerat/ : Squeek
[00:17:38]SAY: Molerat/ : Squeek
[00:17:38]SAY: Molerat/ : Squeek!
[00:17:38]SAY: Molerat/ : Squeek!
[00:17:38]SAY: Molerat/ : Squeek!
[00:17:38]SAY: Molerat/ : Squeek, i say
[00:17:40]GAME: Radiation pulse with size (1, 4) and severity 40 in area Custodial Closet 
[00:17:40]SAY: Molerat/ : Squeek, i say
[00:17:40]SAY: Molerat/ : Squeek, i say
[00:17:40]SAY: Molerat/ : Squeek
[00:17:40]SAY: Molerat/ : Squeek
[00:17:40]SAY: Molerat/ : Squeek
[00:17:40]SAY: Molerat/ : Squeek!
[00:17:42]SAY: Molerat/ : Squeek!
[00:17:42]SAY: Molerat/ : Squeek
[00:17:42]SAY: Molerat/ : Squeek!
[00:17:42]SAY: Mutant/ : ARGH!
[00:17:42]SAY: Molerat/ : Squeek!
[00:17:42]SAY: Molerat/ : Squeek, i say
[00:17:42]SAY: Mutant/ : GRRRRRR!
[00:17:45]SAY: Molerat/ : Squeek
[00:17:45]SAY: Molerat/ : Squeek
[00:17:45]SAY: Molerat/ : Squeek
[00:17:45]SAY: Molerat/ : Squeek, i say
[00:17:45]SAY: Molerat/ : Squeek!
[00:17:45]SAY: Molerat/ : Squeek
[00:17:45]SAY: Molerat/ : Squeek
[00:17:45]SAY: Molerat/ : Squeek
[00:17:45]SAY: Molerat/ : Squeek, i say
[00:17:45]SAY: Mutant/ : ARRRRR!
[00:17:45]SAY: Molerat/ : Squeek
[00:17:47]SAY: Molerat/ : Squeek!
[00:17:47]SAY: Molerat/ : Squeek!
[00:17:47]SAY: Molerat/ : Squeek
[00:17:47]SAY: Molerat/ : Squeek
[00:17:47]SAY: Molerat/ : Squeek!
[00:17:47]SAY: Molerat/ : Squeek!
[00:17:47]SAY: Molerat/ : Squeek!
[00:17:47]SAY: Molerat/ : Squeek!
[00:17:47]SAY: Mutant/ : NNNNNGH!
[00:17:47]SAY: Molerat/ : Squeek!
[00:17:49]GAME: Radiation pulse with size (1, 4) and severity 40 in area Custodial Closet 
[00:17:49]SAY: Molerat/ : Squeek
[00:17:49]SAY: Molerat/ : Squeek
[00:17:50]SAY: Molerat/ : Squeek
[00:17:50]SAY: Molerat/ : Squeek, i say
[00:17:50]SAY: Molerat/ : Squeek!
[00:17:50]SAY: Molerat/ : Squeek!
[00:17:50]SAY: Molerat/ : Squeek!
[00:17:50]SAY: Molerat/ : Squeek, i say
[00:17:50]SAY: Molerat/ : Squeek!
[00:17:50]SAY: Molerat/ : Squeek
[00:17:50]SAY: Molerat/ : Squeek
[00:17:52]SAY: Molerat/ : Squeek!
[00:17:52]SAY: Molerat/ : Squeek
[00:17:52]SAY: Molerat/ : Squeek!
[00:17:52]SAY: Molerat/ : Squeek
[00:17:52]SAY: Molerat/ : Squeek
[00:17:52]SAY: Molerat/ : Squeek
[00:17:52]SAY: Molerat/ : Squeek
[00:17:52]SAY: Molerat/ : Squeek!
[00:17:52]SAY: Molerat/ : Squeek
[00:17:52]SAY: Molerat/ : Squeek
[00:17:52]SAY: Molerat/ : Squeek!
[00:17:52]SAY: Mutant/ : GRRRRRR!
[00:17:52]SAY: Molerat/ : Squeek
[00:17:52]SAY: Molerat/ : Squeek!
[00:17:54]SAY: Molerat/ : Squeek
[00:17:54]SAY: Mutant/ : ARGH!
[00:17:54]SAY: Molerat/ : Squeek
[00:17:54]SAY: Molerat/ : Squeek
[00:17:57]GAME: Radiation pulse with size (1, 4) and severity 40 in area Custodial Closet 
[00:17:57]SAY: Molerat/ : Squeek
[00:17:57]SAY: Molerat/ : Squeek
[00:17:57]SAY: Molerat/ : Squeek!
[00:17:57]SAY: Molerat/ : Squeek, i say
[00:17:57]SAY: Molerat/ : Squeek
[00:17:57]SAY: Molerat/ : Squeek
[00:17:57]EMOTE: giant rad scorpion (730)/ : <B>The giant rad scorpion (730)</B> chitters
[00:17:57]SAY: Molerat/ : Squeek, i say
[00:17:59]SAY: Molerat/ : Squeek
[00:17:59]SAY: Molerat/ : Squeek
[00:17:59]SAY: Molerat/ : Squeek
[00:17:59]SAY: Molerat/ : Squeek
[00:17:59]SAY: Molerat/ : Squeek
[00:17:59]SAY: Molerat/ : Squeek
[00:17:59]SAY: Molerat/ : Squeek!
[00:17:59]SAY: Molerat/ : Squeek, i say
[00:17:59]SAY: Molerat/ : Squeek, i say
[00:17:59]SAY: Molerat/ : Squeek!
[00:18:01]SAY: Molerat/ : Squeek
[00:18:01]SAY: Molerat/ : Squeek!
[00:18:01]SAY: Molerat/ : Squeek, i say
[00:18:01]SAY: Molerat/ : Squeek!
[00:18:01]SAY: Molerat/ : Squeek!
[00:18:03]SAY: Molerat/ : Squeek
[00:18:03]SAY: Molerat/ : Squeek
[00:18:03]SAY: Molerat/ : Squeek!
[00:18:03]SAY: Molerat/ : Squeek!
[00:18:03]SAY: Mutant/ : NNNNNGH!
[00:18:05]GAME: Radiation pulse with size (1, 4) and severity 40 in area Custodial Closet 
[00:18:05]SAY: Molerat/ : Squeek!
[00:18:05]SAY: Molerat/ : Squeek!
[00:18:05]SAY: Molerat/ : Squeek, i say
[00:18:05]SAY: Molerat/ : Squeek, i say
[00:18:05]SAY: Molerat/ : Squeek
[00:18:05]SAY: Molerat/ : Squeek
[00:18:05]SAY: Molerat/ : Squeek
[00:18:05]SAY: Mutant/ : ARGH!
[00:18:05]SAY: Molerat/ : Squeek!
[00:18:05]SAY: Molerat/ : Squeek
[00:18:05]SAY: Molerat/ : Squeek
[00:18:05]SAY: Molerat/ : Squeek!
[00:18:07]SAY: Molerat/ : Squeek
[00:18:07]SAY: Molerat/ : Squeek!
[00:18:07]SAY: Molerat/ : Squeek!
[00:18:07]SAY: Molerat/ : Squeek
[00:18:07]SAY: Mutant/ : GRRRRRR!
[00:18:07]SAY: Mutant/ : ARGH!
[00:18:07]SAY: Molerat/ : Squeek
[00:18:07]SAY: Molerat/ : Squeek!
[00:18:10]SAY: Molerat/ : Squeek
[00:18:10]SAY: Molerat/ : Squeek!
[00:18:10]SAY: Molerat/ : Squeek
[00:18:10]SAY: Molerat/ : Squeek
[00:18:10]SAY: Molerat/ : Squeek
[00:18:10]SAY: Molerat/ : Squeek!
[00:18:10]SAY: Molerat/ : Squeek
[00:18:10]SAY: Molerat/ : Squeek
[00:18:12]SAY: Molerat/ : Squeek!
[00:18:12]SAY: Molerat/ : Squeek
[00:18:12]SAY: Molerat/ : Squeek
[00:18:12]SAY: Molerat/ : Squeek
[00:18:12]SAY: Molerat/ : Squeek
[00:18:12]SAY: Molerat/ : Squeek, i say
[00:18:12]SAY: Molerat/ : Squeek!
[00:18:12]SAY: Molerat/ : Squeek
[00:18:12]SAY: Molerat/ : Squeek, i say
[00:18:12]SAY: Molerat/ : Squeek
[00:18:12]EMOTE: giant rad scorpion (730)/ : <B>The giant rad scorpion (730)</B> chitters
[00:18:12]SAY: Molerat/ : Squeek!
[00:18:14]GAME: Radiation pulse with size (1, 4) and severity 40 in area Custodial Closet 
[00:18:14]SAY: Molerat/ : Squeek
[00:18:14]SAY: Molerat/ : Squeek
[00:18:14]SAY: Molerat/ : Squeek
[00:18:14]SAY: Molerat/ : Squeek
[00:18:14]SAY: Molerat/ : Squeek
[00:18:14]SAY: Molerat/ : Squeek!
[00:18:14]SAY: Molerat/ : Squeek!
[00:18:14]SAY: Molerat/ : Squeek, i say
[00:18:14]SAY: Molerat/ : Squeek, i say
[00:18:14]SAY: Molerat/ : Squeek
[00:18:14]EMOTE: rad scorpion (154)/ : <B>The rad scorpion (154)</B> chitters
[00:18:14]EMOTE: giant spider (843)/ : <B>The giant spider (843)</B> chitters
[00:18:16]SAY: Molerat/ : Squeek
[00:18:16]SAY: Molerat/ : Squeek!
[00:18:16]SAY: Molerat/ : Squeek
[00:18:16]SAY: Molerat/ : Squeek
[00:18:16]SAY: Molerat/ : Squeek!
[00:18:16]SAY: Molerat/ : Squeek
[00:18:16]SAY: Molerat/ : Squeek
[00:18:18]SAY: Molerat/ : Squeek
[00:18:18]SAY: Molerat/ : Squeek
[00:18:18]SAY: Molerat/ : Squeek!
[00:18:18]SAY: Molerat/ : Squeek
[00:18:18]SAY: Molerat/ : Squeek
[00:18:18]SAY: Mutant/ : HMPH!
[00:18:19]SAY: Molerat/ : Squeek
[00:18:19]SAY: Molerat/ : Squeek!
[00:18:21]SAY: Molerat/ : Squeek, i say
[00:18:21]SAY: Molerat/ : Squeek!
[00:18:21]SAY: Molerat/ : Squeek, i say
[00:18:21]SAY: Molerat/ : Squeek
[00:18:21]SAY: Molerat/ : Squeek
[00:18:21]SAY: Molerat/ : Squeek
[00:18:21]SAY: Molerat/ : Squeek
[00:18:21]SAY: Molerat/ : Squeek
[00:18:21]SAY: Molerat/ : Squeek!
[00:18:21]SAY: Mutant/ : GRRRRRR!
[00:18:21]SAY: Molerat/ : Squeek
[00:18:21]SAY: Molerat/ : Squeek, i say
[00:18:21]SAY: Molerat/ : Squeek!
[00:18:24]GAME: Radiation pulse with size (1, 4) and severity 40 in area Custodial Closet 
[00:18:24]SAY: Molerat/ : Squeek, i say
[00:18:24]SAY: Molerat/ : Squeek
[00:18:24]SAY: Molerat/ : Squeek
[00:18:24]SAY: Molerat/ : Squeek, i say
[00:18:24]SAY: Molerat/ : Squeek
[00:18:24]SAY: Molerat/ : Squeek
[00:18:24]SAY: Molerat/ : Squeek!
[00:18:24]SAY: Molerat/ : Squeek
[00:18:24]SAY: Mutant/ : ARGH!
[00:18:24]SAY: Molerat/ : Squeek!
[00:18:24]SAY: Molerat/ : Squeek
[00:18:24]SAY: Molerat/ : Squeek
[00:18:24]SAY: Molerat/ : Squeek!
[00:18:24]SAY: Molerat/ : Squeek, i say
[00:18:24]SAY: Molerat/ : Squeek!
[00:18:24]SAY: Molerat/ : Squeek!
[00:18:26]SAY: Molerat/ : Squeek
[00:18:26]SAY: Molerat/ : Squeek
[00:18:26]SAY: Molerat/ : Squeek!
[00:18:26]SAY: Molerat/ : Squeek, i say
[00:18:26]SAY: Molerat/ : Squeek, i say
[00:18:26]SAY: Molerat/ : Squeek
[00:18:26]SAY: Molerat/ : Squeek
[00:18:26]SAY: Molerat/ : Squeek!
[00:18:26]SAY: Molerat/ : Squeek
[00:18:26]SAY: Molerat/ : Squeek
[00:18:26]SAY: Molerat/ : Squeek!
[00:18:26]SAY: Molerat/ : Squeek, i say
[00:18:26]SAY: Molerat/ : Squeek!
[00:18:26]SAY: Medibot/ : Delicious!
[00:18:28]SAY: Molerat/ : Squeek
[00:18:28]SAY: Molerat/ : Squeek
[00:18:28]SAY: Molerat/ : Squeek, i say
[00:18:28]SAY: Molerat/ : Squeek, i say
[00:18:28]SAY: Molerat/ : Squeek, i say
[00:18:28]SAY: Molerat/ : Squeek
[00:18:28]SAY: Mutant/ : ARGH!
[00:18:28]SAY: Molerat/ : Squeek
[00:18:28]SAY: Molerat/ : Squeek!
[00:18:28]SAY: Molerat/ : Squeek
[00:18:28]SAY: Molerat/ : Squeek
[00:18:30]SAY: Molerat/ : Squeek
[00:18:30]SAY: Molerat/ : Squeek!
[00:18:30]SAY: Molerat/ : Squeek!
[00:18:30]SAY: Molerat/ : Squeek!
[00:18:30]SAY: Molerat/ : Squeek
[00:18:30]SAY: Mutant/ : ARRRRR!
[00:18:30]SAY: brahmin/ : MOOOOOO
[00:18:30]SAY: Molerat/ : Squeek!
[00:18:32]GAME: Radiation pulse with size (1, 4) and severity 40 in area Custodial Closet 
[00:18:32]SAY: Molerat/ : Squeek!
[00:18:32]SAY: Molerat/ : Squeek
[00:18:32]SAY: Molerat/ : Squeek!
[00:18:32]SAY: Molerat/ : Squeek!
[00:18:32]SAY: Molerat/ : Squeek
[00:18:32]SAY: Molerat/ : Squeek!
[00:18:34]SAY: Molerat/ : Squeek!
[00:18:34]SAY: Molerat/ : Squeek
[00:18:34]SAY: Molerat/ : Squeek
[00:18:34]SAY: Molerat/ : Squeek!
[00:18:34]SAY: Mutant/ : GRRRRRR!
[00:18:34]SAY: Mutant/ : ARGH!
[00:18:34]SAY: Mutant/ : ARGH!
[00:18:34]SAY: Molerat/ : Squeek!
[00:18:34]SAY: Molerat/ : Squeek
[00:18:37]SAY: Molerat/ : Squeek
[00:18:37]SAY: Molerat/ : Squeek!
[00:18:37]SAY: Molerat/ : Squeek
[00:18:37]SAY: Molerat/ : Squeek
[00:18:37]SAY: Molerat/ : Squeek
[00:18:37]SAY: Molerat/ : Squeek!
[00:18:39]SAY: Molerat/ : Squeek
[00:18:39]SAY: Molerat/ : Squeek
[00:18:39]SAY: Molerat/ : Squeek
[00:18:39]SAY: Molerat/ : Squeek
[00:18:39]SAY: Molerat/ : Squeek
[00:18:39]SAY: Molerat/ : Squeek!
[00:18:39]SAY: Molerat/ : Squeek, i say
[00:18:41]GAME: Radiation pulse with size (1, 4) and severity 40 in area Custodial Closet 
[00:18:41]SAY: Molerat/ : Squeek, i say
[00:18:41]SAY: Molerat/ : Squeek
[00:18:41]SAY: Molerat/ : Squeek!
[00:18:41]SAY: Molerat/ : Squeek!
[00:18:41]SAY: Molerat/ : Squeek!
[00:18:41]SAY: Mutant/ : ARGH!
[00:18:41]SAY: Mutant/ : NNNNNGH!
[00:18:41]SAY: Molerat/ : Squeek
[00:18:41]SAY: Molerat/ : Squeek!
[00:18:43]SAY: Molerat/ : Squeek
[00:18:43]SAY: Molerat/ : Squeek
[00:18:43]SAY: Molerat/ : Squeek!
[00:18:43]SAY: Molerat/ : Squeek!
[00:18:43]SAY: Molerat/ : Squeek!
[00:18:43]SAY: Mutant/ : GRRRRRR!
[00:18:43]SAY: Molerat/ : Squeek!
[00:18:43]SAY: Molerat/ : Squeek!
[00:18:45]SAY: Molerat/ : Squeek, i say
[00:18:45]SAY: Molerat/ : Squeek, i say
[00:18:45]SAY: Molerat/ : Squeek
[00:18:45]SAY: Molerat/ : Squeek
[00:18:45]SAY: Molerat/ : Squeek
[00:18:45]SAY: Molerat/ : Squeek
[00:18:45]SAY: Molerat/ : Squeek, i say
[00:18:45]SAY: Mutant/ : ARRRRR!
[00:18:45]SAY: Molerat/ : Squeek
[00:18:45]SAY: Molerat/ : Squeek
[00:18:47]SAY: Molerat/ : Squeek
[00:18:47]SAY: Molerat/ : Squeek
[00:18:47]SAY: Molerat/ : Squeek
[00:18:47]SAY: Mutant/ : GRRRRRR!
[00:18:47]SAY: Mutant/ : ARGH!
[00:18:48]SAY: Molerat/ : Squeek
[00:18:51]GAME: Radiation pulse with size (1, 4) and severity 40 in area Custodial Closet 
[00:18:51]SAY: Molerat/ : Squeek, i say
[00:18:51]SAY: Molerat/ : Squeek!
[00:18:51]SAY: Molerat/ : Squeek
[00:18:51]SAY: Molerat/ : Squeek
[00:18:51]SAY: Mutant/ : HMPH!
[00:18:51]SAY: Molerat/ : Squeek!
[00:18:51]SAY: Molerat/ : Squeek
[00:18:51]SAY: Molerat/ : Squeek
[00:18:51]EMOTE: giant rad scorpion (769)/ : <B>The giant rad scorpion (769)</B> chitters
[00:18:53]SAY: Molerat/ : Squeek
[00:18:53]SAY: Molerat/ : Squeek
[00:18:53]SAY: Molerat/ : Squeek
[00:18:53]SAY: Molerat/ : Squeek!
[00:18:53]SAY: Molerat/ : Squeek
[00:18:53]SAY: Mutant/ : ARRRRR!
[00:18:53]SAY: Molerat/ : Squeek!
[00:18:53]SAY: Molerat/ : Squeek!
[00:18:55]SAY: Molerat/ : Squeek
[00:18:55]SAY: Molerat/ : Squeek!
[00:18:55]SAY: Molerat/ : Squeek!
[00:18:55]SAY: Molerat/ : Squeek
[00:18:55]SAY: Molerat/ : Squeek
[00:18:55]SAY: Mutant/ : ARRRRR!
[00:18:55]SAY: Molerat/ : Squeek!
[00:18:55]SAY: Molerat/ : Squeek
[00:18:55]SAY: Molerat/ : Squeek!
[00:18:55]SAY: Molerat/ : Squeek
[00:18:57]SAY: Molerat/ : Squeek, i say
[00:18:57]SAY: Molerat/ : Squeek
[00:18:57]SAY: Molerat/ : Squeek!
[00:18:57]SAY: Molerat/ : Squeek, i say
[00:18:57]SAY: Molerat/ : Squeek
[00:18:57]SAY: Molerat/ : Squeek
[00:18:59]GAME: Radiation pulse with size (1, 4) and severity 40 in area Custodial Closet 
[00:18:59]SAY: Molerat/ : Squeek
[00:18:59]SAY: Molerat/ : Squeek!
[00:18:59]SAY: Molerat/ : Squeek
[00:18:59]SAY: Molerat/ : Squeek
[00:18:59]SAY: Molerat/ : Squeek
[00:18:59]SAY: Mutant/ : HMPH!
[00:18:59]SAY: Molerat/ : Squeek
[00:18:59]SAY: Molerat/ : Squeek!
[00:19:01]SAY: Molerat/ : Squeek, i say
[00:19:01]SAY: Molerat/ : Squeek!
[00:19:01]SAY: Molerat/ : Squeek
[00:19:01]SAY: Molerat/ : Squeek!
[00:19:01]SAY: Molerat/ : Squeek!
[00:19:01]SAY: Molerat/ : Squeek
[00:19:01]EMOTE: giant rad scorpion (730)/ : <B>The giant rad scorpion (730)</B> chitters
[00:19:01]SAY: Molerat/ : Squeek, i say
[00:19:04]SAY: Molerat/ : Squeek
[00:19:04]SAY: Molerat/ : Squeek, i say
[00:19:04]SAY: Molerat/ : Squeek
[00:19:04]SAY: Molerat/ : Squeek!
[00:19:04]SAY: Molerat/ : Squeek
[00:19:04]SAY: Molerat/ : Squeek, i say
[00:19:04]SAY: Mutant/ : ARGH!
[00:19:04]SAY: Mutant/ : ARRRRR!
[00:19:04]SAY: Molerat/ : Squeek!
[00:19:04]SAY: Molerat/ : Squeek!
[00:19:04]SAY: Molerat/ : Squeek, i say
[00:19:04]SAY: Molerat/ : Squeek, i say
[00:19:06]SAY: Molerat/ : Squeek!
[00:19:06]SAY: Mutant/ : ARGH!
[00:19:06]SAY: Molerat/ : Squeek
[00:19:06]SAY: Molerat/ : Squeek
[00:19:08]GAME: Radiation pulse with size (1, 4) and severity 40 in area Custodial Closet 
[00:19:08]SAY: Molerat/ : Squeek!
[00:19:08]SAY: Molerat/ : Squeek
[00:19:08]SAY: Molerat/ : Squeek
[00:19:08]SAY: Molerat/ : Squeek!
[00:19:08]SAY: Molerat/ : Squeek
[00:19:08]SAY: Molerat/ : Squeek
[00:19:08]SAY: Molerat/ : Squeek
[00:19:08]SAY: Molerat/ : Squeek!
[00:19:08]SAY: Molerat/ : Squeek
[00:19:08]SAY: Molerat/ : Squeek
[00:19:08]SAY: Molerat/ : Squeek
[00:19:08]SAY: Molerat/ : Squeek!
[00:19:08]SAY: Mutant/ : GRRRRRR!
[00:19:08]SAY: Mutant/ : HMPH!
[00:19:08]SAY: Mutant/ : HMPH!
[00:19:08]SAY: Molerat/ : Squeek!
[00:19:10]SAY: Molerat/ : Squeek!
[00:19:10]SAY: Molerat/ : Squeek, i say
[00:19:10]SAY: Molerat/ : Squeek!
[00:19:10]SAY: Molerat/ : Squeek
[00:19:10]SAY: Molerat/ : Squeek
[00:19:10]SAY: Molerat/ : Squeek!
[00:19:10]SAY: Molerat/ : Squeek
[00:19:10]SAY: Molerat/ : Squeek
[00:19:10]SAY: Molerat/ : Squeek
[00:19:10]SAY: Molerat/ : Squeek!
[00:19:10]EMOTE: giant spider (843)/ : <B>The giant spider (843)</B> chitters
[00:19:10]SAY: Medibot/ : Delicious!
[00:19:12]SAY: Molerat/ : Squeek, i say
[00:19:12]SAY: Molerat/ : Squeek
[00:19:12]SAY: Molerat/ : Squeek
[00:19:12]SAY: Molerat/ : Squeek
[00:19:12]SAY: Molerat/ : Squeek
[00:19:12]SAY: Molerat/ : Squeek!
[00:19:12]SAY: Molerat/ : Squeek!
[00:19:12]SAY: Molerat/ : Squeek!
[00:19:12]SAY: Mutant/ : HMPH!
[00:19:12]SAY: Molerat/ : Squeek
[00:19:14]GAME: Radiation pulse with size (1, 4) and severity 40 in area Custodial Closet 
[00:19:14]SAY: Molerat/ : Squeek
[00:19:14]SAY: Molerat/ : Squeek!
[00:19:14]SAY: Molerat/ : Squeek
[00:19:14]SAY: Mutant/ : ARGH!
[00:19:14]SAY: Molerat/ : Squeek, i say
[00:19:14]SAY: Mutant/ : GRRRRRR!
[00:19:14]SAY: Molerat/ : Squeek!
[00:19:14]SAY: Molerat/ : Squeek
[00:19:18]SAY: Molerat/ : Squeek!
[00:19:18]SAY: Molerat/ : Squeek
[00:19:18]SAY: Molerat/ : Squeek!
[00:19:18]SAY: Molerat/ : Squeek!
[00:19:18]SAY: Molerat/ : Squeek!
[00:19:18]SAY: Molerat/ : Squeek!
[00:19:18]SAY: Mutant/ : ARRRRR!
[00:19:18]SAY: Mutant/ : ARRRRR!
[00:19:18]SAY: Molerat/ : Squeek
[00:19:18]SAY: Molerat/ : Squeek!
[00:19:18]SAY: Medibot/ : What kind of medbay is this? Everyone&#39;s dropping like dead flies.
[00:19:20]SAY: Molerat/ : Squeek!
[00:19:20]SAY: Molerat/ : Squeek, i say
[00:19:20]SAY: Molerat/ : Squeek
[00:19:20]SAY: Molerat/ : Squeek, i say
[00:19:20]EMOTE: giant spider (843)/ : <B>The giant spider (843)</B> chitters
[00:19:20]SAY: Molerat/ : Squeek!
[00:19:22]SAY: Molerat/ : Squeek, i say
[00:19:22]SAY: Molerat/ : Squeek!
[00:19:22]SAY: Molerat/ : Squeek!
[00:19:22]SAY: Molerat/ : Squeek!
[00:19:22]SAY: Molerat/ : Squeek!
[00:19:22]SAY: Molerat/ : Squeek
[00:19:22]SAY: Molerat/ : Squeek!
[00:19:22]SAY: Molerat/ : Squeek
[00:19:22]SAY: Mutant/ : ARGH!
[00:19:22]SAY: Molerat/ : Squeek
[00:19:22]SAY: Molerat/ : Squeek, i say
[00:19:24]GAME: Radiation pulse with size (1, 4) and severity 40 in area Custodial Closet 
[00:19:24]SAY: Molerat/ : Squeek
[00:19:24]SAY: Molerat/ : Squeek, i say
[00:19:24]SAY: Molerat/ : Squeek
[00:19:24]SAY: Molerat/ : Squeek
[00:19:24]SAY: Mutant/ : GRRRRRR!
[00:19:24]SAY: Molerat/ : Squeek
[00:19:26]SAY: Molerat/ : Squeek
[00:19:26]SAY: Molerat/ : Squeek
[00:19:26]SAY: Molerat/ : Squeek
[00:19:26]SAY: Molerat/ : Squeek
[00:19:26]SAY: Mutant/ : ARRRRR!
[00:19:26]SAY: Molerat/ : Squeek!
[00:19:26]SAY: Mutant/ : ARRRRR!
[00:19:26]SAY: Molerat/ : Squeek!
[00:19:28]SAY: Molerat/ : Squeek
[00:19:28]SAY: Molerat/ : Squeek, i say
[00:19:28]SAY: Mutant/ : ARRRRR!
[00:19:28]SAY: Molerat/ : Squeek!
[00:19:28]SAY: Molerat/ : Squeek
[00:19:28]EMOTE: giant spider (843)/ : <B>The giant spider (843)</B> chitters
[00:19:31]SAY: Molerat/ : Squeek
[00:19:31]SAY: Molerat/ : Squeek
[00:19:31]SAY: Molerat/ : Squeek!
[00:19:31]SAY: Molerat/ : Squeek
[00:19:31]SAY: Molerat/ : Squeek!
[00:19:31]SAY: Molerat/ : Squeek!
[00:19:31]SAY: Mutant/ : NNNNNGH!
[00:19:31]SAY: Molerat/ : Squeek!
[00:19:31]SAY: Molerat/ : Squeek!
[00:19:31]SAY: Molerat/ : Squeek
[00:19:33]GAME: Radiation pulse with size (1, 4) and severity 40 in area Custodial Closet 
[00:19:33]SAY: Molerat/ : Squeek
[00:19:33]SAY: Molerat/ : Squeek
[00:19:33]SAY: Molerat/ : Squeek
[00:19:33]SAY: Molerat/ : Squeek
[00:19:33]SAY: Molerat/ : Squeek!
[00:19:33]SAY: Molerat/ : Squeek!
[00:19:33]SAY: Molerat/ : Squeek!
[00:19:33]SAY: Molerat/ : Squeek!
[00:19:33]SAY: Molerat/ : Squeek!
[00:19:33]SAY: Molerat/ : Squeek!
[00:19:35]SAY: Molerat/ : Squeek
[00:19:35]SAY: Molerat/ : Squeek!
[00:19:35]SAY: Molerat/ : Squeek
[00:19:35]SAY: Molerat/ : Squeek!
[00:19:35]SAY: Molerat/ : Squeek
[00:19:35]SAY: Molerat/ : Squeek!
[00:19:35]SAY: Mutant/ : NNNNNGH!
[00:19:35]SAY: Mutant/ : GRRRRRR!
[00:19:35]SAY: Molerat/ : Squeek
[00:19:35]SAY: Molerat/ : Squeek
[00:19:35]SAY: Molerat/ : Squeek!
[00:19:35]SAY: Molerat/ : Squeek!
[00:19:38]SAY: Molerat/ : Squeek
[00:19:38]SAY: Molerat/ : Squeek!
[00:19:38]SAY: Molerat/ : Squeek
[00:19:38]SAY: Molerat/ : Squeek
[00:19:38]SAY: Molerat/ : Squeek
[00:19:38]SAY: Molerat/ : Squeek!
[00:19:38]SAY: Mutant/ : NNNNNGH!
[00:19:38]SAY: Molerat/ : Squeek
[00:19:38]SAY: Molerat/ : Squeek
[00:19:38]SAY: Molerat/ : Squeek
[00:19:40]SAY: Molerat/ : Squeek
[00:19:40]SAY: Molerat/ : Squeek!
[00:19:40]SAY: Molerat/ : Squeek!
[00:19:40]SAY: Molerat/ : Squeek!
[00:19:41]GAME: Radiation pulse with size (1, 4) and severity 40 in area Custodial Closet 
[00:19:42]SAY: Molerat/ : Squeek
[00:19:42]SAY: Molerat/ : Squeek, i say
[00:19:42]SAY: Molerat/ : Squeek
[00:19:42]SAY: Mutant/ : GRRRRRR!
[00:19:42]SAY: Molerat/ : Squeek
[00:19:42]SAY: Molerat/ : Squeek!
[00:19:42]SAY: Molerat/ : Squeek
[00:19:44]SAY: Molerat/ : Squeek!
[00:19:44]SAY: Molerat/ : Squeek
[00:19:44]SAY: Molerat/ : Squeek!
[00:19:44]SAY: Molerat/ : Squeek!
[00:19:44]SAY: Mutant/ : HMPH!
[00:19:44]SAY: Molerat/ : Squeek!
[00:19:44]SAY: Molerat/ : Squeek
[00:19:44]SAY: Mutant/ : GRRRRRR!
[00:19:44]SAY: Molerat/ : Squeek
[00:19:44]SAY: Molerat/ : Squeek!
[00:19:44]SAY: Molerat/ : Squeek
[00:19:44]SAY: Molerat/ : Squeek!
[00:19:44]SAY: Molerat/ : Squeek
[00:19:47]SAY: Molerat/ : Squeek!
[00:19:47]SAY: Molerat/ : Squeek, i say
[00:19:47]SAY: Molerat/ : Squeek!
[00:19:47]SAY: Molerat/ : Squeek
[00:19:47]SAY: Molerat/ : Squeek
[00:19:47]SAY: Molerat/ : Squeek
[00:19:47]SAY: Mutant/ : NNNNNGH!
[00:19:47]SAY: Mutant/ : ARGH!
[00:19:47]SAY: Molerat/ : Squeek!
[00:19:47]SAY: Molerat/ : Squeek
[00:19:47]EMOTE: giant spider (843)/ : <B>The giant spider (843)</B> chitters
[00:19:47]SAY: Molerat/ : Squeek
[00:19:47]SAY: Molerat/ : Squeek!
[00:19:49]SAY: Molerat/ : Squeek
[00:19:49]SAY: Molerat/ : Squeek!
[00:19:49]SAY: Molerat/ : Squeek
[00:19:49]SAY: Molerat/ : Squeek!
[00:19:49]SAY: Molerat/ : Squeek
[00:19:49]SAY: Molerat/ : Squeek
[00:19:49]SAY: Molerat/ : Squeek
[00:19:51]GAME: Radiation pulse with size (1, 4) and severity 40 in area Custodial Closet 
[00:19:51]SAY: Molerat/ : Squeek
[00:19:51]SAY: Molerat/ : Squeek, i say
[00:19:51]SAY: Molerat/ : Squeek
[00:19:51]SAY: Molerat/ : Squeek!
[00:19:51]SAY: Molerat/ : Squeek
[00:19:51]SAY: Molerat/ : Squeek, i say
[00:19:51]SAY: Molerat/ : Squeek, i say
[00:19:51]SAY: Molerat/ : Squeek!
[00:19:51]SAY: Molerat/ : Squeek, i say
[00:19:51]SAY: Molerat/ : Squeek
[00:19:51]SAY: Molerat/ : Squeek!
[00:19:53]SAY: Molerat/ : Squeek!
[00:19:53]SAY: Molerat/ : Squeek
[00:19:53]SAY: Molerat/ : Squeek, i say
[00:19:53]SAY: Molerat/ : Squeek
[00:19:53]SAY: Molerat/ : Squeek!
[00:19:53]SAY: Molerat/ : Squeek
[00:19:55]SAY: Molerat/ : Squeek!
[00:19:55]SAY: Molerat/ : Squeek
[00:19:55]SAY: Molerat/ : Squeek
[00:19:55]SAY: Molerat/ : Squeek!
[00:19:55]SAY: Molerat/ : Squeek!
[00:19:55]SAY: Mutant/ : GRRRRRR!
[00:19:55]SAY: Molerat/ : Squeek!
[00:19:55]SAY: Molerat/ : Squeek
[00:19:55]SAY: Molerat/ : Squeek, i say
[00:19:57]SAY: Molerat/ : Squeek
[00:19:57]SAY: Molerat/ : Squeek!
[00:19:57]SAY: Molerat/ : Squeek
[00:19:57]SAY: Molerat/ : Squeek
[00:19:57]SAY: Molerat/ : Squeek!
[00:19:57]SAY: Molerat/ : Squeek
[00:19:57]SAY: Molerat/ : Squeek
[00:19:57]SAY: Molerat/ : Squeek
[00:20:00]GAME: Radiation pulse with size (1, 4) and severity 40 in area Custodial Closet 
[00:20:01]SAY: Molerat/ : Squeek
[00:20:01]SAY: Molerat/ : Squeek!
[00:20:01]SAY: Molerat/ : Squeek
[00:20:01]SAY: Molerat/ : Squeek!
[00:20:01]SAY: Molerat/ : Squeek
[00:20:01]SAY: Molerat/ : Squeek!
[00:20:01]SAY: Molerat/ : Squeek
[00:20:01]SAY: Molerat/ : Squeek
[00:20:03]SAY: Molerat/ : Squeek!
[00:20:03]SAY: Molerat/ : Squeek, i say
[00:20:03]SAY: Molerat/ : Squeek!
[00:20:03]SAY: Mutant/ : NNNNNGH!
[00:20:03]SAY: Mutant/ : HMPH!
[00:20:03]SAY: Molerat/ : Squeek
[00:20:03]EMOTE: rad scorpion (154)/ : <B>The rad scorpion (154)</B> chitters
[00:20:03]SAY: Molerat/ : Squeek, i say
[00:20:05]SAY: Molerat/ : Squeek
[00:20:05]SAY: Molerat/ : Squeek
[00:20:05]SAY: Molerat/ : Squeek, i say
[00:20:05]SAY: Molerat/ : Squeek!
[00:20:05]SAY: Molerat/ : Squeek
[00:20:05]SAY: Molerat/ : Squeek
[00:20:05]SAY: brahmin/ : Moo?
[00:20:07]SAY: Molerat/ : Squeek
[00:20:07]SAY: Molerat/ : Squeek!
[00:20:07]SAY: Molerat/ : Squeek
[00:20:07]SAY: Molerat/ : Squeek
[00:20:07]SAY: Molerat/ : Squeek!
[00:20:07]SAY: Molerat/ : Squeek!
[00:20:07]SAY: Molerat/ : Squeek, i say
[00:20:07]SAY: Molerat/ : Squeek!
[00:20:07]SAY: Molerat/ : Squeek, i say
[00:20:07]EMOTE: rad scorpion (154)/ : <B>The rad scorpion (154)</B> chitters
[00:20:07]SAY: Medibot/ : Delicious!
[00:20:09]GAME: Radiation pulse with size (1, 4) and severity 40 in area Custodial Closet 
[00:20:09]SAY: Molerat/ : Squeek, i say
[00:20:09]SAY: Molerat/ : Squeek
[00:20:09]SAY: Molerat/ : Squeek
[00:20:09]SAY: Mutant/ : GRRRRRR!
[00:20:09]SAY: Molerat/ : Squeek!
[00:20:09]SAY: Molerat/ : Squeek!
[00:20:09]SAY: Molerat/ : Squeek
[00:20:09]EMOTE: giant rad scorpion (725)/ : <B>The giant rad scorpion (725)</B> chitters
[00:20:11]SAY: Molerat/ : Squeek
[00:20:11]SAY: Molerat/ : Squeek
[00:20:11]SAY: Molerat/ : Squeek
[00:20:11]SAY: Mutant/ : ARGH!
[00:20:11]SAY: Molerat/ : Squeek
[00:20:11]SAY: Molerat/ : Squeek!
[00:20:11]SAY: Molerat/ : Squeek!
[00:20:13]SAY: Molerat/ : Squeek, i say
[00:20:13]SAY: Molerat/ : Squeek, i say
[00:20:13]SAY: Molerat/ : Squeek
[00:20:13]SAY: Molerat/ : Squeek!
[00:20:13]SAY: Molerat/ : Squeek!
[00:20:13]SAY: Mutant/ : NNNNNGH!
[00:20:13]SAY: Molerat/ : Squeek
[00:20:13]SAY: Mutant/ : ARRRRR!
[00:20:13]SAY: Molerat/ : Squeek
[00:20:13]SAY: Molerat/ : Squeek!
[00:20:13]SAY: Molerat/ : Squeek
[00:20:13]EMOTE: giant rad scorpion (769)/ : <B>The giant rad scorpion (769)</B> chitters
[00:20:16]SAY: Molerat/ : Squeek
[00:20:16]SAY: Molerat/ : Squeek
[00:20:16]SAY: Molerat/ : Squeek!
[00:20:16]SAY: Molerat/ : Squeek
[00:20:16]SAY: Molerat/ : Squeek
[00:20:16]SAY: Molerat/ : Squeek
[00:20:16]SAY: Molerat/ : Squeek
[00:20:16]SAY: Mutant/ : ARRRRR!
[00:20:16]SAY: Molerat/ : Squeek
[00:20:18]GAME: Radiation pulse with size (1, 4) and severity 40 in area Custodial Closet 
[00:20:18]SAY: Molerat/ : Squeek
[00:20:18]SAY: Molerat/ : Squeek
[00:20:18]SAY: Molerat/ : Squeek
[00:20:18]SAY: Molerat/ : Squeek!
[00:20:18]SAY: Molerat/ : Squeek!
[00:20:19]SAY: Molerat/ : Squeek
[00:20:19]SAY: Molerat/ : Squeek!
[00:20:21]SAY: Molerat/ : Squeek
[00:20:21]SAY: Molerat/ : Squeek
[00:20:21]SAY: Molerat/ : Squeek!
[00:20:21]SAY: Mutant/ : NNNNNGH!
[00:20:21]SAY: Mutant/ : ARGH!
[00:20:21]SAY: Molerat/ : Squeek
[00:20:21]SAY: Molerat/ : Squeek
[00:20:21]SAY: Molerat/ : Squeek
[00:20:21]SAY: Molerat/ : Squeek!
[00:20:21]SAY: Molerat/ : Squeek, i say
[00:20:21]SAY: Molerat/ : Squeek
[00:20:23]SAY: Molerat/ : Squeek!
[00:20:23]SAY: Molerat/ : Squeek!
[00:20:23]SAY: Molerat/ : Squeek, i say
[00:20:23]SAY: Molerat/ : Squeek, i say
[00:20:23]SAY: Molerat/ : Squeek!
[00:20:23]SAY: Molerat/ : Squeek!
[00:20:23]SAY: Molerat/ : Squeek!
[00:20:23]SAY: Molerat/ : Squeek
[00:20:24]GAME: Radiation pulse with size (1, 4) and severity 40 in area Custodial Closet 
[00:20:25]SAY: Molerat/ : Squeek
[00:20:25]SAY: Molerat/ : Squeek
[00:20:25]SAY: Molerat/ : Squeek
[00:20:25]SAY: Molerat/ : Squeek
[00:20:25]SAY: Mutant/ : GRRRRRR!
[00:20:25]SAY: Molerat/ : Squeek!
[00:20:27]SAY: Molerat/ : Squeek
[00:20:27]SAY: Molerat/ : Squeek
[00:20:27]SAY: Molerat/ : Squeek
[00:20:27]SAY: Molerat/ : Squeek
[00:20:27]SAY: Molerat/ : Squeek!
[00:20:27]SAY: Mutant/ : GRRRRRR!
[00:20:27]SAY: Molerat/ : Squeek
[00:20:27]SAY: Molerat/ : Squeek
[00:20:27]SAY: Molerat/ : Squeek!
[00:20:27]SAY: Molerat/ : Squeek, i say
[00:20:27]EMOTE: giant rad scorpion (769)/ : <B>The giant rad scorpion (769)</B> chitters
[00:20:30]SAY: Molerat/ : Squeek, i say
[00:20:30]SAY: Molerat/ : Squeek
[00:20:30]SAY: Molerat/ : Squeek!
[00:20:30]SAY: Molerat/ : Squeek
[00:20:30]SAY: Molerat/ : Squeek
[00:20:30]SAY: Molerat/ : Squeek
[00:20:30]SAY: Molerat/ : Squeek!
[00:20:30]SAY: Molerat/ : Squeek!
[00:20:30]SAY: Mutant/ : NNNNNGH!
[00:20:30]SAY: Mutant/ : HMPH!
[00:20:30]SAY: Molerat/ : Squeek
[00:20:30]SAY: Molerat/ : Squeek
[00:20:32]SAY: Molerat/ : Squeek
[00:20:32]SAY: Molerat/ : Squeek!
[00:20:32]SAY: Molerat/ : Squeek
[00:20:32]SAY: Mutant/ : ARRRRR!
[00:20:32]SAY: Molerat/ : Squeek
[00:20:32]EMOTE: giant rad scorpion (769)/ : <B>The giant rad scorpion (769)</B> chitters
[00:20:34]GAME: Radiation pulse with size (1, 4) and severity 40 in area Custodial Closet 
[00:20:34]SAY: Molerat/ : Squeek!
[00:20:34]SAY: Molerat/ : Squeek
[00:20:34]SAY: Molerat/ : Squeek!
[00:20:34]SAY: Molerat/ : Squeek
[00:20:34]SAY: Molerat/ : Squeek
[00:20:34]SAY: Molerat/ : Squeek!
[00:20:34]SAY: Mutant/ : HMPH!
[00:20:34]SAY: Molerat/ : Squeek
[00:20:34]SAY: Molerat/ : Squeek
[00:20:36]SAY: Molerat/ : Squeek!
[00:20:36]SAY: Molerat/ : Squeek!
[00:20:36]SAY: Molerat/ : Squeek
[00:20:36]SAY: Molerat/ : Squeek!
[00:20:36]SAY: Molerat/ : Squeek!
[00:20:36]SAY: Molerat/ : Squeek!
[00:20:36]SAY: Molerat/ : Squeek
[00:20:36]SAY: Molerat/ : Squeek
[00:20:36]SAY: Mutant/ : GRRRRRR!
[00:20:36]SAY: Mutant/ : ARGH!
[00:20:36]SAY: Molerat/ : Squeek
[00:20:36]SAY: Molerat/ : Squeek, i say
[00:20:36]SAY: Molerat/ : Squeek
[00:20:38]SAY: Molerat/ : Squeek!
[00:20:38]SAY: Molerat/ : Squeek
[00:20:38]SAY: Molerat/ : Squeek!
[00:20:38]SAY: Molerat/ : Squeek
[00:20:38]SAY: Molerat/ : Squeek
[00:20:38]SAY: Molerat/ : Squeek
[00:20:38]SAY: Molerat/ : Squeek, i say
[00:20:40]SAY: Molerat/ : Squeek
[00:20:40]SAY: Molerat/ : Squeek
[00:20:40]SAY: Molerat/ : Squeek
[00:20:40]SAY: Mutant/ : GRRRRRR!
[00:20:40]SAY: Mutant/ : NNNNNGH!
[00:20:40]SAY: Molerat/ : Squeek
[00:20:40]SAY: Molerat/ : Squeek
[00:20:42]GAME: Radiation pulse with size (1, 4) and severity 40 in area Custodial Closet 
[00:20:42]SAY: Molerat/ : Squeek!
[00:20:42]SAY: Molerat/ : Squeek!
[00:20:42]SAY: Molerat/ : Squeek!
[00:20:42]SAY: Molerat/ : Squeek
[00:20:42]SAY: Molerat/ : Squeek!
[00:20:42]SAY: Mutant/ : HMPH!
[00:20:42]SAY: Mutant/ : GRRRRRR!
[00:20:42]SAY: Mutant/ : ARRRRR!
[00:20:42]SAY: Molerat/ : Squeek!
[00:20:42]SAY: Molerat/ : Squeek
[00:20:46]SAY: Molerat/ : Squeek
[00:20:46]SAY: Molerat/ : Squeek, i say
[00:20:46]SAY: Molerat/ : Squeek
[00:20:46]SAY: Molerat/ : Squeek, i say
[00:20:46]SAY: Molerat/ : Squeek
[00:20:46]SAY: Molerat/ : Squeek
[00:20:46]SAY: Molerat/ : Squeek
[00:20:46]SAY: Molerat/ : Squeek!
[00:20:46]SAY: Molerat/ : Squeek!
[00:20:46]SAY: Molerat/ : Squeek
[00:20:46]SAY: Molerat/ : Squeek, i say
[00:20:46]SAY: Molerat/ : Squeek
[00:20:46]SAY: Molerat/ : Squeek!
[00:20:46]SAY: Molerat/ : Squeek
[00:20:46]SAY: Mutant/ : GRRRRRR!
[00:20:46]SAY: Molerat/ : Squeek
[00:20:48]SAY: Molerat/ : Squeek!
[00:20:48]SAY: Molerat/ : Squeek
[00:20:48]SAY: Molerat/ : Squeek
[00:20:48]SAY: Molerat/ : Squeek
[00:20:48]SAY: Mutant/ : NNNNNGH!
[00:20:48]SAY: Mutant/ : ARGH!
[00:20:48]SAY: Molerat/ : Squeek
[00:20:48]SAY: Molerat/ : Squeek
[00:20:50]SAY: Molerat/ : Squeek
[00:20:50]SAY: Molerat/ : Squeek
[00:20:50]SAY: Molerat/ : Squeek!
[00:20:50]SAY: Molerat/ : Squeek
[00:20:50]SAY: Molerat/ : Squeek
[00:20:52]GAME: Radiation pulse with size (1, 4) and severity 40 in area Custodial Closet 
[00:20:52]SAY: Molerat/ : Squeek!
[00:20:52]SAY: Molerat/ : Squeek
[00:20:52]SAY: Molerat/ : Squeek
[00:20:52]SAY: Molerat/ : Squeek, i say
[00:20:52]SAY: Molerat/ : Squeek
[00:20:52]SAY: Molerat/ : Squeek
[00:20:52]SAY: Molerat/ : Squeek
[00:20:52]SAY: Mutant/ : GRRRRRR!
[00:20:52]SAY: Molerat/ : Squeek!
[00:20:52]SAY: Molerat/ : Squeek!
[00:20:52]SAY: Molerat/ : Squeek
[00:20:54]SAY: Molerat/ : Squeek
[00:20:54]SAY: Molerat/ : Squeek
[00:20:54]SAY: Mutant/ : ARGH!
[00:20:54]SAY: Molerat/ : Squeek!
[00:20:54]SAY: Molerat/ : Squeek
[00:20:54]SAY: Molerat/ : Squeek!
[00:20:54]SAY: Molerat/ : Squeek!
[00:20:54]SAY: brahmin/ : MOOOOOO
[00:20:56]ACCESS: Logout: PahomLancer[DC]/(Griffin Whiteman)


Starting up. 00:25.51
---------------------
Adding game mode abduction (abduction) to configuration.
Adding game mode blob (blob) to configuration.
Adding game mode changeling (changeling) to configuration.
Adding game mode traitor+changeling (traitorchan) to configuration.
Adding game mode double agents (double_agents) to configuration.
Adding game mode traitor (traitor) to configuration.
Adding game mode cult (cult) to configuration.
Adding game mode extended (extended) to configuration.
Adding game mode gang war (gang) to configuration.
Adding game mode hand of god (handofgod) to configuration.
Adding game mode AI malfunction (malfunction) to configuration.
Adding game mode meteor (meteor) to configuration.
Adding game mode monkey (monkey) to configuration.
Adding game mode nuclear emergency (nuclear) to configuration.
Adding game mode revolution (revolution) to configuration.
Adding game mode sandbox (sandbox) to configuration.
Adding game mode shadowling (shadowling) to configuration.
Adding game mode very ragin' bullshit mages (veryraginbullshitmages) to configuration.
Adding game mode ragin' mages (raginmages) to configuration.
Adding game mode wizard (wizard) to configuration.
Saved mode is 'extended'
Failed to connect to database in load_admin_ranks(). Reverting to legacy system.
Database connection failed. Reverting to the legacy ban system.
[00:25:51]ADMIN: Loading appearance_rank
[00:25:51]ADMIN: appearance_keylist was empty
[00:25:51]ADMIN: Loading Banlist
[00:27:06]ACCESS: Login: PahomLancer/(PahomLancer) from 127.0.0.1-357177658 || BYOND v510
[00:27:17]ADMIN: PahomLancer has started the game.
[00:27:20]GAME: SQL ERROR obtaining jobbans. Error : [not connected]

[00:27:20]ACCESS: Logout: *no key*/(PahomLancer)
[00:27:20]ACCESS: Login: PahomLancer/(Griffin Whiteman) from 127.0.0.1-357177658 || BYOND v510
[00:27:25]SAY: Molerat/ : Squeek
[00:27:25]SAY: Molerat/ : Squeek!
[00:27:25]SAY: Molerat/ : Squeek
[00:27:25]SAY: Molerat/ : Squeek!
[00:27:25]SAY: Molerat/ : Squeek!
[00:27:25]SAY: Molerat/ : Squeek
[00:27:25]SAY: Molerat/ : Squeek
[00:27:25]SAY: Mutant/ : ARRRRR!
[00:27:25]SAY: Molerat/ : Squeek
[00:27:25]SAY: Molerat/ : Squeek!
[00:27:25]SAY: Molerat/ : Squeek
[00:27:25]SAY: Mutant/ : ARGH!
[00:27:27]GAME: Radiation pulse with size (1, 4) and severity 40 in area Custodial Closet 
[00:27:29]SAY: Molerat/ : Squeek
[00:27:29]SAY: Molerat/ : Squeek
[00:27:29]SAY: Mutant/ : GRRRRRR!
[00:27:29]SAY: Mutant/ : NNNNNGH!
[00:27:29]SAY: Molerat/ : Squeek
[00:27:29]SAY: Molerat/ : Squeek
[00:27:30]SAY: Molerat/ : Squeek
[00:27:30]SAY: Mutant/ : NNNNNGH!
[00:27:30]SAY: Mutant/ : GRRRRRR!
[00:27:30]SAY: Molerat/ : Squeek
[00:27:32]SAY: Molerat/ : Squeek!
[00:27:32]SAY: Molerat/ : Squeek
[00:27:32]SAY: Molerat/ : Squeek
[00:27:32]SAY: Molerat/ : Squeek, i say
[00:27:32]SAY: Molerat/ : Squeek
[00:27:32]SAY: Mutant/ : ARRRRR!
[00:27:32]SAY: Molerat/ : Squeek!
[00:27:32]SAY: Molerat/ : Squeek!
[00:27:32]SAY: Molerat/ : Squeek, i say
[00:27:32]SAY: Molerat/ : Squeek!
[00:27:34]SAY: Molerat/ : Squeek
[00:27:34]SAY: Molerat/ : Squeek!
[00:27:34]SAY: Molerat/ : Squeek, i say
[00:27:34]SAY: Molerat/ : Squeek!
[00:27:35]GAME: Radiation pulse with size (1, 4) and severity 40 in area Custodial Closet 
[00:27:37]SAY: Molerat/ : Squeek!
[00:27:37]SAY: Molerat/ : Squeek!
[00:27:37]SAY: Molerat/ : Squeek
[00:27:37]SAY: Mutant/ : ARGH!
[00:27:37]SAY: Mutant/ : NNNNNGH!
[00:27:37]SAY: Mutant/ : ARRRRR!
[00:27:39]SAY: Molerat/ : Squeek
[00:27:39]SAY: Molerat/ : Squeek!
[00:27:39]SAY: Molerat/ : Squeek!
[00:27:39]SAY: Mutant/ : ARGH!
[00:27:42]SAY: Molerat/ : Squeek, i say
[00:27:42]SAY: Molerat/ : Squeek!
[00:27:42]SAY: Molerat/ : Squeek
[00:27:42]SAY: Molerat/ : Squeek!
[00:27:42]SAY: Molerat/ : Squeek
[00:27:42]SAY: Molerat/ : Squeek!
[00:27:42]SAY: Molerat/ : Squeek!
[00:27:42]SAY: Molerat/ : Squeek
[00:27:42]SAY: Molerat/ : Squeek
[00:27:42]SAY: Molerat/ : Squeek!
[00:27:42]SAY: Molerat/ : Squeek!
[00:27:43]GAME: Radiation pulse with size (1, 4) and severity 40 in area Custodial Closet 
[00:27:44]SAY: Molerat/ : Squeek
[00:27:44]SAY: Molerat/ : Squeek!
[00:27:44]SAY: Molerat/ : Squeek!
[00:27:44]SAY: Molerat/ : Squeek!
[00:27:44]SAY: Molerat/ : Squeek
[00:27:44]SAY: Molerat/ : Squeek
[00:27:44]SAY: Molerat/ : Squeek!
[00:27:44]SAY: Mutant/ : ARRRRR!
[00:27:44]SAY: Molerat/ : Squeek, i say
[00:27:47]SAY: Molerat/ : Squeek
[00:27:47]SAY: Molerat/ : Squeek
[00:27:47]SAY: Molerat/ : Squeek
[00:27:47]SAY: Molerat/ : Squeek!
[00:27:47]SAY: Mutant/ : ARGH!
[00:27:47]SAY: Molerat/ : Squeek!
[00:27:47]SAY: Mutant/ : ARGH!
[00:27:47]SAY: Mutant/ : GRRRRRR!
[00:27:47]SAY: Mutant/ : ARGH!
[00:27:49]SAY: Molerat/ : Squeek
[00:27:49]SAY: Molerat/ : Squeek
[00:27:49]SAY: Mutant/ : GRRRRRR!
[00:27:49]SAY: Molerat/ : Squeek
[00:27:49]SAY: Mutant/ : ARRRRR!
[00:27:49]SAY: Mutant/ : GRRRRRR!
[00:27:49]SAY: Molerat/ : Squeek
[00:27:49]SAY: Molerat/ : Squeek
[00:27:49]SAY: Molerat/ : Squeek
[00:27:51]SAY: Molerat/ : Squeek
[00:27:51]SAY: Molerat/ : Squeek
[00:27:51]SAY: Molerat/ : Squeek!
[00:27:51]SAY: Molerat/ : Squeek
[00:27:51]SAY: Molerat/ : Squeek
[00:27:51]SAY: Molerat/ : Squeek
[00:27:54]GAME: Radiation pulse with size (1, 4) and severity 40 in area Custodial Closet 
[00:27:54]SAY: Molerat/ : Squeek!
[00:27:54]SAY: Mutant/ : ARGH!
[00:27:54]SAY: Mutant/ : NNNNNGH!
[00:27:54]SAY: Mutant/ : NNNNNGH!
[00:27:54]SAY: Molerat/ : Squeek
[00:27:54]SAY: Molerat/ : Squeek!
[00:27:54]SAY: Molerat/ : Squeek!
[00:27:56]SAY: Molerat/ : Squeek
[00:27:56]SAY: Molerat/ : Squeek
[00:27:56]SAY: Mutant/ : ARGH!
[00:27:56]SAY: Molerat/ : Squeek!
[00:27:56]SAY: Mutant/ : NNNNNGH!
[00:27:56]SAY: Molerat/ : Squeek
[00:27:56]SAY: Molerat/ : Squeek
[00:27:56]SAY: Molerat/ : Squeek!
[00:27:56]SAY: Molerat/ : Squeek!
[00:28:00]SAY: Molerat/ : Squeek, i say
[00:28:00]SAY: Molerat/ : Squeek
[00:28:00]SAY: Molerat/ : Squeek, i say
[00:28:00]SAY: Molerat/ : Squeek
[00:28:00]EMOTE: Default Cyborg-333/ : <B>Default Cyborg-333</B> shudders violently for a moment, then becomes motionless, its eyes slowly darkening.
[00:28:00]EMOTE: giant spider (567)/ : <B>The giant spider (567)</B> chitters
[00:28:02]SAY: Molerat/ : Squeek
[00:28:02]SAY: Molerat/ : Squeek!
[00:28:02]SAY: Molerat/ : Squeek
[00:28:02]SAY: Molerat/ : Squeek
[00:28:02]SAY: Molerat/ : Squeek!
[00:28:02]SAY: Molerat/ : Squeek
[00:28:02]SAY: Molerat/ : Squeek
[00:28:02]SAY: Molerat/ : Squeek!
[00:28:02]SAY: Molerat/ : Squeek
[00:28:02]SAY: Molerat/ : Squeek!
[00:28:02]SAY: Molerat/ : Squeek
[00:28:03]GAME: Radiation pulse with size (1, 4) and severity 40 in area Custodial Closet 
[00:28:04]SAY: Molerat/ : Squeek
[00:28:04]SAY: Molerat/ : Squeek
[00:28:04]SAY: Molerat/ : Squeek, i say
[00:28:04]SAY: Molerat/ : Squeek!
[00:28:04]SAY: Molerat/ : Squeek
[00:28:07]SAY: Molerat/ : Squeek!
[00:28:07]SAY: Molerat/ : Squeek
[00:28:07]SAY: Molerat/ : Squeek!
[00:28:07]SAY: Mutant/ : ARRRRR!
[00:28:07]SAY: Molerat/ : Squeek, i say
[00:28:07]SAY: Mutant/ : ARGH!
[00:28:07]SAY: Mutant/ : ARGH!
[00:28:07]SAY: Molerat/ : Squeek, i say
[00:28:07]SAY: Molerat/ : Squeek!
[00:28:09]SAY: Molerat/ : Squeek!
[00:28:09]SAY: Molerat/ : Squeek
[00:28:09]SAY: Molerat/ : Squeek
[00:28:09]SAY: Molerat/ : Squeek
[00:28:09]SAY: Mutant/ : GRRRRRR!
[00:28:09]SAY: Molerat/ : Squeek, i say
[00:28:09]SAY: Molerat/ : Squeek!
[00:28:09]SAY: Molerat/ : Squeek
[00:28:11]SAY: Molerat/ : Squeek, i say
[00:28:11]SAY: Molerat/ : Squeek
[00:28:11]SAY: Molerat/ : Squeek!
[00:28:11]SAY: Molerat/ : Squeek, i say
[00:28:11]SAY: Molerat/ : Squeek
[00:28:11]SAY: Molerat/ : Squeek
[00:28:11]SAY: Mutant/ : ARRRRR!
[00:28:11]SAY: Molerat/ : Squeek
[00:28:11]SAY: Molerat/ : Squeek
[00:28:11]SAY: Mutant/ : NNNNNGH!
[00:28:11]SAY: Molerat/ : Squeek!
[00:28:11]SAY: Molerat/ : Squeek!
[00:28:11]SAY: Molerat/ : Squeek
[00:28:12]GAME: Radiation pulse with size (1, 4) and severity 40 in area Custodial Closet 
[00:28:14]SAY: Molerat/ : Squeek
[00:28:14]SAY: Molerat/ : Squeek
[00:28:14]SAY: Molerat/ : Squeek, i say
[00:28:14]SAY: Mutant/ : ARRRRR!
[00:28:14]SAY: Molerat/ : Squeek
[00:28:14]SAY: Molerat/ : Squeek
[00:28:14]SAY: Molerat/ : Squeek
[00:28:14]SAY: Molerat/ : Squeek
[00:28:14]SAY: Molerat/ : Squeek, i say
[00:28:14]SAY: Molerat/ : Squeek
[00:28:16]SAY: Molerat/ : Squeek!
[00:28:16]SAY: Molerat/ : Squeek
[00:28:16]SAY: Molerat/ : Squeek, i say
[00:28:16]SAY: Molerat/ : Squeek, i say
[00:28:16]SAY: Molerat/ : Squeek!
[00:28:16]SAY: Molerat/ : Squeek
[00:28:16]SAY: Molerat/ : Squeek!
[00:28:16]SAY: Molerat/ : Squeek
[00:28:16]SAY: Molerat/ : Squeek!
[00:28:18]SAY: Molerat/ : Squeek
[00:28:18]SAY: Molerat/ : Squeek
[00:28:18]SAY: Molerat/ : Squeek, i say
[00:28:18]SAY: Molerat/ : Squeek
[00:28:18]SAY: Mutant/ : HMPH!
[00:28:18]SAY: Molerat/ : Squeek, i say
[00:28:18]SAY: Molerat/ : Squeek!
[00:28:18]SAY: Molerat/ : Squeek, i say
[00:28:20]SAY: Molerat/ : Squeek!
[00:28:20]SAY: Molerat/ : Squeek
[00:28:20]SAY: Mutant/ : ARRRRR!
[00:28:20]SAY: Molerat/ : Squeek, i say
[00:28:20]SAY: Molerat/ : Squeek
[00:28:20]SAY: Mutant/ : ARGH!
[00:28:20]SAY: Molerat/ : Squeek
[00:28:20]SAY: Molerat/ : Squeek, i say
[00:28:20]SAY: Mutant/ : ARRRRR!
[00:28:20]SAY: Molerat/ : Squeek
[00:28:20]SAY: Molerat/ : Squeek
[00:28:20]SAY: Molerat/ : Squeek
[00:28:22]GAME: Radiation pulse with size (1, 4) and severity 40 in area Custodial Closet 
[00:28:23]SAY: Molerat/ : Squeek!
[00:28:23]SAY: Molerat/ : Squeek, i say
[00:28:23]SAY: Molerat/ : Squeek!
[00:28:23]SAY: Molerat/ : Squeek!
[00:28:23]SAY: Molerat/ : Squeek
[00:28:23]SAY: Molerat/ : Squeek
[00:28:23]SAY: Molerat/ : Squeek
[00:28:23]SAY: Molerat/ : Squeek
[00:28:25]SAY: Molerat/ : Squeek
[00:28:25]SAY: Molerat/ : Squeek
[00:28:25]SAY: Molerat/ : Squeek
[00:28:25]SAY: Molerat/ : Squeek, i say
[00:28:25]SAY: Molerat/ : Squeek, i say
[00:28:25]SAY: Mutant/ : HMPH!
[00:28:25]SAY: Mutant/ : HMPH!
[00:28:25]SAY: Molerat/ : Squeek!
[00:28:28]SAY: Molerat/ : Squeek
[00:28:28]SAY: Molerat/ : Squeek
[00:28:28]SAY: Molerat/ : Squeek
[00:28:28]SAY: Molerat/ : Squeek
[00:28:28]SAY: Molerat/ : Squeek
[00:28:28]SAY: Molerat/ : Squeek!
[00:28:28]SAY: Molerat/ : Squeek
[00:28:28]SAY: Molerat/ : Squeek
[00:28:28]SAY: Molerat/ : Squeek, i say
[00:28:28]SAY: Molerat/ : Squeek
[00:28:30]SAY: Molerat/ : Squeek!
[00:28:30]SAY: Molerat/ : Squeek, i say
[00:28:30]SAY: Molerat/ : Squeek, i say
[00:28:30]SAY: Molerat/ : Squeek!
[00:28:30]SAY: Molerat/ : Squeek
[00:28:32]GAME: Radiation pulse with size (1, 4) and severity 40 in area Custodial Closet 
[00:28:33]SAY: Molerat/ : Squeek
[00:28:33]SAY: Molerat/ : Squeek!
[00:28:33]SAY: Molerat/ : Squeek!
[00:28:33]SAY: Molerat/ : Squeek
[00:28:33]SAY: Mutant/ : ARRRRR!
[00:28:33]SAY: Molerat/ : Squeek
[00:28:33]SAY: Mutant/ : ARGH!
[00:28:33]EMOTE: giant rad scorpion (474)/ : <B>The giant rad scorpion (474)</B> chitters
[00:28:35]SAY: Molerat/ : Squeek
[00:28:35]SAY: Molerat/ : Squeek, i say
[00:28:35]SAY: Molerat/ : Squeek, i say
[00:28:35]SAY: Mutant/ : ARGH!
[00:28:35]EMOTE: mouse/ : <B>The mouse</B> squeeks.
[00:28:35]SAY: Molerat/ : Squeek
[00:28:35]SAY: Molerat/ : Squeek!
[00:28:37]SAY: Molerat/ : Squeek!
[00:28:37]SAY: Molerat/ : Squeek
[00:28:37]SAY: Molerat/ : Squeek
[00:28:37]SAY: Mutant/ : GRRRRRR!
[00:28:37]SAY: Mutant/ : ARRRRR!
[00:28:37]SAY: Mutant/ : NNNNNGH!
[00:28:37]SAY: Molerat/ : Squeek!
[00:28:37]SAY: Mutant/ : NNNNNGH!
[00:28:37]SAY: Molerat/ : Squeek
[00:28:37]SAY: Molerat/ : Squeek
[00:28:39]SAY: Molerat/ : Squeek
[00:28:39]SAY: Molerat/ : Squeek
[00:28:39]SAY: Molerat/ : Squeek!
[00:28:39]SAY: Molerat/ : Squeek
[00:28:39]SAY: Molerat/ : Squeek!
[00:28:39]SAY: Molerat/ : Squeek!
[00:28:39]SAY: Molerat/ : Squeek!
[00:28:39]SAY: Mutant/ : ARRRRR!
[00:28:39]SAY: Mutant/ : ARRRRR!
[00:28:39]SAY: Molerat/ : Squeek!
[00:28:41]GAME: Radiation pulse with size (1, 4) and severity 40 in area Custodial Closet 
[00:28:42]SAY: Molerat/ : Squeek
[00:28:42]SAY: Molerat/ : Squeek!
[00:28:42]SAY: Molerat/ : Squeek
[00:28:42]SAY: Molerat/ : Squeek!
[00:28:42]SAY: Mutant/ : HMPH!
[00:28:42]SAY: Molerat/ : Squeek!
[00:28:42]SAY: Molerat/ : Squeek!
[00:28:44]SAY: Molerat/ : Squeek!
[00:28:44]SAY: Molerat/ : Squeek!
[00:28:44]SAY: Molerat/ : Squeek
[00:28:44]SAY: Molerat/ : Squeek
[00:28:44]SAY: Mutant/ : NNNNNGH!
[00:28:44]SAY: Molerat/ : Squeek!
[00:28:44]SAY: Molerat/ : Squeek
[00:28:44]SAY: Mutant/ : NNNNNGH!
[00:28:44]SAY: Molerat/ : Squeek
[00:28:44]SAY: Molerat/ : Squeek
[00:28:46]SAY: Molerat/ : Squeek
[00:28:46]SAY: Molerat/ : Squeek
[00:28:46]SAY: Molerat/ : Squeek!
[00:28:46]SAY: Mutant/ : ARGH!
[00:28:46]SAY: Molerat/ : Squeek
[00:28:46]SAY: Mutant/ : ARRRRR!
[00:28:46]SAY: Molerat/ : Squeek
[00:28:46]EMOTE: rad scorpion (413)/ : <B>The rad scorpion (413)</B> chitters
[00:28:46]SAY: Molerat/ : Squeek
[00:28:48]SAY: Molerat/ : Squeek!
[00:28:48]SAY: Molerat/ : Squeek!
[00:28:48]SAY: Molerat/ : Squeek
[00:28:48]SAY: Molerat/ : Squeek!
[00:28:48]SAY: Molerat/ : Squeek
[00:28:48]SAY: Mutant/ : ARGH!
[00:28:50]GAME: Radiation pulse with size (1, 4) and severity 40 in area Custodial Closet 
[00:28:51]SAY: Molerat/ : Squeek!
[00:28:51]SAY: Molerat/ : Squeek, i say
[00:28:51]SAY: Mutant/ : HMPH!
[00:28:51]SAY: Molerat/ : Squeek!
[00:28:51]SAY: Molerat/ : Squeek
[00:28:51]SAY: Molerat/ : Squeek!
[00:28:52]EMOTE: Griffin Whiteman/PahomLancer : <B>Griffin Whiteman</B> screams!
[00:28:53]SAY: Molerat/ : Squeek
[00:28:54]SAY: Molerat/ : Squeek
[00:28:54]SAY: Molerat/ : Squeek, i say
[00:28:54]SAY: Molerat/ : Squeek!
[00:28:54]SAY: Mutant/ : ARRRRR!
[00:28:54]SAY: Mutant/ : GRRRRRR!
[00:28:54]SAY: Molerat/ : Squeek
[00:28:54]SAY: Molerat/ : Squeek
[00:28:56]SAY: Molerat/ : Squeek
[00:28:56]SAY: Mutant/ : ARGH!
[00:28:56]SAY: Molerat/ : Squeek!
[00:28:57]GAME: Radiation pulse with size (1, 4) and severity 40 in area Custodial Closet 
[00:28:58]SAY: Molerat/ : Squeek
[00:28:58]SAY: Molerat/ : Squeek
[00:28:58]SAY: Molerat/ : Squeek
[00:28:58]SAY: Molerat/ : Squeek
[00:28:58]SAY: Mutant/ : GRRRRRR!
[00:28:58]SAY: Molerat/ : Squeek!
[00:28:58]SAY: Molerat/ : Squeek!
[00:28:58]SAY: Molerat/ : Squeek
[00:28:58]SAY: Molerat/ : Squeek
[00:28:58]EMOTE: Griffin Whiteman/PahomLancer : <B>Griffin Whiteman</B> screams!
[00:29:00]EMOTE: Griffin Whiteman/PahomLancer : <B>Griffin Whiteman</B> screams!
[00:29:00]SAY: Molerat/ : Squeek!
[00:29:00]SAY: Molerat/ : Squeek
[00:29:00]SAY: Molerat/ : Squeek
[00:29:00]SAY: Molerat/ : Squeek!
[00:29:00]SAY: Molerat/ : Squeek
[00:29:00]SAY: Mutant/ : GRRRRRR!
[00:29:00]SAY: Molerat/ : Squeek, i say
[00:29:00]SAY: Molerat/ : Squeek, i say
[00:29:00]SAY: Molerat/ : Squeek!
[00:29:00]SAY: Molerat/ : Squeek
[00:29:00]SAY: Molerat/ : Squeek!
[00:29:03]SAY: Molerat/ : Squeek
[00:29:03]SAY: Molerat/ : Squeek!
[00:29:03]SAY: Molerat/ : Squeek!
[00:29:03]SAY: Molerat/ : Squeek
[00:29:03]SAY: Molerat/ : Squeek
[00:29:03]SAY: Molerat/ : Squeek, i say
[00:29:03]SAY: Molerat/ : Squeek
[00:29:03]SAY: Molerat/ : Squeek!
[00:29:03]SAY: Molerat/ : Squeek
[00:29:03]SAY: Molerat/ : Squeek!
[00:29:03]EMOTE: Griffin Whiteman/PahomLancer : <B>Griffin Whiteman</B> screams!
[00:29:05]SAY: Molerat/ : Squeek, i say
[00:29:05]SAY: Molerat/ : Squeek, i say
[00:29:05]SAY: Molerat/ : Squeek
[00:29:05]SAY: Molerat/ : Squeek
[00:29:05]SAY: Molerat/ : Squeek
[00:29:05]SAY: Molerat/ : Squeek
[00:29:05]SAY: Molerat/ : Squeek, i say
[00:29:05]SAY: Molerat/ : Squeek
[00:29:05]SAY: Molerat/ : Squeek, i say
[00:29:05]SAY: Molerat/ : Squeek
[00:29:06]GAME: Radiation pulse with size (1, 4) and severity 40 in area Custodial Closet 
[00:29:07]SAY: Molerat/ : Squeek
[00:29:07]SAY: Molerat/ : Squeek
[00:29:07]SAY: Molerat/ : Squeek
[00:29:07]SAY: Molerat/ : Squeek, i say
[00:29:07]SAY: Molerat/ : Squeek
[00:29:07]SAY: Molerat/ : Squeek, i say
[00:29:07]SAY: Molerat/ : Squeek!
[00:29:09]SAY: Molerat/ : Squeek
[00:29:09]SAY: Molerat/ : Squeek!
[00:29:09]SAY: Molerat/ : Squeek!
[00:29:09]SAY: Molerat/ : Squeek!
[00:29:09]SAY: Mutant/ : ARGH!
[00:29:09]SAY: Molerat/ : Squeek!
[00:29:09]SAY: Molerat/ : Squeek, i say
[00:29:09]SAY: Molerat/ : Squeek!
[00:29:11]SAY: Molerat/ : Squeek
[00:29:11]SAY: Molerat/ : Squeek!
[00:29:11]SAY: Molerat/ : Squeek!
[00:29:11]SAY: Molerat/ : Squeek
[00:29:11]SAY: Molerat/ : Squeek, i say
[00:29:11]SAY: Molerat/ : Squeek, i say
[00:29:11]SAY: Molerat/ : Squeek
[00:29:11]SAY: Molerat/ : Squeek!
[00:29:13]GAME: Radiation pulse with size (1, 4) and severity 40 in area Custodial Closet 
[00:29:14]SAY: Molerat/ : Squeek
[00:29:14]SAY: Molerat/ : Squeek!
[00:29:14]SAY: Molerat/ : Squeek!
[00:29:16]SAY: Mutant/ : HMPH!
[00:29:16]SAY: Mutant/ : GRRRRRR!
[00:29:16]SAY: Molerat/ : Squeek, i say
[00:29:16]SAY: Molerat/ : Squeek!
[00:29:18]SAY: Molerat/ : Squeek!
[00:29:18]SAY: Molerat/ : Squeek
[00:29:18]SAY: Molerat/ : Squeek
[00:29:18]SAY: Molerat/ : Squeek!
[00:29:18]SAY: Molerat/ : Squeek
[00:29:18]SAY: Molerat/ : Squeek
[00:29:18]SAY: Mutant/ : HMPH!
[00:29:18]SAY: Mutant/ : ARRRRR!
[00:29:20]SAY: Molerat/ : Squeek, i say
[00:29:20]SAY: Mutant/ : HMPH!
[00:29:21]SAY: Mutant/ : GRRRRRR!
[00:29:21]SAY: Molerat/ : Squeek!
[00:29:21]SAY: brahmin/ : Moo?
[00:29:22]GAME: Radiation pulse with size (1, 4) and severity 40 in area Custodial Closet 
[00:29:22]SAY: Molerat/ : Squeek
[00:29:22]SAY: Molerat/ : Squeek!
[00:29:23]SAY: Molerat/ : Squeek
[00:29:23]SAY: Molerat/ : Squeek
[00:29:23]SAY: Molerat/ : Squeek!
[00:29:23]SAY: Mutant/ : HMPH!
[00:29:23]SAY: Molerat/ : Squeek
[00:29:23]SAY: Mutant/ : GRRRRRR!
[00:29:23]SAY: Molerat/ : Squeek
[00:29:23]SAY: Mutant/ : ARRRRR!
[00:29:23]SAY: Molerat/ : Squeek!
[00:29:23]EMOTE: giant rad scorpion (730)/ : <B>The giant rad scorpion (730)</B> chitters
[00:29:23]SAY: Molerat/ : Squeek
[00:29:26]SAY: Mutant/ : HMPH!
[00:29:26]SAY: Molerat/ : Squeek!
[00:29:26]SAY: Molerat/ : Squeek
[00:29:26]SAY: Molerat/ : Squeek
[00:29:28]SAY: Molerat/ : Squeek
[00:29:28]SAY: Molerat/ : Squeek
[00:29:28]SAY: Molerat/ : Squeek!
[00:29:28]SAY: Molerat/ : Squeek!
[00:29:28]SAY: Molerat/ : Squeek
[00:29:28]SAY: Mutant/ : NNNNNGH!
[00:29:28]SAY: Molerat/ : Squeek
[00:29:28]SAY: Molerat/ : Squeek
[00:29:28]SAY: Molerat/ : Squeek
[00:29:28]SAY: Molerat/ : Squeek
[00:29:29]GAME: Radiation pulse with size (1, 4) and severity 40 in area Custodial Closet 
[00:29:30]SAY: Molerat/ : Squeek!
[00:29:30]SAY: Molerat/ : Squeek
[00:29:30]SAY: Molerat/ : Squeek
[00:29:30]SAY: Molerat/ : Squeek!
[00:29:30]SAY: Molerat/ : Squeek!
[00:29:30]SAY: Molerat/ : Squeek!
[00:29:30]SAY: Molerat/ : Squeek!
[00:29:30]SAY: Molerat/ : Squeek
[00:29:30]EMOTE: giant rad scorpion (730)/ : <B>The giant rad scorpion (730)</B> chitters
[00:29:32]SAY: Molerat/ : Squeek
[00:29:32]SAY: Molerat/ : Squeek
[00:29:32]SAY: Molerat/ : Squeek
[00:29:32]SAY: Molerat/ : Squeek!
[00:29:32]SAY: Molerat/ : Squeek!
[00:29:32]SAY: Molerat/ : Squeek
[00:29:32]SAY: Molerat/ : Squeek
[00:29:32]SAY: Molerat/ : Squeek!
[00:29:32]SAY: Molerat/ : Squeek
[00:29:32]SAY: Molerat/ : Squeek
[00:29:32]SAY: Molerat/ : Squeek
[00:29:32]SAY: Molerat/ : Squeek, i say
[00:29:32]SAY: Molerat/ : Squeek
[00:29:34]SAY: Molerat/ : Squeek
[00:29:34]SAY: Molerat/ : Squeek!
[00:29:34]SAY: Molerat/ : Squeek, i say
[00:29:34]SAY: Molerat/ : Squeek!
[00:29:34]SAY: Molerat/ : Squeek
[00:29:34]SAY: Molerat/ : Squeek, i say
[00:29:34]SAY: Molerat/ : Squeek, i say
[00:29:35]GAME: Radiation pulse with size (1, 4) and severity 40 in area Custodial Closet 
[00:29:37]SAY: Molerat/ : Squeek!
[00:29:37]SAY: Molerat/ : Squeek
[00:29:37]SAY: Molerat/ : Squeek
[00:29:37]SAY: Molerat/ : Squeek
[00:29:37]SAY: Molerat/ : Squeek!
[00:29:37]SAY: Molerat/ : Squeek!
[00:29:37]SAY: Mutant/ : HMPH!
[00:29:37]SAY: Molerat/ : Squeek
[00:29:37]SAY: Molerat/ : Squeek!
[00:29:39]SAY: Molerat/ : Squeek
[00:29:39]SAY: Molerat/ : Squeek
[00:29:39]SAY: Molerat/ : Squeek!
[00:29:39]SAY: Molerat/ : Squeek
[00:29:39]SAY: Molerat/ : Squeek!
[00:29:39]SAY: Molerat/ : Squeek, i say
[00:29:39]SAY: Mutant/ : ARGH!
[00:29:39]SAY: Molerat/ : Squeek, i say
[00:29:39]SAY: Molerat/ : Squeek, i say
[00:29:41]SAY: Molerat/ : Squeek!
[00:29:41]SAY: Molerat/ : Squeek, i say
[00:29:41]SAY: Molerat/ : Squeek
[00:29:41]SAY: Molerat/ : Squeek
[00:29:41]SAY: Molerat/ : Squeek!
[00:29:41]SAY: Mutant/ : ARRRRR!
[00:29:41]SAY: Molerat/ : Squeek, i say
[00:29:41]SAY: Molerat/ : Squeek
[00:29:41]SAY: Molerat/ : Squeek
[00:29:43]GAME: Radiation pulse with size (1, 4) and severity 40 in area Custodial Closet 
[00:29:43]SAY: Molerat/ : Squeek!
[00:29:43]SAY: Molerat/ : Squeek!
[00:29:43]SAY: Molerat/ : Squeek
[00:29:43]SAY: Molerat/ : Squeek!
[00:29:43]SAY: Molerat/ : Squeek!
[00:29:43]SAY: Molerat/ : Squeek
[00:29:43]SAY: Mutant/ : ARRRRR!
[00:29:43]SAY: Mutant/ : ARRRRR!
[00:29:44]SAY: Molerat/ : Squeek
[00:29:44]SAY: Mutant/ : HMPH!
[00:29:44]SAY: Molerat/ : Squeek
[00:29:46]SAY: Molerat/ : Squeek
[00:29:46]SAY: Molerat/ : Squeek
[00:29:46]SAY: Molerat/ : Squeek!
[00:29:46]SAY: Molerat/ : Squeek
[00:29:46]SAY: Molerat/ : Squeek
[00:29:46]SAY: Molerat/ : Squeek!
[00:29:46]SAY: Mutant/ : NNNNNGH!
[00:29:46]SAY: Molerat/ : Squeek!
[00:29:47]ACCESS: Logout: PahomLancer[DC]/(Griffin Whiteman)
