

Starting up. 00:12.07
---------------------
[00:14:21]ATTACK: giant rad scorpion (730) attacked Default Cyborg-851  (NEWHP: 100)(40,159,1)
[00:14:24]ATTACK: giant rad scorpion (730) attacked Default Cyborg-851  (NEWHP: 80)(40,159,1)
[00:14:26]ATTACK: giant rad scorpion (730) attacked Default Cyborg-851  (NEWHP: 65)(40,159,1)
[00:14:29]ATTACK: giant rad scorpion (730) attacked Default Cyborg-851  (NEWHP: 46)(40,159,1)
[00:14:31]ATTACK: giant rad scorpion (730) attacked Default Cyborg-851  (NEWHP: 27)(40,159,1)
[00:14:34]ATTACK: giant rad scorpion (730) attacked Default Cyborg-851  (NEWHP: 11)(40,159,1)
[00:14:36]ATTACK: giant rad scorpion (730) attacked Default Cyborg-851  (NEWHP: -5)(40,159,1)
[00:14:39]ATTACK: giant rad scorpion (730) attacked Default Cyborg-851  (NEWHP: -23)(40,159,1)
[00:14:41]ATTACK: giant rad scorpion (730) attacked Default Cyborg-851  (NEWHP: -39)(40,159,1)
[00:14:44]ATTACK: giant rad scorpion (730) attacked Default Cyborg-851  (NEWHP: -58)(40,159,1)
[00:14:46]ATTACK: giant rad scorpion (730) attacked Default Cyborg-851  (NEWHP: -75)(40,159,1)
[00:14:48]ATTACK: giant rad scorpion (730) attacked Default Cyborg-851  (NEWHP: -90)(40,159,1)
[00:17:22]ATTACK: Griffin Whiteman(pahomlancer) attacked Gekkon with Machete(INTENT: HELP) (DAMTYPE: BRUTE) (NEWHP: 25)(137,49,1)
[00:17:22]ATTACK: Gekkon attacked Griffin Whiteman(pahomlancer)  (NEWHP: 91.8333)(137,48,1)
[00:17:23]ATTACK: Griffin Whiteman(pahomlancer) attacked Gekkon with Machete(INTENT: HELP) (DAMTYPE: BRUTE) (NEWHP: 0)(137,49,1)
[00:17:29]ATTACK: Gekkon attacked Raider  (NEWHP: 100)(147,89,1)
[00:17:29]ATTACK: Raider attacked Gekkon  (NEWHP: 60)(146,88,1)
[00:17:31]ATTACK: Griffin Whiteman(pahomlancer) attacked Gekkon with Machete(INTENT: HELP) (DAMTYPE: BRUTE) (NEWHP: 25)(133,72,1)
[00:17:32]ATTACK: Gekkon attacked Griffin Whiteman(pahomlancer)  (NEWHP: 91.8333)(133,73,1)
[00:17:32]ATTACK: Gekkon attacked Raider  (NEWHP: 88)(155,97,1)
[00:17:32]ATTACK: Raider attacked Gekkon  (NEWHP: 35)(154,96,1)
[00:17:32]ATTACK: Griffin Whiteman(pahomlancer) attacked Gekkon with Machete(INTENT: HELP) (DAMTYPE: BRUTE) (NEWHP: 0)(133,72,1)
[00:17:34]ATTACK: Gekkon attacked Raider  (NEWHP: 74)(163,99,1)
[00:17:34]ATTACK: Raider attacked Gekkon  (NEWHP: 10)(162,99,1)
[00:17:42]ATTACK: venus human trap attacked venus human trap  (NEWHP: 75)(173,164,1)
[00:17:45]ATTACK: venus human trap attacked venus human trap  (NEWHP: 50)(174,164,1)
[00:17:47]ATTACK: venus human trap attacked venus human trap  (NEWHP: 25)(175,164,1)


Starting up. 00:25.51
---------------------
[00:27:32]ATTACK: giant rad scorpion (730) attacked Default Cyborg-333  (NEWHP: 100)(40,159,1)
[00:27:34]ATTACK: giant rad scorpion (730) attacked Default Cyborg-333  (NEWHP: 84)(40,159,1)
[00:27:37]ATTACK: giant rad scorpion (730) attacked Default Cyborg-333  (NEWHP: 67)(40,159,1)
[00:27:39]ATTACK: giant rad scorpion (730) attacked Default Cyborg-333  (NEWHP: 50)(40,159,1)
[00:27:42]ATTACK: giant rad scorpion (730) attacked Default Cyborg-333  (NEWHP: 31)(40,159,1)
[00:27:44]ATTACK: giant rad scorpion (730) attacked Default Cyborg-333  (NEWHP: 11)(40,159,1)
[00:27:47]ATTACK: giant rad scorpion (730) attacked Default Cyborg-333  (NEWHP: -7)(40,159,1)
[00:27:49]ATTACK: giant rad scorpion (730) attacked Default Cyborg-333  (NEWHP: -22)(40,159,1)
[00:27:51]ATTACK: giant rad scorpion (730) attacked Default Cyborg-333  (NEWHP: -37)(40,159,1)
[00:27:54]ATTACK: giant rad scorpion (730) attacked Default Cyborg-333  (NEWHP: -55)(40,159,1)
[00:27:56]ATTACK: giant rad scorpion (730) attacked Default Cyborg-333  (NEWHP: -74)(40,159,1)
[00:28:00]ATTACK: giant rad scorpion (730) attacked Default Cyborg-333  (NEWHP: -93)(40,159,1)
[00:28:30]ATTACK: Gekkon attacked Griffin Whiteman(pahomlancer)  (NEWHP: 100)(73,96,1)
[00:28:31]ATTACK: Griffin Whiteman(pahomlancer) attacked Gekkon with Machete(INTENT: HELP) (DAMTYPE: BRUTE) (NEWHP: 25)(74,95,1)
[00:28:32]ATTACK: Griffin Whiteman(pahomlancer) attacked Gekkon with Machete(INTENT: HELP) (DAMTYPE: BRUTE) (NEWHP: 0)(74,95,1)
[00:28:33]ATTACK: Gekkon attacked Griffin Whiteman(pahomlancer)  (NEWHP: 100)(75,96,1)
[00:28:33]ATTACK: Gekkon attacked Griffin Whiteman(pahomlancer)  (NEWHP: 86)(75,96,1)
[00:28:33]ATTACK: Gekkon attacked Griffin Whiteman(pahomlancer)  (NEWHP: 81.6)(75,96,1)
[00:28:34]ATTACK: Griffin Whiteman(pahomlancer) attacked Gekkon with Machete(INTENT: HELP) (DAMTYPE: BRUTE) (NEWHP: 25)(75,95,1)
[00:28:35]ATTACK: Gekkon attacked Griffin Whiteman(pahomlancer)  (NEWHP: 75.6)(75,96,1)
[00:28:35]ATTACK: Gekkon attacked Griffin Whiteman(pahomlancer)  (NEWHP: 64.6)(75,96,1)
[00:28:35]ATTACK: Gekkon attacked Griffin Whiteman(pahomlancer)  (NEWHP: 60.2)(75,96,1)
[00:28:35]ATTACK: Griffin Whiteman(pahomlancer) attacked Gekkon with Machete(INTENT: HELP) (DAMTYPE: BRUTE) (NEWHP: 0)(75,95,1)
[00:28:36]ATTACK: Griffin Whiteman(pahomlancer) attacked Gekkon with Machete(INTENT: HELP) (DAMTYPE: BRUTE) (NEWHP: 25)(74,96,1)
[00:28:37]ATTACK: Griffin Whiteman(pahomlancer) attacked Gekkon with Machete(INTENT: HELP) (DAMTYPE: BRUTE) (NEWHP: 0)(74,96,1)
[00:28:37]ATTACK: Gekkon attacked Griffin Whiteman(pahomlancer)  (NEWHP: 60.2)(75,96,1)
[00:28:39]ATTACK: Griffin Whiteman(pahomlancer) attacked Gekkon with Machete(INTENT: HELP) (DAMTYPE: BRUTE) (NEWHP: 25)(74,95,1)
[00:28:39]ATTACK: Gekkon attacked Griffin Whiteman(pahomlancer)  (NEWHP: 46.2)(75,96,1)
[00:28:41]ATTACK: Griffin Whiteman(pahomlancer) attacked Gekkon with Machete(INTENT: HELP) (DAMTYPE: BRUTE) (NEWHP: 0)(74,95,1)
[00:28:44]ATTACK: Gekkon attacked Griffin Whiteman(pahomlancer)  (NEWHP: 42.2)(79,96,1)
[00:28:44]ATTACK: Gekkon attacked Griffin Whiteman(pahomlancer)  (NEWHP: 28.2)(79,96,1)
[00:28:44]ATTACK: Griffin Whiteman(pahomlancer) attacked Gekkon with Machete(INTENT: HELP) (DAMTYPE: BRUTE) (NEWHP: 25)(80,96,1)
[00:28:45]ATTACK: Griffin Whiteman(pahomlancer) attacked Gekkon with Machete(INTENT: HELP) (DAMTYPE: BRUTE) (NEWHP: 0)(80,96,1)
[00:28:46]ATTACK: Griffin Whiteman(pahomlancer) attacked Gekkon with Machete(INTENT: HELP) (DAMTYPE: BRUTE) (NEWHP: 25)(79,97,1)
[00:28:46]ATTACK: Gekkon attacked Griffin Whiteman(pahomlancer)  (NEWHP: 28.2)(79,96,1)
[00:28:47]ATTACK: Griffin Whiteman(pahomlancer) attacked Gekkon with Machete(INTENT: HELP) (DAMTYPE: BRUTE) (NEWHP: 0)(79,97,1)
[00:28:52]ATTACK: Griffin Whiteman(pahomlancer) fed Griffin Whiteman(pahomlancer) with styptic_powder(15 units); silver_sulfadiazine(15 units); space_drugs(5 units);  (NEWHP: 23.8)(82,96,1)
[00:28:58]ATTACK: Griffin Whiteman(pahomlancer) fed Griffin Whiteman(pahomlancer) with styptic_powder(15 units); silver_sulfadiazine(15 units); space_drugs(5 units);  (NEWHP: 44.8)(84,96,1)
[00:29:00]ATTACK: Griffin Whiteman(pahomlancer) fed Griffin Whiteman(pahomlancer) with styptic_powder(15 units); silver_sulfadiazine(15 units); space_drugs(5 units);  (NEWHP: 59.8)(88,96,1)
[00:29:03]ATTACK: Griffin Whiteman(pahomlancer) fed Griffin Whiteman(pahomlancer) with styptic_powder(15 units); silver_sulfadiazine(15 units); space_drugs(5 units);  (NEWHP: 78.8)(101,96,1)
[00:29:05]ATTACK: Gekkon attacked Griffin Whiteman(pahomlancer)  (NEWHP: 93.8)(108,96,1)
[00:29:06]ATTACK: Griffin Whiteman(pahomlancer) attacked Gekkon with Machete(INTENT: HELP) (DAMTYPE: BRUTE) (NEWHP: 25)(109,96,1)
[00:29:07]ATTACK: Griffin Whiteman(pahomlancer) attacked Gekkon with Machete(INTENT: HELP) (DAMTYPE: BRUTE) (NEWHP: 0)(109,96,1)
[00:29:11]ATTACK: Gekkon attacked Griffin Whiteman(pahomlancer)  (NEWHP: 94.2)(122,96,1)
[00:29:13]ATTACK: Griffin Whiteman(pahomlancer) attacked Gekkon with Machete(INTENT: HELP) (DAMTYPE: BRUTE) (NEWHP: 25)(123,97,1)
[00:29:14]ATTACK: Griffin Whiteman(pahomlancer) attacked Gekkon with Machete(INTENT: HELP) (DAMTYPE: BRUTE) (NEWHP: 0)(123,97,1)
[00:29:19]ATTACK: Raider shot Raider with the pellet (NEWHP: 80)(153,98,1)
[00:29:19]ATTACK: Raider shot Griffin Whiteman(pahomlancer) with the pellet (NEWHP: 98.2)(147,96,1)
[00:29:20]ATTACK: Griffin Whiteman(pahomlancer) attacked Raider with Machete(INTENT: HELP) (DAMTYPE: BRUTE) (NEWHP: 65)(152,96,1)
[00:29:20]ATTACK: Raider attacked Griffin Whiteman(pahomlancer)  (NEWHP: 98.2)(151,96,1)
[00:29:21]ATTACK: Raider attacked Griffin Whiteman(pahomlancer)  (NEWHP: 68.2)(151,96,1)
[00:29:26]ATTACK: Raider shot Griffin Whiteman(pahomlancer) with the pellet (NEWHP: 49.2)(156,100,1)
[00:29:32]ATTACK: Raider shot Raider with the pellet (NEWHP: 60)(159,98,1)
[00:29:32]ATTACK: Raider shot Raider with the pellet (NEWHP: 40)(159,98,1)
[00:29:32]ATTACK: Raider shot Raider with the pellet (NEWHP: 20)(159,98,1)
[00:29:32]ATTACK: Raider shot Alyssa Bode with the pellet (NEWHP: 100)(159,98,1)
[00:29:32]ATTACK: Raider shot Alyssa Bode with the pellet (NEWHP: 100)(159,98,1)
[00:29:43]ATTACK: Griffin Whiteman(pahomlancer) attacked Griffin Whiteman(pahomlancer) with Machete(INTENT: HELP) (DAMTYPE: BRUTE) (NEWHP: 42.6167)(155,104,1)
[00:29:44]ATTACK: Griffin Whiteman(pahomlancer) attacked Griffin Whiteman(pahomlancer) with Machete(INTENT: HELP) (DAMTYPE: BRUTE) (NEWHP: 32.6167)(155,104,1)
[00:29:45]ATTACK: Griffin Whiteman(pahomlancer) attacked Griffin Whiteman(pahomlancer) with Machete(INTENT: HELP) (DAMTYPE: BRUTE) (NEWHP: 4.61667)(155,104,1)
